TN:
SF:https:/www.guinness.diageo.site/_next/static/chunks/125-c5c9527423e2635b.js
FN:1,3644
FN:1,get
FN:1,Array.flat.Array.flat
FN:1,Array.flat.Array.flatMap
FN:1,Promise.finally.Promise.finally
FN:1,Object.fromEntries.Object.fromEntries
FN:1,2409
FN:1,get
FN:1,o
FN:1,930
FN:1,r
FN:1,r
FN:1,get
FN:1,303
FN:1,get
FN:1,u
FN:1,3426
FN:1,get
FN:1,window.console.error
FN:1,_
FN:1,self.__next_chunk_load__
FN:1,O
FN:1,S
FN:1,j
FN:1,M
FN:1,start
FN:1,A
FN:1,x
FN:1,N
FN:1,3333
FN:1,1002
FN:1,get
FN:1,l
FN:1,4852
FN:1,RSC
FN:1,RSC
FN:1,ACTION
FN:1,NEXT_ROUTER_STATE_TREE
FN:1,NEXT_ROUTER_PREFETCH
FN:1,NEXT_URL
FN:1,FETCH_CACHE_HEADER
FN:1,RSC_CONTENT_TYPE_HEADER
FN:1,RSC_VARY_HEADER
FN:1,FLIGHT_PARAMETERS
FN:1,NEXT_RSC_UNION_QUERY
FN:1,2353
FN:1,getServerActionDispatcher
FN:1,getServerActionDispatcher
FN:1,urlToUrlWithoutFlightMarker
FN:1,default
FN:1,E
FN:1,R
FN:1,S
FN:1,j
FN:1,T
FN:1,w
FN:1,back
FN:1,forward
FN:1,prefetch
FN:1,replace
FN:1,push
FN:1,refresh
FN:1,fastRefresh
FN:1,M
FN:1,259
FN:1,n
FN:1,get
FN:1,7330
FN:1,ErrorBoundaryHandler
FN:1,ErrorBoundaryHandler
FN:1,default
FN:1,ErrorBoundary
FN:1,getDerivedStateFromError
FN:1,getDerivedStateFromProps
FN:1,render
FN:1,a
FN:1,reset
FN:1,i
FN:1,c
FN:1,7308
FN:1,DYNAMIC_ERROR_CODE
FN:1,DYNAMIC_ERROR_CODE
FN:1,DynamicServerError
FN:1,n
FN:1,5238
FN:1,n
FN:1,get
FN:1,5080
FN:1,get
FN:1,o
FN:1,9180
FN:1,get
FN:1,v
FN:1,componentDidMount
FN:1,componentDidUpdate
FN:1,render
FN:1,m
FN:1,handlePotentialScroll
FN:1,dontForceLayout
FN:1,g
FN:1,O
FN:1,e
FN:1,P
FN:1,E
FN:1,655
FN:1,matchSegment
FN:1,matchSegment
FN:1,canSegmentBeOverridden
FN:1,u
FN:1,o
FN:1,4000
FN:1,ReadonlyURLSearchParams
FN:1,ReadonlyURLSearchParams
FN:1,useSearchParams
FN:1,usePathname
FN:1,ServerInsertedHTMLContext
FN:1,useServerInsertedHTML
FN:1,useRouter
FN:1,useParams
FN:1,useSelectedLayoutSegments
FN:1,useSelectedLayoutSegment
FN:1,redirect
FN:1,notFound
FN:1,d
FN:1,append
FN:1,delete
FN:1,set
FN:1,sort
FN:1,p
FN:1,h
FN:1,_
FN:1,y
FN:1,b
FN:1,v
FN:1,m
FN:1,2484
FN:1,get
FN:1,getDerivedStateFromError
FN:1,getDerivedStateFromProps
FN:1,render
FN:1,l
FN:1,a
FN:1,2951
FN:1,notFound
FN:1,notFound
FN:1,isNotFoundError
FN:1,n
FN:1,u
FN:1,2418
FN:1,RedirectErrorBoundary
FN:1,RedirectErrorBoundary
FN:1,RedirectBoundary
FN:1,a
FN:1,getDerivedStateFromError
FN:1,render
FN:1,reset
FN:1,i
FN:1,c
FN:1,4024
FN:1,RedirectType
FN:1,RedirectType
FN:1,getRedirectError
FN:1,redirect
FN:1,isRedirectError
FN:1,getURLFromRedirectError
FN:1,getRedirectTypeFromError
FN:1,a
FN:1,i
FN:1,c
FN:1,s
FN:1,f
FN:1,2306
FN:1,get
FN:1,l
FN:1,8654
FN:1,get
FN:1,l
FN:1,6031
FN:1,get
FN:1,u
FN:1,1781
FN:1,extractPathFromFlightRouterState
FN:1,extractPathFromFlightRouterState
FN:1,computeChangedPath
FN:1,o
FN:1,l
FN:1,a
FN:1,i
FN:1,8744
FN:1,r
FN:1,get
FN:1,9343
FN:1,get
FN:1,a
FN:1,6486
FN:1,get
FN:1,7718
FN:1,r
FN:1,e.then.e.status.e.status
FN:1,get
FN:1,9101
FN:1,r
FN:1,get
FN:1,2368
FN:1,get
FN:1,c
FN:1,s
FN:1,155
FN:1,get
FN:1,3033
FN:1,get
FN:1,743
FN:1,get
FN:1,e
FN:1,9231
FN:1,u
FN:1,PrefetchCacheEntryStatus
FN:1,PrefetchCacheEntryStatus
FN:1,getPrefetchEntryCacheStatus
FN:1,4129
FN:1,get
FN:1,u
FN:1,4773
FN:1,get
FN:1,8179
FN:1,get
FN:1,u
FN:1,8999
FN:1,get
FN:1,168
FN:1,r
FN:1,get
FN:1,9210
FN:1,get
FN:1,n
FN:1,8792
FN:1,get
FN:1,e
FN:1,5143
FN:1,r
FN:1,get
FN:1,6664
FN:1,handleExternalUrl
FN:1,handleExternalUrl
FN:1,navigateReducer
FN:1,m
FN:1,g
FN:1,O
FN:1,2763
FN:1,get
FN:1,c
FN:1,2268
FN:1,get
FN:1,u
FN:1,9901
FN:1,get
FN:1,p
FN:1,4520
FN:1,get
FN:1,u
FN:1,7366
FN:1,get
FN:1,d
FN:1,p
FN:1,7519
FN:1,get
FN:1,c
FN:1,4741
FN:1,PrefetchKind
FN:1,PrefetchKind
FN:1,ACTION_REFRESH
FN:1,ACTION_NAVIGATE
FN:1,ACTION_RESTORE
FN:1,ACTION_SERVER_PATCH
FN:1,ACTION_PREFETCH
FN:1,ACTION_FAST_REFRESH
FN:1,ACTION_SERVER_ACTION
FN:1,5426
FN:1,get
FN:1,f
FN:1,4712
FN:1,get
FN:1,8323
FN:1,get
FN:1,u
FN:1,2620
FN:1,get
FN:1,o
FN:1,l
FN:1,8531
FN:1,get
FN:1,l
FN:1,8688
FN:1,get
FN:1,u
FN:1,o
FN:1,5588
FN:1,get
FN:1,o
FN:1,9214
FN:1,get
FN:1,u
FN:1,5456
FN:1,CacheStates
FN:1,CacheStates
FN:1,AppRouterContext
FN:1,LayoutRouterContext
FN:1,GlobalLayoutRouterContext
FN:1,TemplateContext
FN:1,7279
FN:1,r
FN:1,n
FN:1,djb2Hash
FN:1,djb2Hash
FN:1,hexHash
FN:1,7268
FN:1,get
FN:1,6173
FN:1,SearchParamsContext
FN:1,SearchParamsContext
FN:1,PathnameContext
FN:1,8687
FN:1,get
FN:1,9130
FN:1,r
FN:1,get
FN:1,150
FN:1,get
FN:1,u
FN:1,4241
FN:1,normalizeAppPath
FN:1,normalizeAppPath
FN:1,normalizeRscPath
FN:1,u
FN:1,o
FN:1,2998
FN:1,r
FN:1,get
FN:1,753
FN:1,r
FN:1,get
FN:1,4035
FN:1,r
FN:1,get
FN:1,1402
FN:1,r
FN:1,get
FN:1,3476
FN:1,ServerInsertedHTMLContext
FN:1,ServerInsertedHTMLContext
FN:1,useServerInsertedHTML
FN:1,l
FN:1,5862
FN:1,get
FN:1,disable
FN:1,getStore
FN:1,run
FN:1,exit
FN:1,enterWith
FN:1,o
FN:1,4437
FN:1,get
FN:1,94
FN:1,get
FN:1,107
FN:1,2774
FN:1,e
FN:1,7638
FN:9,isMounted
FN:9,enqueueForceUpdate
FN:9,enqueueReplaceState
FN:9,enqueueSetState
FN:9,E
FN:9,R
FN:9,S
FN:9,E.setState
FN:9,E.forceUpdate
FN:9,A
FN:9,x
FN:9,I
FN:9,D
FN:9,e
FN:9,k
FN:9,e._status.e._status
FN:9,U
FN:9,L
FN:9,forEach
FN:9,count
FN:9,toArray
FN:9,only
FN:9,t.cache
FN:9,t.cloneElement
FN:9,t.createContext
FN:9,t.createFactory
FN:9,t.createRef
FN:9,t.createServerContext
FN:9,t.experimental_useEffectEvent
FN:9,t.experimental_useOptimistic
FN:9,t.forwardRef
FN:9,t.lazy
FN:9,t.memo
FN:9,t.startTransition
FN:9,t.unstable_act
FN:9,t.unstable_getCacheForType
FN:9,t.unstable_getCacheSignal
FN:9,t.unstable_useCacheRefresh
FN:9,t.unstable_useMemoCache
FN:9,t.use
FN:9,t.useCallback
FN:9,t.useContext
FN:9,t.useDebugValue
FN:9,t.useDeferredValue
FN:9,t.useEffect
FN:9,t.useId
FN:9,t.useImperativeHandle
FN:9,t.useInsertionEffect
FN:9,t.useLayoutEffect
FN:9,t.useMemo
FN:9,t.useReducer
FN:9,t.useRef
FN:9,t.useState
FN:9,t.useSyncExternalStore
FN:9,t.useTransition
FN:9,2310
FN:9,816
FN:17,a
FN:17,i
FN:17,b
FN:17,v
FN:17,m
FN:17,g
FN:17,O
FN:17,P
FN:17,b.then
FN:17,S
FN:17,j
FN:17,T
FN:17,w
FN:17,M
FN:17,C
FN:17,A
FN:17,A._fromJSON
FN:17,x
FN:17,N
FN:17,I
FN:17,D
FN:17,r
FN:17,t
FN:17,t.createFromFetch
FN:17,t.createFromReadableStream
FN:17,t.createServerReference
FN:17,t.encodeReply
FN:17,4463
FN:17,8726
FN:17,7776
FN:25,r
FN:25,n
FN:25,u
FN:25,o
FN:25,t.unstable_now
FN:25,t.unstable_now
FN:25,O
FN:25,P
FN:25,E
FN:25,M
FN:25,C
FN:25,l
FN:25,l
FN:25,l
FN:25,N
FN:25,I
FN:25,t.unstable_cancelCallback
FN:25,t.unstable_continueExecution
FN:25,t.unstable_forceFrameRate
FN:25,t.unstable_getCurrentPriorityLevel
FN:25,t.unstable_getFirstCallbackNode
FN:25,t.unstable_next
FN:25,t.unstable_pauseExecution
FN:25,t.unstable_requestPaint
FN:25,t.unstable_runWithPriority
FN:25,t.unstable_scheduleCallback
FN:25,t.unstable_wrapCallback
FN:25,7715
FN:25,4778
FN:25,get
FN:25,u
FN:25,7399
FN:25,INTERCEPTION_ROUTE_MARKERS
FN:25,INTERCEPTION_ROUTE_MARKERS
FN:25,isInterceptionRouteAppPath
FN:25,extractInterceptionRouteInformation
FN:25,o
FN:25,l
FN:25,6927
FN:25,n
FN:25,_
FN:25,_interop_require_default
FN:25,5909
FN:25,n
FN:25,n
FN:25,u
FN:25,_
FN:25,_interop_require_wildcard
FNF:503
FNH:299
FNDA:1,3644
FNDA:0,get
FNDA:0,Array.flat.Array.flat
FNDA:0,Array.flat.Array.flatMap
FNDA:0,Promise.finally.Promise.finally
FNDA:0,Object.fromEntries.Object.fromEntries
FNDA:1,2409
FNDA:53,get
FNDA:53,o
FNDA:1,930
FNDA:1,r
FNDA:1,r
FNDA:1,get
FNDA:1,303
FNDA:2,get
FNDA:0,u
FNDA:1,3426
FNDA:1,get
FNDA:0,window.console.error
FNDA:3,_
FNDA:8,self.__next_chunk_load__
FNDA:2,O
FNDA:24,S
FNDA:1,j
FNDA:3,M
FNDA:1,start
FNDA:2,A
FNDA:2,x
FNDA:1,N
FNDA:1,3333
FNDA:1,1002
FNDA:3,get
FNDA:2,l
FNDA:1,4852
FNDA:1,RSC
FNDA:1,RSC
FNDA:0,ACTION
FNDA:2,NEXT_ROUTER_STATE_TREE
FNDA:2,NEXT_ROUTER_PREFETCH
FNDA:1,NEXT_URL
FNDA:0,FETCH_CACHE_HEADER
FNDA:1,RSC_CONTENT_TYPE_HEADER
FNDA:0,RSC_VARY_HEADER
FNDA:0,FLIGHT_PARAMETERS
FNDA:3,NEXT_RSC_UNION_QUERY
FNDA:1,2353
FNDA:1,getServerActionDispatcher
FNDA:1,getServerActionDispatcher
FNDA:2,urlToUrlWithoutFlightMarker
FNDA:6,default
FNDA:0,E
FNDA:1,R
FNDA:1,S
FNDA:2,j
FNDA:0,T
FNDA:3,w
FNDA:0,back
FNDA:0,forward
FNDA:1,prefetch
FNDA:0,replace
FNDA:0,push
FNDA:0,refresh
FNDA:0,fastRefresh
FNDA:2,M
FNDA:1,259
FNDA:24,n
FNDA:24,get
FNDA:1,7330
FNDA:1,ErrorBoundaryHandler
FNDA:1,ErrorBoundaryHandler
FNDA:6,default
FNDA:1,ErrorBoundary
FNDA:0,getDerivedStateFromError
FNDA:2,getDerivedStateFromProps
FNDA:2,render
FNDA:2,a
FNDA:0,reset
FNDA:0,i
FNDA:8,c
FNDA:1,7308
FNDA:1,DYNAMIC_ERROR_CODE
FNDA:0,DYNAMIC_ERROR_CODE
FNDA:0,DynamicServerError
FNDA:0,n
FNDA:1,5238
FNDA:0,n
FNDA:0,get
FNDA:1,5080
FNDA:0,get
FNDA:0,o
FNDA:1,9180
FNDA:6,get
FNDA:0,v
FNDA:4,componentDidMount
FNDA:0,componentDidUpdate
FNDA:6,render
FNDA:6,m
FNDA:4,handlePotentialScroll
FNDA:0,dontForceLayout
FNDA:6,g
FNDA:6,O
FNDA:0,e
FNDA:6,P
FNDA:6,E
FNDA:1,655
FNDA:1,matchSegment
FNDA:6,matchSegment
FNDA:0,canSegmentBeOverridden
FNDA:6,u
FNDA:0,o
FNDA:1,4000
FNDA:1,ReadonlyURLSearchParams
FNDA:0,ReadonlyURLSearchParams
FNDA:0,useSearchParams
FNDA:16,usePathname
FNDA:0,ServerInsertedHTMLContext
FNDA:0,useServerInsertedHTML
FNDA:8,useRouter
FNDA:0,useParams
FNDA:0,useSelectedLayoutSegments
FNDA:0,useSelectedLayoutSegment
FNDA:0,redirect
FNDA:0,notFound
FNDA:0,d
FNDA:0,append
FNDA:0,delete
FNDA:0,set
FNDA:0,sort
FNDA:0,p
FNDA:0,h
FNDA:16,_
FNDA:8,y
FNDA:0,b
FNDA:0,v
FNDA:0,m
FNDA:1,2484
FNDA:9,get
FNDA:0,getDerivedStateFromError
FNDA:1,getDerivedStateFromProps
FNDA:1,render
FNDA:1,l
FNDA:8,a
FNDA:1,2951
FNDA:1,notFound
FNDA:0,notFound
FNDA:0,isNotFoundError
FNDA:0,n
FNDA:0,u
FNDA:1,2418
FNDA:1,RedirectErrorBoundary
FNDA:0,RedirectErrorBoundary
FNDA:9,RedirectBoundary
FNDA:0,a
FNDA:0,getDerivedStateFromError
FNDA:8,render
FNDA:0,reset
FNDA:8,i
FNDA:8,c
FNDA:1,4024
FNDA:1,RedirectType
FNDA:0,RedirectType
FNDA:0,getRedirectError
FNDA:0,redirect
FNDA:0,isRedirectError
FNDA:0,getURLFromRedirectError
FNDA:0,getRedirectTypeFromError
FNDA:0,a
FNDA:0,i
FNDA:0,c
FNDA:0,s
FNDA:0,f
FNDA:1,2306
FNDA:6,get
FNDA:6,l
FNDA:1,8654
FNDA:0,get
FNDA:0,l
FNDA:1,6031
FNDA:0,get
FNDA:0,u
FNDA:1,1781
FNDA:1,extractPathFromFlightRouterState
FNDA:2,extractPathFromFlightRouterState
FNDA:0,computeChangedPath
FNDA:0,o
FNDA:8,l
FNDA:10,a
FNDA:0,i
FNDA:1,8744
FNDA:3,r
FNDA:3,get
FNDA:1,9343
FNDA:2,get
FNDA:2,a
FNDA:1,6486
FNDA:0,get
FNDA:1,7718
FNDA:1,r
FNDA:1,e.then.e.status.e.status
FNDA:1,get
FNDA:1,9101
FNDA:24,r
FNDA:24,get
FNDA:1,2368
FNDA:1,get
FNDA:0,c
FNDA:1,s
FNDA:1,155
FNDA:0,get
FNDA:1,3033
FNDA:0,get
FNDA:1,743
FNDA:1,get
FNDA:5,e
FNDA:1,9231
FNDA:0,u
FNDA:1,PrefetchCacheEntryStatus
FNDA:0,PrefetchCacheEntryStatus
FNDA:0,getPrefetchEntryCacheStatus
FNDA:1,4129
FNDA:0,get
FNDA:0,u
FNDA:1,4773
FNDA:0,get
FNDA:1,8179
FNDA:0,get
FNDA:0,u
FNDA:1,8999
FNDA:0,get
FNDA:1,168
FNDA:0,r
FNDA:0,get
FNDA:1,9210
FNDA:0,get
FNDA:0,n
FNDA:1,8792
FNDA:2,get
FNDA:10,e
FNDA:1,5143
FNDA:12,r
FNDA:12,get
FNDA:1,6664
FNDA:1,handleExternalUrl
FNDA:0,handleExternalUrl
FNDA:0,navigateReducer
FNDA:0,m
FNDA:0,g
FNDA:0,O
FNDA:1,2763
FNDA:1,get
FNDA:1,c
FNDA:1,2268
FNDA:1,get
FNDA:1,u
FNDA:1,9901
FNDA:0,get
FNDA:0,p
FNDA:1,4520
FNDA:0,get
FNDA:0,u
FNDA:1,7366
FNDA:0,get
FNDA:0,d
FNDA:0,p
FNDA:1,7519
FNDA:0,get
FNDA:0,c
FNDA:1,4741
FNDA:1,PrefetchKind
FNDA:55,PrefetchKind
FNDA:1,ACTION_REFRESH
FNDA:1,ACTION_NAVIGATE
FNDA:1,ACTION_RESTORE
FNDA:1,ACTION_SERVER_PATCH
FNDA:2,ACTION_PREFETCH
FNDA:1,ACTION_FAST_REFRESH
FNDA:0,ACTION_SERVER_ACTION
FNDA:1,5426
FNDA:3,get
FNDA:1,f
FNDA:1,4712
FNDA:0,get
FNDA:1,8323
FNDA:0,get
FNDA:0,u
FNDA:1,2620
FNDA:0,get
FNDA:0,o
FNDA:0,l
FNDA:1,8531
FNDA:6,get
FNDA:0,l
FNDA:1,8688
FNDA:3,get
FNDA:0,u
FNDA:3,o
FNDA:1,5588
FNDA:53,get
FNDA:53,o
FNDA:1,9214
FNDA:6,get
FNDA:0,u
FNDA:1,5456
FNDA:1,CacheStates
FNDA:22,CacheStates
FNDA:65,AppRouterContext
FNDA:15,LayoutRouterContext
FNDA:15,GlobalLayoutRouterContext
FNDA:12,TemplateContext
FNDA:1,7279
FNDA:1,r
FNDA:1,n
FNDA:1,djb2Hash
FNDA:0,djb2Hash
FNDA:1,hexHash
FNDA:1,7268
FNDA:2,get
FNDA:1,6173
FNDA:1,SearchParamsContext
FNDA:3,SearchParamsContext
FNDA:19,PathnameContext
FNDA:1,8687
FNDA:0,get
FNDA:1,9130
FNDA:0,r
FNDA:0,get
FNDA:1,150
FNDA:53,get
FNDA:53,u
FNDA:1,4241
FNDA:1,normalizeAppPath
FNDA:0,normalizeAppPath
FNDA:0,normalizeRscPath
FNDA:0,u
FNDA:0,o
FNDA:1,2998
FNDA:0,r
FNDA:0,get
FNDA:1,753
FNDA:1,r
FNDA:1,get
FNDA:1,4035
FNDA:53,r
FNDA:53,get
FNDA:1,1402
FNDA:53,r
FNDA:53,get
FNDA:1,3476
FNDA:1,ServerInsertedHTMLContext
FNDA:0,ServerInsertedHTMLContext
FNDA:0,useServerInsertedHTML
FNDA:0,l
FNDA:1,5862
FNDA:2,get
FNDA:0,disable
FNDA:0,getStore
FNDA:0,run
FNDA:0,exit
FNDA:0,enterWith
FNDA:2,o
FNDA:1,4437
FNDA:0,get
FNDA:1,94
FNDA:0,get
FNDA:1,107
FNDA:1,2774
FNDA:1,e
FNDA:1,7638
FNDA:0,isMounted
FNDA:0,enqueueForceUpdate
FNDA:0,enqueueReplaceState
FNDA:0,enqueueSetState
FNDA:17,E
FNDA:1,R
FNDA:0,S
FNDA:0,E.setState
FNDA:0,E.forceUpdate
FNDA:673,A
FNDA:21,x
FNDA:21,I
FNDA:3,D
FNDA:24,e
FNDA:4,k
FNDA:2,e._status.e._status
FNDA:0,U
FNDA:0,L
FNDA:0,forEach
FNDA:0,count
FNDA:3,toArray
FNDA:0,only
FNDA:0,t.cache
FNDA:63,t.cloneElement
FNDA:20,t.createContext
FNDA:0,t.createFactory
FNDA:0,t.createRef
FNDA:0,t.createServerContext
FNDA:0,t.experimental_useEffectEvent
FNDA:0,t.experimental_useOptimistic
FNDA:8,t.forwardRef
FNDA:4,t.lazy
FNDA:0,t.memo
FNDA:2,t.startTransition
FNDA:0,t.unstable_act
FNDA:0,t.unstable_getCacheForType
FNDA:0,t.unstable_getCacheSignal
FNDA:0,t.unstable_useCacheRefresh
FNDA:0,t.unstable_useMemoCache
FNDA:3,t.use
FNDA:332,t.useCallback
FNDA:254,t.useContext
FNDA:0,t.useDebugValue
FNDA:0,t.useDeferredValue
FNDA:381,t.useEffect
FNDA:0,t.useId
FNDA:0,t.useImperativeHandle
FNDA:2,t.useInsertionEffect
FNDA:289,t.useLayoutEffect
FNDA:171,t.useMemo
FNDA:3,t.useReducer
FNDA:635,t.useRef
FNDA:435,t.useState
FNDA:0,t.useSyncExternalStore
FNDA:0,t.useTransition
FNDA:1,2310
FNDA:1,816
FNDA:0,a
FNDA:0,i
FNDA:52,b
FNDA:107,v
FNDA:3,m
FNDA:3,g
FNDA:0,O
FNDA:8,P
FNDA:4,b.then
FNDA:17,S
FNDA:10,j
FNDA:2,T
FNDA:98,w
FNDA:0,M
FNDA:0,C
FNDA:2,A
FNDA:4494,A._fromJSON
FNDA:0,x
FNDA:0,N
FNDA:0,I
FNDA:2,D
FNDA:0,r
FNDA:26,t
FNDA:1,t.createFromFetch
FNDA:1,t.createFromReadableStream
FNDA:0,t.createServerReference
FNDA:0,t.encodeReply
FNDA:1,4463
FNDA:1,8726
FNDA:1,7776
FNDA:29,r
FNDA:156,n
FNDA:29,u
FNDA:31,o
FNDA:2190,t.unstable_now
FNDA:0,t.unstable_now
FNDA:61,O
FNDA:0,P
FNDA:24,E
FNDA:1820,M
FNDA:24,C
FNDA:0,l
FNDA:24,l
FNDA:0,l
FNDA:10,N
FNDA:0,I
FNDA:4,t.unstable_cancelCallback
FNDA:0,t.unstable_continueExecution
FNDA:0,t.unstable_forceFrameRate
FNDA:0,t.unstable_getCurrentPriorityLevel
FNDA:0,t.unstable_getFirstCallbackNode
FNDA:0,t.unstable_next
FNDA:0,t.unstable_pauseExecution
FNDA:16,t.unstable_requestPaint
FNDA:0,t.unstable_runWithPriority
FNDA:29,t.unstable_scheduleCallback
FNDA:0,t.unstable_wrapCallback
FNDA:1,7715
FNDA:1,4778
FNDA:0,get
FNDA:0,u
FNDA:1,7399
FNDA:1,INTERCEPTION_ROUTE_MARKERS
FNDA:10,INTERCEPTION_ROUTE_MARKERS
FNDA:0,isInterceptionRouteAppPath
FNDA:0,extractInterceptionRouteInformation
FNDA:0,o
FNDA:0,l
FNDA:1,6927
FNDA:19,n
FNDA:19,_
FNDA:0,_interop_require_default
FNDA:1,5909
FNDA:1,n
FNDA:10,n
FNDA:11,u
FNDA:11,_
FNDA:0,_interop_require_wildcard
DA:1,1
DA:2,1
DA:3,1
DA:4,1
DA:5,1
DA:6,1
DA:7,1
DA:8,1
DA:9,1
DA:10,1
DA:11,1
DA:12,1
DA:13,1
DA:14,1
DA:15,1
DA:16,1
DA:17,1
DA:18,1
DA:19,1
DA:20,1
DA:21,1
DA:22,1
DA:23,1
DA:24,1
DA:25,1
LF:25
LH:25
BRDA:1,0,0,1
BRDA:1,1,0,0
BRDA:1,2,0,1
BRDA:1,3,0,0
BRDA:1,4,0,0
BRDA:1,5,0,0
BRDA:1,6,0,0
BRDA:1,7,0,0
BRDA:1,8,0,0
BRDA:1,9,0,1
BRDA:1,10,0,0
BRDA:1,11,0,0
BRDA:1,12,0,53
BRDA:1,13,0,53
BRDA:1,14,0,1
BRDA:1,15,0,0
BRDA:1,16,0,0
BRDA:1,17,0,1
BRDA:1,18,0,0
BRDA:1,19,0,1
BRDA:1,20,0,1
BRDA:1,21,0,1
BRDA:1,22,0,0
BRDA:1,23,0,0
BRDA:1,24,0,2
BRDA:1,25,0,1
BRDA:1,26,0,0
BRDA:1,27,0,0
BRDA:1,28,0,0
BRDA:1,29,0,0
BRDA:1,30,0,1
BRDA:1,31,0,3
BRDA:1,32,0,6
BRDA:1,33,0,6
BRDA:1,34,0,1
BRDA:1,35,0,8
BRDA:1,36,0,0
BRDA:1,37,0,2
BRDA:1,38,0,24
BRDA:1,39,0,1
BRDA:1,40,0,23
BRDA:1,41,0,0
BRDA:1,42,0,0
BRDA:1,43,0,1
BRDA:1,44,0,0
BRDA:1,45,0,3
BRDA:1,46,0,1
BRDA:1,47,0,3
BRDA:1,48,0,2
BRDA:1,49,0,1
BRDA:1,50,0,1
BRDA:1,51,0,23
BRDA:1,52,0,2
BRDA:1,53,0,2
BRDA:1,54,0,1
BRDA:1,55,0,0
BRDA:1,56,0,1
BRDA:1,57,0,1
BRDA:1,58,0,0
BRDA:1,59,0,0
BRDA:1,60,0,1
BRDA:1,61,0,1
BRDA:1,62,0,0
BRDA:1,63,0,0
BRDA:1,64,0,3
BRDA:1,65,0,2
BRDA:1,66,0,1
BRDA:1,67,0,1
BRDA:1,68,0,1
BRDA:1,69,0,0
BRDA:1,70,0,0
BRDA:1,71,0,1
BRDA:1,72,0,0
BRDA:1,73,0,0
BRDA:1,74,0,1
BRDA:1,75,0,0
BRDA:1,76,0,0
BRDA:1,77,0,1
BRDA:1,78,0,10
BRDA:1,79,0,1
BRDA:1,80,0,2
BRDA:1,81,0,2
BRDA:1,82,0,1
BRDA:1,83,0,1
BRDA:1,84,0,3
BRDA:1,85,0,1
BRDA:1,86,0,0
BRDA:1,87,0,1
BRDA:1,88,0,3
BRDA:1,89,0,1
BRDA:1,90,0,2
BRDA:1,91,0,6
BRDA:1,92,0,1
BRDA:1,93,0,1
BRDA:1,94,0,2
BRDA:1,95,0,1
BRDA:1,96,0,0
BRDA:1,97,0,3
BRDA:1,98,0,0
BRDA:1,99,0,2
BRDA:1,100,0,1
BRDA:1,101,0,2
BRDA:1,102,0,3
BRDA:1,103,0,2
BRDA:1,104,0,1
BRDA:1,105,0,0
BRDA:1,106,0,1
BRDA:1,107,0,0
BRDA:1,108,0,0
BRDA:1,109,0,1
BRDA:1,110,0,1
BRDA:1,111,0,2
BRDA:1,112,0,2
BRDA:1,113,0,1
BRDA:1,114,0,0
BRDA:1,115,0,0
BRDA:1,116,0,24
BRDA:1,117,0,24
BRDA:1,118,0,1
BRDA:1,119,0,0
BRDA:1,120,0,1
BRDA:1,121,0,3
BRDA:1,122,0,1
BRDA:1,123,0,6
BRDA:1,124,0,1
BRDA:1,125,0,2
BRDA:1,126,0,0
BRDA:1,127,0,2
BRDA:1,128,0,0
BRDA:1,129,0,2
BRDA:1,130,0,8
BRDA:1,131,0,2
BRDA:1,132,0,6
BRDA:1,133,0,1
BRDA:1,134,0,0
BRDA:1,135,0,0
BRDA:1,136,0,1
BRDA:1,137,0,2
BRDA:1,138,0,1
BRDA:1,139,0,0
BRDA:1,140,0,0
BRDA:1,141,0,1
BRDA:1,142,0,0
BRDA:1,143,0,0
BRDA:1,144,0,1
BRDA:1,145,0,0
BRDA:1,146,0,6
BRDA:1,147,0,4
BRDA:1,148,0,6
BRDA:1,149,0,6
BRDA:1,150,0,4
BRDA:1,151,0,0
BRDA:1,152,0,0
BRDA:1,153,0,6
BRDA:1,154,0,0
BRDA:1,155,0,6
BRDA:1,156,0,0
BRDA:1,157,0,4
BRDA:1,158,0,0
BRDA:1,159,0,0
BRDA:1,160,0,0
BRDA:1,161,0,0
BRDA:1,162,0,0
BRDA:1,163,0,0
BRDA:1,164,0,6
BRDA:1,165,0,0
BRDA:1,166,0,6
BRDA:1,167,0,0
BRDA:1,168,0,0
BRDA:1,169,0,6
BRDA:1,170,0,0
BRDA:1,171,0,1
BRDA:1,172,0,0
BRDA:1,173,0,0
BRDA:1,174,0,1
BRDA:1,175,0,2
BRDA:1,176,0,6
BRDA:1,177,0,6
BRDA:1,178,0,3
BRDA:1,179,0,1
BRDA:1,180,0,0
BRDA:1,181,0,0
BRDA:1,182,0,1
BRDA:1,183,0,11
BRDA:1,184,0,16
BRDA:1,185,0,8
BRDA:1,186,0,16
BRDA:1,187,0,8
BRDA:1,188,0,0
BRDA:1,189,0,1
BRDA:1,190,0,0
BRDA:1,191,0,0
BRDA:1,192,0,9
BRDA:1,193,0,1
BRDA:1,194,0,0
BRDA:1,195,0,1
BRDA:1,196,0,0
BRDA:1,197,0,1
BRDA:1,198,0,8
BRDA:1,199,0,1
BRDA:1,200,0,7
BRDA:1,201,0,1
BRDA:1,202,0,0
BRDA:1,203,0,0
BRDA:1,204,0,1
BRDA:1,205,0,2
BRDA:1,206,0,1
BRDA:1,207,0,0
BRDA:1,208,0,0
BRDA:1,209,0,1
BRDA:1,210,0,2
BRDA:1,211,0,9
BRDA:1,212,0,8
BRDA:1,213,0,0
BRDA:1,214,0,8
BRDA:1,215,0,8
BRDA:1,216,0,1
BRDA:1,217,0,0
BRDA:1,218,0,0
BRDA:1,219,0,1
BRDA:1,220,0,6
BRDA:1,221,0,1
BRDA:1,222,0,0
BRDA:1,223,0,6
BRDA:1,224,0,6
BRDA:1,225,0,1
BRDA:1,226,0,0
BRDA:1,227,0,0
BRDA:1,228,0,1
BRDA:1,229,0,0
BRDA:1,230,0,0
BRDA:1,231,0,1
BRDA:1,232,0,0
BRDA:1,233,0,0
BRDA:1,234,0,1
BRDA:1,235,0,2
BRDA:1,236,0,2
BRDA:1,237,0,8
BRDA:1,238,0,0
BRDA:1,239,0,26
BRDA:1,240,0,16
BRDA:1,241,0,2
BRDA:1,242,0,12
BRDA:1,243,0,14
BRDA:1,244,0,10
BRDA:1,245,0,4
BRDA:1,246,0,6
BRDA:1,247,0,0
BRDA:1,248,0,2
BRDA:1,249,0,8
BRDA:1,250,0,0
BRDA:1,251,0,8
BRDA:1,252,0,0
BRDA:1,253,0,8
BRDA:1,254,0,0
BRDA:1,255,0,8
BRDA:1,256,0,40
BRDA:1,257,0,1
BRDA:1,258,0,0
BRDA:1,259,0,0
BRDA:1,260,0,3
BRDA:1,261,0,2
BRDA:1,262,0,2
BRDA:1,263,0,1
BRDA:1,264,0,3
BRDA:1,265,0,1
BRDA:1,266,0,0
BRDA:1,267,0,0
BRDA:1,268,0,2
BRDA:1,269,0,2
BRDA:1,270,0,0
BRDA:1,271,0,1
BRDA:1,272,0,0
BRDA:1,273,0,0
BRDA:1,274,0,0
BRDA:1,275,0,1
BRDA:1,276,0,0
BRDA:1,277,0,0
BRDA:1,278,0,1
BRDA:1,279,0,0
BRDA:1,280,0,0
BRDA:1,281,0,1
BRDA:1,282,0,1
BRDA:1,283,0,1
BRDA:1,284,0,1
BRDA:1,285,0,0
BRDA:1,286,0,0
BRDA:1,287,0,24
BRDA:1,288,0,18
BRDA:1,289,0,12
BRDA:1,290,0,3
BRDA:1,291,0,1
BRDA:1,292,0,11
BRDA:1,293,0,24
BRDA:1,294,0,1
BRDA:1,295,0,0
BRDA:1,296,0,0
BRDA:1,297,0,1
BRDA:1,298,0,1
BRDA:1,299,0,0
BRDA:1,300,0,0
BRDA:1,301,0,0
BRDA:1,302,0,0
BRDA:1,303,0,0
BRDA:1,304,0,0
BRDA:1,305,0,1
BRDA:1,306,0,0
BRDA:1,307,0,0
BRDA:1,308,0,1
BRDA:1,309,0,0
BRDA:1,310,0,0
BRDA:1,311,0,1
BRDA:1,312,0,0
BRDA:1,313,0,0
BRDA:1,314,0,1
BRDA:1,315,0,5
BRDA:1,316,0,1
BRDA:1,317,0,4
BRDA:1,318,0,0
BRDA:1,319,0,0
BRDA:1,320,0,1
BRDA:1,321,0,0
BRDA:1,322,0,0
BRDA:1,323,0,1
BRDA:1,324,0,2
BRDA:1,325,0,1
BRDA:1,326,0,0
BRDA:1,327,0,0
BRDA:1,328,0,1
BRDA:1,329,0,0
BRDA:1,330,0,0
BRDA:1,331,0,1
BRDA:1,332,0,0
BRDA:1,333,0,0
BRDA:1,334,0,1
BRDA:1,335,0,0
BRDA:1,336,0,0
BRDA:1,337,0,1
BRDA:1,338,0,0
BRDA:1,339,0,0
BRDA:1,340,0,1
BRDA:1,341,0,0
BRDA:1,342,0,0
BRDA:1,343,0,1
BRDA:1,344,0,0
BRDA:1,345,0,0
BRDA:1,346,0,2
BRDA:1,347,0,10
BRDA:1,348,0,2
BRDA:1,349,0,8
BRDA:1,350,0,0
BRDA:1,351,0,0
BRDA:1,352,0,1
BRDA:1,353,0,0
BRDA:1,354,0,0
BRDA:1,355,0,12
BRDA:1,356,0,6
BRDA:1,357,0,12
BRDA:1,358,0,1
BRDA:1,359,0,0
BRDA:1,360,0,0
BRDA:1,361,0,1
BRDA:1,362,0,2
BRDA:1,363,0,1
BRDA:1,364,0,0
BRDA:1,365,0,0
BRDA:1,366,0,1
BRDA:1,367,0,1
BRDA:1,368,0,0
BRDA:1,369,0,0
BRDA:1,370,0,1
BRDA:1,371,0,0
BRDA:1,372,0,0
BRDA:1,373,0,1
BRDA:1,374,0,1
BRDA:1,375,0,0
BRDA:1,376,0,1
BRDA:1,377,0,0
BRDA:1,378,0,0
BRDA:1,379,0,1
BRDA:1,380,0,0
BRDA:1,381,0,0
BRDA:1,382,0,1
BRDA:1,383,0,0
BRDA:1,384,0,0
BRDA:1,385,0,1
BRDA:1,386,0,0
BRDA:1,387,0,0
BRDA:1,388,0,1
BRDA:1,389,0,0
BRDA:1,390,0,0
BRDA:1,391,0,1
BRDA:1,392,0,8
BRDA:1,393,0,55
BRDA:1,394,0,1
BRDA:1,395,0,1
BRDA:1,396,0,1
BRDA:1,397,0,1
BRDA:1,398,0,2
BRDA:1,399,0,1
BRDA:1,400,0,1
BRDA:1,401,0,0
BRDA:1,402,0,0
BRDA:1,403,0,3
BRDA:1,404,0,1
BRDA:1,405,0,0
BRDA:1,406,0,0
BRDA:1,407,0,1
BRDA:1,408,0,0
BRDA:1,409,0,0
BRDA:1,410,0,1
BRDA:1,411,0,0
BRDA:1,412,0,0
BRDA:1,413,0,1
BRDA:1,414,0,0
BRDA:1,415,0,0
BRDA:1,416,0,1
BRDA:1,417,0,0
BRDA:1,418,0,6
BRDA:1,419,0,1
BRDA:1,420,0,0
BRDA:1,421,0,0
BRDA:1,422,0,3
BRDA:1,423,0,3
BRDA:1,424,0,1
BRDA:1,425,0,0
BRDA:1,426,0,1
BRDA:1,427,0,0
BRDA:1,428,0,1
BRDA:1,429,0,0
BRDA:1,430,0,1
BRDA:1,431,0,0
BRDA:1,432,0,0
BRDA:1,433,0,53
BRDA:1,434,0,53
BRDA:1,435,0,0
BRDA:1,436,0,1
BRDA:1,437,0,0
BRDA:1,438,0,6
BRDA:1,439,0,1
BRDA:1,440,0,1
BRDA:1,441,0,5
BRDA:1,442,0,22
BRDA:1,443,0,65
BRDA:1,444,0,15
BRDA:1,445,0,15
BRDA:1,446,0,12
BRDA:1,447,0,1
BRDA:1,448,0,1
BRDA:1,449,0,275
BRDA:1,450,0,1
BRDA:1,451,0,1
BRDA:1,452,0,2
BRDA:1,453,0,1
BRDA:1,454,0,1
BRDA:1,455,0,2
BRDA:1,456,0,1
BRDA:1,457,0,1
BRDA:1,458,0,2
BRDA:1,459,0,3
BRDA:1,460,0,19
BRDA:1,461,0,1
BRDA:1,462,0,1
BRDA:1,463,0,1
BRDA:1,464,0,53
BRDA:1,465,0,53
BRDA:1,466,0,0
BRDA:1,467,0,1
BRDA:1,468,0,1
BRDA:1,469,0,2
BRDA:1,470,0,1
BRDA:1,471,0,1
BRDA:1,472,0,1
BRDA:1,473,0,1
BRDA:1,474,0,1
BRDA:1,475,0,53
BRDA:1,476,0,0
BRDA:1,477,0,4
BRDA:1,478,0,0
BRDA:1,479,0,0
BRDA:1,480,0,0
BRDA:1,481,0,49
BRDA:1,482,0,53
BRDA:1,483,0,1
BRDA:1,484,0,53
BRDA:1,485,0,0
BRDA:1,486,0,53
BRDA:1,487,0,1
BRDA:1,488,0,1
BRDA:1,489,0,2
BRDA:1,490,0,1
BRDA:1,491,0,0
BRDA:1,492,0,0
BRDA:1,493,0,2
BRDA:1,494,0,2
BRDA:1,495,0,0
BRDA:1,496,0,1
BRDA:1,497,0,0
BRDA:1,498,0,0
BRDA:1,499,0,1
BRDA:1,500,0,0
BRDA:1,501,0,0
BRDA:1,502,0,1
BRDA:1,503,0,1
BRDA:1,504,0,1
BRDA:1,505,0,0
BRDA:1,506,0,0
BRDA:1,507,0,1
BRDA:9,508,0,17
BRDA:9,509,0,1
BRDA:9,510,0,673
BRDA:9,511,0,539
BRDA:9,512,0,325
BRDA:9,513,0,6
BRDA:9,514,0,3954
BRDA:9,515,0,3623
BRDA:9,516,0,360
BRDA:9,517,0,313
BRDA:9,518,0,110
BRDA:9,519,0,238
BRDA:9,520,0,0
BRDA:9,521,0,21
BRDA:9,522,0,21
BRDA:9,523,0,0
BRDA:9,524,0,3
BRDA:9,525,0,0
BRDA:9,526,0,24
BRDA:9,527,0,0
BRDA:9,528,0,0
BRDA:9,529,0,0
BRDA:9,530,0,21
BRDA:9,531,0,21
BRDA:9,532,0,0
BRDA:9,533,0,0
BRDA:9,534,0,0
BRDA:9,535,0,3
BRDA:9,536,0,0
BRDA:9,537,0,3
BRDA:9,538,0,21
BRDA:9,539,0,0
BRDA:9,540,0,3
BRDA:9,541,0,21
BRDA:9,542,0,4
BRDA:9,543,0,2
BRDA:9,544,0,2
BRDA:9,545,0,2
BRDA:9,546,0,0
BRDA:9,547,0,3
BRDA:9,548,0,0
BRDA:9,549,0,21
BRDA:9,550,0,63
BRDA:9,551,0,0
BRDA:9,552,0,0
BRDA:9,553,0,42
BRDA:9,554,0,0
BRDA:9,555,0,126
BRDA:9,556,0,84
BRDA:9,557,0,0
BRDA:9,558,0,0
BRDA:9,559,0,0
BRDA:9,560,0,20
BRDA:9,561,0,8
BRDA:9,562,0,4
BRDA:9,563,0,2
BRDA:9,564,0,3
BRDA:9,565,0,332
BRDA:9,566,0,254
BRDA:9,567,0,381
BRDA:9,568,0,2
BRDA:9,569,0,289
BRDA:9,570,0,171
BRDA:9,571,0,3
BRDA:9,572,0,635
BRDA:9,573,0,435
BRDA:9,574,0,1
BRDA:9,575,0,1
BRDA:17,576,0,52
BRDA:17,577,0,107
BRDA:17,578,0,14
BRDA:17,579,0,8
BRDA:17,580,0,106
BRDA:17,581,0,0
BRDA:17,582,0,1
BRDA:17,583,0,0
BRDA:17,584,0,3
BRDA:17,585,0,4
BRDA:17,586,0,3
BRDA:17,587,0,0
BRDA:17,588,0,8
BRDA:17,589,0,1
BRDA:17,590,0,4
BRDA:17,591,0,0
BRDA:17,592,0,0
BRDA:17,593,0,3
BRDA:17,594,0,3
BRDA:17,595,0,3
BRDA:17,596,0,0
BRDA:17,597,0,17
BRDA:17,598,0,0
BRDA:17,599,0,0
BRDA:17,600,0,10
BRDA:17,601,0,0
BRDA:17,602,0,0
BRDA:17,603,0,0
BRDA:17,604,0,6
BRDA:17,605,0,0
BRDA:17,606,0,4
BRDA:17,607,0,0
BRDA:17,608,0,2
BRDA:17,609,0,52
BRDA:17,610,0,0
BRDA:17,611,0,98
BRDA:17,612,0,5
BRDA:17,613,0,2
BRDA:17,614,0,0
BRDA:17,615,0,4494
BRDA:17,616,0,2495
BRDA:17,617,0,1999
BRDA:17,618,0,1832
BRDA:17,619,0,1430
BRDA:17,620,0,389
BRDA:17,621,0,1041
BRDA:17,622,0,569
BRDA:17,623,0,2495
BRDA:17,624,0,518
BRDA:17,625,0,389
BRDA:17,626,0,129
BRDA:17,627,0,0
BRDA:17,628,0,81
BRDA:17,629,0,0
BRDA:17,630,0,1
BRDA:17,631,0,0
BRDA:17,632,0,32
BRDA:17,633,0,0
BRDA:17,634,0,15
BRDA:17,635,0,1
BRDA:17,636,0,0
BRDA:17,637,0,1977
BRDA:17,638,0,2
BRDA:17,639,0,26
BRDA:17,640,0,2
BRDA:17,641,0,24
BRDA:17,642,0,299
BRDA:17,643,0,160
BRDA:17,644,0,64
BRDA:17,645,0,96
BRDA:17,646,0,23
BRDA:17,647,0,73
BRDA:17,648,0,64
BRDA:17,649,0,62
BRDA:17,650,0,2
BRDA:17,651,0,62
BRDA:17,652,0,57
BRDA:17,653,0,30
BRDA:17,654,0,32
BRDA:17,655,0,8
BRDA:17,656,0,2
BRDA:17,657,0,6
BRDA:17,658,0,2
BRDA:17,659,0,4
BRDA:17,660,0,65
BRDA:17,661,0,2
BRDA:17,662,0,0
BRDA:17,663,0,67
BRDA:17,664,0,64
BRDA:17,665,0,62
BRDA:17,666,0,3
BRDA:17,667,0,64
BRDA:17,668,0,0
BRDA:17,669,0,3
BRDA:17,670,0,18
BRDA:17,671,0,12
BRDA:17,672,0,0
BRDA:17,673,0,0
BRDA:17,674,0,0
BRDA:17,675,0,0
BRDA:17,676,0,2
BRDA:17,677,0,32
BRDA:17,678,0,5
BRDA:17,679,0,2
BRDA:17,680,0,27
BRDA:17,681,0,18
BRDA:17,682,0,8
BRDA:17,683,0,0
BRDA:17,684,0,10
BRDA:17,685,0,0
BRDA:17,686,0,18
BRDA:17,687,0,0
BRDA:17,688,0,18
BRDA:17,689,0,60
BRDA:17,690,0,8
BRDA:17,691,0,52
BRDA:17,692,0,19
BRDA:17,693,0,0
BRDA:17,694,0,8
BRDA:17,695,0,10
BRDA:17,696,0,8
BRDA:17,697,0,1
BRDA:17,698,0,0
BRDA:17,699,0,1
BRDA:17,700,0,1
BRDA:17,701,0,0
BRDA:17,702,0,1
BRDA:17,703,0,1
BRDA:17,704,0,1
BRDA:25,705,0,0
BRDA:25,706,0,0
BRDA:25,707,0,0
BRDA:25,708,0,0
BRDA:25,709,0,0
BRDA:25,710,0,0
BRDA:25,711,0,29
BRDA:25,712,0,20
BRDA:25,713,0,6
BRDA:25,714,0,14
BRDA:25,715,0,156
BRDA:25,716,0,79
BRDA:25,717,0,77
BRDA:25,718,0,29
BRDA:25,719,0,0
BRDA:25,720,0,20
BRDA:25,721,0,9
BRDA:25,722,0,2
BRDA:25,723,0,7
BRDA:25,724,0,0
BRDA:25,725,0,31
BRDA:25,726,0,0
BRDA:25,727,0,2190
BRDA:25,728,0,61
BRDA:25,729,0,0
BRDA:25,730,0,24
BRDA:25,731,0,0
BRDA:25,732,0,49
BRDA:25,733,0,43
BRDA:25,734,0,37
BRDA:25,735,0,9
BRDA:25,736,0,28
BRDA:25,737,0,23
BRDA:25,738,0,6
BRDA:25,739,0,34
BRDA:25,740,0,15
BRDA:25,741,0,6
BRDA:25,742,0,9
BRDA:25,743,0,0
BRDA:25,744,0,1820
BRDA:25,745,0,24
BRDA:25,746,0,15
BRDA:25,747,0,9
BRDA:25,748,0,0
BRDA:25,749,0,24
BRDA:25,750,0,10
BRDA:25,751,0,9
BRDA:25,752,0,4
BRDA:25,753,0,16
BRDA:25,754,0,29
BRDA:25,755,0,0
BRDA:25,756,0,0
BRDA:25,757,0,8
BRDA:25,758,0,0
BRDA:25,759,0,21
BRDA:25,760,0,0
BRDA:25,761,0,10
BRDA:25,762,0,1
BRDA:25,763,0,1
BRDA:25,764,0,1
BRDA:25,765,0,1
BRDA:25,766,0,3
BRDA:25,767,0,10
BRDA:25,768,0,1
BRDA:25,769,0,19
BRDA:25,770,0,6
BRDA:25,771,0,13
BRDA:25,772,0,19
BRDA:25,773,0,1
BRDA:25,774,0,1
BRDA:25,775,0,0
BRDA:25,776,0,10
BRDA:25,777,0,0
BRDA:25,778,0,11
BRDA:25,779,0,1
BRDA:25,780,0,10
BRDA:25,781,0,0
BRDA:25,782,0,0
BRDA:25,783,0,10
BRDA:25,784,0,9
BRDA:25,785,0,1
BRDA:25,786,0,48
BRDA:25,787,0,0
BRDA:25,788,0,0
BRDA:25,789,0,1
BRDA:25,790,0,11
BRF:791
BRH:520
end_of_record
TN:
SF:https:/www.guinness.diageo.site/_next/static/chunks/384-d21ba7cdc0e6bb41.js
FN:1,5415
FN:1,t
FN:1,r
FN:1,n
FN:1,t.setMaxListeners
FN:1,t.emit
FN:1,t.addListener
FN:1,t.once
FN:1,t.removeListener
FN:1,t.removeAllListeners
FN:1,t.listeners
FN:1,t.listenerCount
FN:1,t.listenerCount
FN:1,3703
FN:1,o
FN:1,5784
FN:1,i
FN:1,i.detach
FN:1,i.getModifiedState
FN:1,4450
FN:1,addRefinement
FN:1,removeRefinement
FN:1,toggleRefinement
FN:1,clearRefinement
FN:1,isRefined
FN:1,9589
FN:1,h
FN:1,d
FN:1,d._parseNumbers
FN:1,d.make
FN:1,d.validate
FN:1,clearRefinements
FN:1,clearTags
FN:1,setIndex
FN:1,setQuery
FN:1,setPage
FN:1,setFacets
FN:1,setDisjunctiveFacets
FN:1,setHitsPerPage
FN:1,setTypoTolerance
FN:1,addNumericRefinement
FN:1,getConjunctiveRefinements
FN:1,getDisjunctiveRefinements
FN:1,getHierarchicalRefinement
FN:1,getExcludeRefinements
FN:1,removeNumericRefinement
FN:1,getNumericRefinements
FN:1,getNumericRefinement
FN:1,_clearNumericRefinements
FN:1,addFacet
FN:1,addDisjunctiveFacet
FN:1,addHierarchicalFacet
FN:1,addFacetRefinement
FN:1,addExcludeRefinement
FN:1,addDisjunctiveFacetRefinement
FN:1,addTagRefinement
FN:1,removeFacet
FN:1,removeDisjunctiveFacet
FN:1,removeHierarchicalFacet
FN:1,removeFacetRefinement
FN:1,removeExcludeRefinement
FN:1,removeDisjunctiveFacetRefinement
FN:1,removeTagRefinement
FN:1,toggleRefinement
FN:1,toggleFacetRefinement
FN:1,toggleConjunctiveFacetRefinement
FN:1,toggleExcludeFacetRefinement
FN:1,toggleDisjunctiveFacetRefinement
FN:1,toggleHierarchicalFacetRefinement
FN:1,addHierarchicalFacetRefinement
FN:1,removeHierarchicalFacetRefinement
FN:1,toggleTagRefinement
FN:1,isDisjunctiveFacet
FN:1,isHierarchicalFacet
FN:1,isConjunctiveFacet
FN:1,isFacetRefined
FN:1,isExcludeRefined
FN:1,isDisjunctiveFacetRefined
FN:1,isHierarchicalFacetRefined
FN:1,isNumericRefined
FN:1,isTagRefined
FN:1,getRefinedDisjunctiveFacets
FN:1,getRefinedHierarchicalFacets
FN:1,getUnrefinedDisjunctiveFacets
FN:1,getQueryParams
FN:1,setQueryParameter
FN:1,setQueryParameters
FN:1,resetPage
FN:1,_getHierarchicalFacetSortBy
FN:1,_getHierarchicalFacetSeparator
FN:1,_getHierarchicalRootPath
FN:1,_getHierarchicalShowParentLevel
FN:1,getHierarchicalFacetByName
FN:1,getHierarchicalFacetBreadcrumb
FN:1,toString
FN:1,4876
FN:1,e.exports
FN:1,4878
FN:1,p
FN:1,m
FN:1,g
FN:1,v
FN:1,y
FN:1,g.getFacetByName
FN:1,g.getFacetValues
FN:1,g.getFacetStats
FN:1,g.getRefinements
FN:1,2245
FN:1,p
FN:1,m
FN:1,g
FN:1,p.search
FN:1,p.searchOnlyWithDerivedHelpers
FN:1,p.getQuery
FN:1,p.searchOnce
FN:1,p.findAnswers
FN:1,p.searchForFacetValues
FN:1,p.setQuery
FN:1,p.clearRefinements
FN:1,p.clearTags
FN:1,p.addDisjunctiveFacetRefinement
FN:1,p.addDisjunctiveRefine
FN:1,p.addHierarchicalFacetRefinement
FN:1,p.addNumericRefinement
FN:1,p.addFacetRefinement
FN:1,p.addRefine
FN:1,p.addFacetExclusion
FN:1,p.addExclude
FN:1,p.addTag
FN:1,p.removeNumericRefinement
FN:1,p.removeDisjunctiveFacetRefinement
FN:1,p.removeDisjunctiveRefine
FN:1,p.removeHierarchicalFacetRefinement
FN:1,p.removeFacetRefinement
FN:1,p.removeRefine
FN:1,p.removeFacetExclusion
FN:1,p.removeExclude
FN:1,p.removeTag
FN:1,p.toggleFacetExclusion
FN:1,p.toggleExclude
FN:1,p.toggleRefinement
FN:1,p.toggleFacetRefinement
FN:1,p.toggleRefine
FN:1,p.toggleTag
FN:1,p.nextPage
FN:1,p.previousPage
FN:1,p.setIndex
FN:1,p.setQueryParameter
FN:1,p.setState
FN:1,p.overrideStateWithoutTriggeringChangeEvent
FN:1,p.hasRefinements
FN:1,p.isExcluded
FN:1,p.isDisjunctiveRefined
FN:1,p.hasTag
FN:1,p.isTagRefined
FN:1,p.getIndex
FN:1,p.getTags
FN:1,p.getRefinements
FN:1,p.getNumericRefinement
FN:1,p.getHierarchicalFacetBreadcrumb
FN:1,p._search
FN:1,p._dispatchAlgoliaResponse
FN:1,p._dispatchAlgoliaError
FN:1,p.containsRefinement
FN:1,p._hasDisjunctiveRefinements
FN:1,p._change
FN:1,p.clearCache
FN:1,p.setClient
FN:1,p.getClient
FN:1,p.derive
FN:1,p.detachDerivedHelper
FN:1,p.hasPendingRequests
FN:1,3903
FN:1,e.exports
FN:1,7018
FN:1,e.exports
FN:1,7649
FN:1,escapeFacetValue
FN:1,unescapeFacetValue
FN:1,4692
FN:1,e.exports
FN:1,9154
FN:1,e.exports
FN:1,838
FN:1,e.exports
FN:1,3282
FN:1,e.exports
FN:1,5847
FN:1,e.exports
FN:1,7942
FN:1,t
FN:1,e.exports
FN:1,5288
FN:1,e.exports
FN:1,9234
FN:1,e.exports
FN:1,833
FN:1,e.exports
FN:1,8169
FN:1,e
FN:1,1054
FN:1,i
FN:1,_getQueries
FN:1,_getHitsSearchParams
FN:1,_getDisjunctiveFacetSearchParams
FN:1,_getNumericFilters
FN:1,_getTagFilters
FN:1,_getFacetFilters
FN:1,_getHitsHierarchicalFacetsAttributes
FN:1,_getDisjunctiveHierarchicalFacetAttribute
FN:1,getSearchForFacetQuery
FN:1,3793
FN:1,e.exports
FN:1,2019
FN:1,7975
FN:1,e
FN:1,t
FN:1,r
FN:1,n
FN:1,i
FN:1,a
FN:1,o
FN:1,c
FN:1,l
FN:1,f
FN:1,d
FN:1,p
FN:1,m
FN:1,g
FN:1,v
FN:1,y
FN:1,b
FN:1,O
FN:1,j
FN:1,S
FN:1,P
FN:1,w
FN:1,R
FN:1,8683
FN:5,i
FN:5,9499
FN:5,J
FN:5,Z
FN:5,K
FN:5,el
FN:5,e_
FN:5,ex
FN:5,eE
FN:5,eF
FN:5,eT
FN:5,eA
FN:5,ek
FN:5,eC
FN:5,eI
FN:5,eN
FN:5,eD
FN:5,eH
FN:5,eL
FN:5,e_.clear
FN:5,e_.delete
FN:5,e_.get
FN:5,e_.has
FN:5,e_.set
FN:5,ex.clear
FN:5,ex.delete
FN:5,ex.get
FN:5,ex.has
FN:5,ex.set
FN:5,eE.clear
FN:5,eE.delete
FN:5,eE.get
FN:5,eE.has
FN:5,eE.set
FN:5,eF.add.eF.push
FN:5,eF.has
FN:5,eT.clear
FN:5,eT.delete
FN:5,eT.get
FN:5,eT.has
FN:5,eT.set
FN:5,eU
FN:5,eM
FN:5,eW
FN:5,eQ
FN:5,eU
FN:5,e$
FN:5,eB
FN:5,o
FN:5,ez
FN:5,eV
FN:5,r
FN:5,eJ
FN:5,eZ
FN:5,eX
FN:5,eG
FN:5,eY
FN:5,e0
FN:5,e1
FN:5,e2
FN:5,e3
FN:5,e3
FN:5,e8
FN:5,e9
FN:5,2040
FN:5,4390
FN:5,get
FN:5,n
FN:5,2273
FN:5,r
FN:5,get
FN:5,2582
FN:5,get
FN:5,i
FN:5,3029
FN:5,get
FN:5,h
FN:5,isDefaultPrevented
FN:5,isPropagationStopped
FN:5,persist
FN:5,preventDefault
FN:5,stopPropagation
FN:5,d
FN:5,onLoad
FN:5,onError
FN:5,7095
FN:5,get
FN:5,v
FN:5,y
FN:5,onClick
FN:5,onMouseEnter
FN:5,onTouchStart
FN:5,9830
FN:5,requestIdleCallback
FN:5,requestIdleCallback
FN:5,cancelIdleCallback
FN:5,r
FN:5,n
FN:5,4735
FN:5,get
FN:5,c
FN:5,n.root
FN:5,n.root
FN:5,4620
FN:5,get
FN:5,353
FN:5,r
FN:5,get
FN:5,5952
FN:5,get
FN:5,a
FN:5,o
FN:5,loading
FN:5,loader
FN:5,8885
FN:5,get
FN:5,i
FN:5,529
FN:5,get
FN:5,a
FN:5,o
FN:5,s
FN:5,H
FN:5,z.config
FN:5,6174
FN:5,defaultHead
FN:5,defaultHead
FN:5,default
FN:5,l
FN:5,f
FN:5,d
FN:5,p
FN:5,6542
FN:5,r
FN:5,get
FN:5,3442
FN:5,get
FN:5,7302
FN:5,VALID_LOADERS
FN:5,VALID_LOADERS
FN:5,imageConfigDefault
FN:5,5445
FN:5,default
FN:5,default
FN:5,unstable_getImgProps
FN:5,c
FN:5,5296
FN:5,r
FN:5,get
FN:5,761
FN:5,suspense
FN:5,suspense
FN:5,NoSSR
FN:5,i
FN:5,a
FN:5,6353
FN:5,get
FN:5,o
FN:5,r
FN:5,2330
FN:5,get
FN:5,7242
FN:5,formatUrl
FN:5,formatUrl
FN:5,urlObjectKeys
FN:5,formatWithValidation
FN:5,o
FN:5,c
FN:5,5841
FN:5,get
FN:5,a
FN:5,3597
FN:5,get
FN:5,n
FN:5,8158
FN:5,get
FN:5,a
FN:5,6396
FN:5,r
FN:5,get
FN:5,1174
FN:5,get
FN:5,i
FN:5,7761
FN:5,r
FN:5,n
FN:5,i
FN:5,a
FN:5,searchParamsToUrlQuery
FN:5,searchParamsToUrlQuery
FN:5,urlQueryToSearchParams
FN:5,assign
FN:5,7182
FN:5,get
FN:5,f
FN:5,6284
FN:5,get
FN:5,i
FN:5,965
FN:5,getRouteRegex
FN:5,getRouteRegex
FN:5,getNamedRouteRegex
FN:5,getNamedMiddlewareRegex
FN:5,o
FN:5,s
FN:5,c
FN:5,u
FN:5,l
FN:5,f
FN:5,h
FN:5,255
FN:5,get
FN:5,s
FN:5,6775
FN:5,WEB_VITALS
FN:5,WEB_VITALS
FN:5,execOnce
FN:5,isAbsoluteUrl
FN:5,getLocationOrigin
FN:5,getURL
FN:5,getDisplayName
FN:5,isResSent
FN:5,normalizeRepeatedSlashes
FN:5,loadGetInitialProps
FN:5,SP
FN:5,ST
FN:5,DecodeError
FN:5,NormalizeError
FN:5,PageNotFoundError
FN:5,MissingStaticPage
FN:5,MiddlewareNotFoundError
FN:5,stringifyError
FN:5,n
FN:5,a
FN:5,o
FN:5,s
FN:5,c
FN:5,u
FN:5,l
FN:5,f
FN:5,g
FN:5,v
FN:5,y
FN:5,b
FN:5,6731
FN:5,get
FN:5,r
FN:5,6003
FN:5,229
FN:5,a
FN:5,o
FN:5,s
FN:5,f
FN:5,h
FN:5,d
FN:5,p
FN:5,i.nextTick
FN:5,d.run
FN:5,i.listeners
FN:5,i.binding
FN:5,i.cwd
FN:5,i.chdir
FN:5,i.umask
FN:5,n
FN:5,9834
FN:5,815
FN:5,e.exports
FN:5,t
FN:5,577
FN:5,t
FN:5,e.exports
FN:5,r
FN:5,n
FN:5,i
FN:5,n
FN:5,3009
FN:13,u
FN:13,3955
FN:13,6394
FN:13,5846
FN:13,6008
FN:13,8470
FN:13,RFC1738
FN:13,RFC3986
FN:13,7497
FN:13,2653
FN:13,s
FN:13,c
FN:13,u
FN:13,l
FN:13,f
FN:13,e.exports
FN:13,879
FN:13,brackets
FN:13,indices
FN:13,repeat
FN:13,l
FN:13,serializeDate
FN:13,e
FN:13,m
FN:13,e.exports
FN:13,7340
FN:13,s
FN:13,c
FN:13,assign
FN:13,combine
FN:13,compact
FN:13,decode
FN:13,encode
FN:13,isBuffer
FN:13,isRegExp
FN:13,maybeMap
FN:13,e
FN:13,7195
FN:13,r
FN:13,Object.assign.Object.assign
FN:13,n
FN:13,i
FN:13,u
FN:13,l
FN:13,f
FN:13,h
FN:13,d
FN:13,g
FN:13,v
FN:13,b
FN:13,O
FN:13,j
FN:13,S
FN:13,P
FN:13,w
FN:13,_
FN:13,x
FN:13,E
FN:13,F
FN:13,T
FN:13,A
FN:13,k
FN:13,C
FN:13,I
FN:13,N
FN:13,D
FN:13,Object.keys.Object.keys
FN:13,H
FN:13,L
FN:13,U
FN:13,M
FN:13,W
FN:13,t.processQueue
FN:13,5134
FN:13,8727
FN:21,i
FN:21,u
FN:21,l
FN:21,l
FN:21,3276
FN:21,7861
FN:21,u
FN:21,c
FN:21,u
FN:21,h
FN:21,0
FN:21,1
FN:21,d
FN:24,p
FN:24,Object.assign
FN:24,m
FN:24,g
FN:24,v
FN:24,O
FN:24,j
FN:24,P
FN:24,w
FN:24,set
FN:24,reset
FN:24,nextId
FN:24,get isServer
FN:24,get isClient
FN:24,detect
FN:24,handoff
FN:24,get isHandoffComplete
FN:24,_
FN:24,x
FN:24,E
FN:24,F
FN:24,T
FN:24,k
FN:24,C
FN:24,addEventListener
FN:24,requestAnimationFrame
FN:24,nextFrame
FN:24,setTimeout
FN:24,microTask
FN:24,style
FN:24,group
FN:24,add
FN:24,dispose
FN:24,I
FN:24,N
FN:24,D
FN:24,H
FN:24,W
FN:24,Q
FN:24,q
FN:24,B
FN:24,hidden
FN:24,visible
FN:24,h
FN:24,t.add.d
FN:24,t.add.d
FN:24,enter
FN:24,leave
FN:24,enter
FN:24,leave
FN:24,enter
FN:24,leave
FN:24,9245
FN:24,n
FN:24,_
FN:24,9087
FN:24,HV
FN:24,KN
FN:24,i
FN:24,a
FN:24,o
FN:24,s
FN:24,c
FN:24,9502
FN:24,n
FN:24,K
FN:24,6405
FN:24,Rn
FN:24,dg
FN:24,mY
FN:24,a
FN:24,o
FN:24,s
FN:24,c
FN:24,u
FN:24,h
FN:24,d
FN:24,6685
FN:24,A
FN:24,Y
FN:24,o
FN:24,l
FN:24,4020
FN:24,H
FN:24,i
FN:24,6883
FN:24,n
FN:24,E
FN:24,258
FN:24,n
FN:24,i
FN:24,a
FN:24,o
FN:24,x
FN:24,3356
FN:24,n
FN:24,i
FN:24,a
FN:24,o
FN:24,I
FN:24,4644
FN:24,n
FN:24,X
FN:24,3059
FN:24,n
FN:24,J
FN:24,9804
FN:24,n
FN:24,i
FN:24,P
FN:24,9676
FN:24,n
FN:24,Z
FN:24,a
FN:24,o
FN:24,s
FN:24,c
FN:24,u
FN:24,2196
FN:24,n
FN:24,Z
FN:24,9142
FN:24,n
FN:24,i
FN:24,d
FN:24,q
FN:24,8202
FN:24,n
FN:24,a
FN:24,9610
FN:24,Z
FN:24,c
FN:24,l
FN:24,f
FN:24,h
FN:24,d
FN:24,p
FN:24,g
FN:24,v
FN:24,y
FN:24,b
FN:24,O
FN:24,5842
FN:24,x0
FN:24,n
FN:24,6126
FN:24,T
FN:24,c
FN:24,u
FN:24,l
FN:24,f
FN:24,d
FN:24,p
FN:24,g
FN:24,3638
FN:24,g
FN:24,p
FN:24,291
FN:24,p
FN:24,c
FN:24,u
FN:24,f
FN:24,h
FN:24,d
FN:24,p
FN:24,m
FN:24,g
FN:24,b
FN:24,S
FN:24,S.S
FN:24,S.S
FN:24,P
FN:24,w
FN:24,R
FN:24,_
FN:24,r
FN:24,value
FN:24,value
FN:24,value
FN:24,value
FN:24,value
FN:24,value
FN:24,value
FN:24,E
FN:24,T
FN:24,A
FN:24,k
FN:24,C
FN:24,N
FN:24,D
FN:24,H
FN:24,L
FN:24,U
FN:24,W
FN:24,B
FN:24,J
FN:24,Z
FN:24,K
FN:24,X
FN:24,en
FN:24,ei
FN:24,ea
FN:24,eo
FN:24,eu
FN:24,ef
FN:24,eh
FN:24,eh
FN:24,eh
FN:24,ed
FN:24,ep
FN:24,em
FN:24,em
FN:24,eg
FN:24,ev
FN:24,ey
FN:24,eb
FN:24,ej
FN:24,i
FN:24,a
FN:24,get
FN:24,value
FN:24,value
FN:24,value
FN:24,value
FN:24,value
FN:24,value
FN:24,value
FN:24,value
FN:24,value
FN:24,value
FN:24,value
FN:24,value
FN:24,value
FN:24,value
FN:24,eA
FN:24,eC
FN:24,7574
FN:24,O
FN:24,l
FN:24,f
FN:24,h
FN:24,d
FN:24,m
FN:24,v
FN:24,3861
FN:24,a
FN:24,h
FN:24,m
FN:24,g
FN:24,v
FN:24,y
FN:24,b
FN:24,O
FN:24,S
FN:24,P
FN:24,w
FN:24,_
FN:24,9006
FN:24,l
FN:24,o
FN:24,s
FN:24,c
FN:24,l
FN:24,f
FN:24,d
FN:24,7593
FN:24,B
FN:24,o
FN:24,s
FN:24,c
FN:24,u
FN:24,m
FN:24,y
FN:24,b
FN:24,O
FN:24,j
FN:24,S
FN:24,6808
FN:24,Z
FN:24,6079
FN:24,Z
FN:24,9745
FN:24,n
FN:24,J
FN:24,6115
FN:24,n
FN:24,k
FN:24,9080
FN:24,N
FN:24,i
FN:24,a
FN:24,2952
FN:24,a
FN:24,o
FN:24,2741
FN:24,z
FN:24,o
FN:24,9120
FN:24,s
FN:24,a
FN:24,3232
FN:24,a
FN:24,a
FN:24,4814
FN:24,L
FN:24,4490
FN:24,q
FN:24,a
FN:24,o
FN:24,7354
FN:24,F
FN:24,s
FNF:915
FNH:228
FNDA:1,5415
FNDA:0,t
FNDA:0,r
FNDA:0,n
FNDA:0,t.setMaxListeners
FNDA:0,t.emit
FNDA:0,t.addListener
FNDA:0,t.once
FNDA:0,t.removeListener
FNDA:0,t.removeAllListeners
FNDA:0,t.listeners
FNDA:0,t.listenerCount
FNDA:0,t.listenerCount
FNDA:1,3703
FNDA:0,o
FNDA:1,5784
FNDA:0,i
FNDA:0,i.detach
FNDA:0,i.getModifiedState
FNDA:1,4450
FNDA:0,addRefinement
FNDA:0,removeRefinement
FNDA:0,toggleRefinement
FNDA:0,clearRefinement
FNDA:0,isRefined
FNDA:1,9589
FNDA:0,h
FNDA:1,d
FNDA:0,d._parseNumbers
FNDA:0,d.make
FNDA:0,d.validate
FNDA:0,clearRefinements
FNDA:0,clearTags
FNDA:0,setIndex
FNDA:0,setQuery
FNDA:0,setPage
FNDA:0,setFacets
FNDA:0,setDisjunctiveFacets
FNDA:0,setHitsPerPage
FNDA:0,setTypoTolerance
FNDA:0,addNumericRefinement
FNDA:0,getConjunctiveRefinements
FNDA:0,getDisjunctiveRefinements
FNDA:0,getHierarchicalRefinement
FNDA:0,getExcludeRefinements
FNDA:0,removeNumericRefinement
FNDA:0,getNumericRefinements
FNDA:0,getNumericRefinement
FNDA:0,_clearNumericRefinements
FNDA:0,addFacet
FNDA:0,addDisjunctiveFacet
FNDA:0,addHierarchicalFacet
FNDA:0,addFacetRefinement
FNDA:0,addExcludeRefinement
FNDA:0,addDisjunctiveFacetRefinement
FNDA:0,addTagRefinement
FNDA:0,removeFacet
FNDA:0,removeDisjunctiveFacet
FNDA:0,removeHierarchicalFacet
FNDA:0,removeFacetRefinement
FNDA:0,removeExcludeRefinement
FNDA:0,removeDisjunctiveFacetRefinement
FNDA:0,removeTagRefinement
FNDA:0,toggleRefinement
FNDA:0,toggleFacetRefinement
FNDA:0,toggleConjunctiveFacetRefinement
FNDA:0,toggleExcludeFacetRefinement
FNDA:0,toggleDisjunctiveFacetRefinement
FNDA:0,toggleHierarchicalFacetRefinement
FNDA:0,addHierarchicalFacetRefinement
FNDA:0,removeHierarchicalFacetRefinement
FNDA:0,toggleTagRefinement
FNDA:0,isDisjunctiveFacet
FNDA:0,isHierarchicalFacet
FNDA:0,isConjunctiveFacet
FNDA:0,isFacetRefined
FNDA:0,isExcludeRefined
FNDA:0,isDisjunctiveFacetRefined
FNDA:0,isHierarchicalFacetRefined
FNDA:0,isNumericRefined
FNDA:0,isTagRefined
FNDA:0,getRefinedDisjunctiveFacets
FNDA:0,getRefinedHierarchicalFacets
FNDA:0,getUnrefinedDisjunctiveFacets
FNDA:0,getQueryParams
FNDA:0,setQueryParameter
FNDA:0,setQueryParameters
FNDA:0,resetPage
FNDA:0,_getHierarchicalFacetSortBy
FNDA:0,_getHierarchicalFacetSeparator
FNDA:0,_getHierarchicalRootPath
FNDA:0,_getHierarchicalShowParentLevel
FNDA:0,getHierarchicalFacetByName
FNDA:0,getHierarchicalFacetBreadcrumb
FNDA:0,toString
FNDA:1,4876
FNDA:0,e.exports
FNDA:1,4878
FNDA:0,p
FNDA:0,m
FNDA:0,g
FNDA:0,v
FNDA:0,y
FNDA:0,g.getFacetByName
FNDA:0,g.getFacetValues
FNDA:0,g.getFacetStats
FNDA:0,g.getRefinements
FNDA:1,2245
FNDA:0,p
FNDA:0,m
FNDA:0,g
FNDA:0,p.search
FNDA:0,p.searchOnlyWithDerivedHelpers
FNDA:0,p.getQuery
FNDA:0,p.searchOnce
FNDA:0,p.findAnswers
FNDA:0,p.searchForFacetValues
FNDA:0,p.setQuery
FNDA:0,p.clearRefinements
FNDA:0,p.clearTags
FNDA:0,p.addDisjunctiveFacetRefinement
FNDA:0,p.addDisjunctiveRefine
FNDA:0,p.addHierarchicalFacetRefinement
FNDA:0,p.addNumericRefinement
FNDA:0,p.addFacetRefinement
FNDA:0,p.addRefine
FNDA:0,p.addFacetExclusion
FNDA:0,p.addExclude
FNDA:0,p.addTag
FNDA:0,p.removeNumericRefinement
FNDA:0,p.removeDisjunctiveFacetRefinement
FNDA:0,p.removeDisjunctiveRefine
FNDA:0,p.removeHierarchicalFacetRefinement
FNDA:0,p.removeFacetRefinement
FNDA:0,p.removeRefine
FNDA:0,p.removeFacetExclusion
FNDA:0,p.removeExclude
FNDA:0,p.removeTag
FNDA:0,p.toggleFacetExclusion
FNDA:0,p.toggleExclude
FNDA:0,p.toggleRefinement
FNDA:0,p.toggleFacetRefinement
FNDA:0,p.toggleRefine
FNDA:0,p.toggleTag
FNDA:0,p.nextPage
FNDA:0,p.previousPage
FNDA:0,p.setIndex
FNDA:0,p.setQueryParameter
FNDA:0,p.setState
FNDA:0,p.overrideStateWithoutTriggeringChangeEvent
FNDA:0,p.hasRefinements
FNDA:0,p.isExcluded
FNDA:0,p.isDisjunctiveRefined
FNDA:0,p.hasTag
FNDA:0,p.isTagRefined
FNDA:0,p.getIndex
FNDA:0,p.getTags
FNDA:0,p.getRefinements
FNDA:0,p.getNumericRefinement
FNDA:0,p.getHierarchicalFacetBreadcrumb
FNDA:0,p._search
FNDA:0,p._dispatchAlgoliaResponse
FNDA:0,p._dispatchAlgoliaError
FNDA:0,p.containsRefinement
FNDA:0,p._hasDisjunctiveRefinements
FNDA:0,p._change
FNDA:0,p.clearCache
FNDA:0,p.setClient
FNDA:0,p.getClient
FNDA:0,p.derive
FNDA:0,p.detachDerivedHelper
FNDA:0,p.hasPendingRequests
FNDA:1,3903
FNDA:0,e.exports
FNDA:1,7018
FNDA:0,e.exports
FNDA:1,7649
FNDA:0,escapeFacetValue
FNDA:0,unescapeFacetValue
FNDA:1,4692
FNDA:0,e.exports
FNDA:1,9154
FNDA:0,e.exports
FNDA:1,838
FNDA:0,e.exports
FNDA:1,3282
FNDA:2,e.exports
FNDA:1,5847
FNDA:0,e.exports
FNDA:1,7942
FNDA:0,t
FNDA:0,e.exports
FNDA:1,5288
FNDA:0,e.exports
FNDA:1,9234
FNDA:0,e.exports
FNDA:1,833
FNDA:0,e.exports
FNDA:1,8169
FNDA:0,e
FNDA:1,1054
FNDA:0,i
FNDA:0,_getQueries
FNDA:0,_getHitsSearchParams
FNDA:0,_getDisjunctiveFacetSearchParams
FNDA:0,_getNumericFilters
FNDA:0,_getTagFilters
FNDA:0,_getFacetFilters
FNDA:0,_getHitsHierarchicalFacetsAttributes
FNDA:0,_getDisjunctiveHierarchicalFacetAttribute
FNDA:0,getSearchForFacetQuery
FNDA:1,3793
FNDA:0,e.exports
FNDA:1,2019
FNDA:1,7975
FNDA:0,e
FNDA:0,t
FNDA:0,r
FNDA:0,n
FNDA:0,i
FNDA:0,a
FNDA:0,o
FNDA:0,c
FNDA:0,l
FNDA:0,f
FNDA:0,d
FNDA:0,p
FNDA:0,m
FNDA:0,g
FNDA:0,v
FNDA:0,y
FNDA:0,b
FNDA:0,O
FNDA:0,j
FNDA:0,S
FNDA:0,P
FNDA:0,w
FNDA:0,R
FNDA:1,8683
FNDA:0,i
FNDA:1,9499
FNDA:0,J
FNDA:0,Z
FNDA:0,K
FNDA:0,el
FNDA:2,e_
FNDA:0,ex
FNDA:1,eE
FNDA:0,eF
FNDA:0,eT
FNDA:0,eA
FNDA:0,ek
FNDA:0,eC
FNDA:0,eI
FNDA:0,eN
FNDA:0,eD
FNDA:0,eH
FNDA:6,eL
FNDA:2,e_.clear
FNDA:0,e_.delete
FNDA:0,e_.get
FNDA:0,e_.has
FNDA:0,e_.set
FNDA:0,ex.clear
FNDA:0,ex.delete
FNDA:0,ex.get
FNDA:0,ex.has
FNDA:0,ex.set
FNDA:1,eE.clear
FNDA:0,eE.delete
FNDA:0,eE.get
FNDA:0,eE.has
FNDA:0,eE.set
FNDA:0,eF.add.eF.push
FNDA:0,eF.has
FNDA:0,eT.clear
FNDA:0,eT.delete
FNDA:0,eT.get
FNDA:0,eT.has
FNDA:0,eT.set
FNDA:5,eU
FNDA:0,eM
FNDA:0,eW
FNDA:0,eQ
FNDA:0,eU
FNDA:0,e$
FNDA:11,eB
FNDA:0,o
FNDA:0,ez
FNDA:1,eV
FNDA:0,r
FNDA:0,eJ
FNDA:0,eZ
FNDA:0,eX
FNDA:6,eG
FNDA:0,eY
FNDA:12,e0
FNDA:0,e1
FNDA:0,e2
FNDA:0,e3
FNDA:0,e3
FNDA:0,e8
FNDA:0,e9
FNDA:1,2040
FNDA:1,4390
FNDA:52,get
FNDA:52,n
FNDA:1,2273
FNDA:0,r
FNDA:0,get
FNDA:1,2582
FNDA:0,get
FNDA:0,i
FNDA:1,3029
FNDA:2,get
FNDA:16,h
FNDA:0,isDefaultPrevented
FNDA:0,isPropagationStopped
FNDA:0,persist
FNDA:0,preventDefault
FNDA:0,stopPropagation
FNDA:83,d
FNDA:5,onLoad
FNDA:0,onError
FNDA:1,7095
FNDA:8,get
FNDA:1,v
FNDA:49,y
FNDA:0,onClick
FNDA:0,onMouseEnter
FNDA:0,onTouchStart
FNDA:1,9830
FNDA:1,requestIdleCallback
FNDA:1,requestIdleCallback
FNDA:0,cancelIdleCallback
FNDA:0,r
FNDA:0,n
FNDA:1,4735
FNDA:54,get
FNDA:54,c
FNDA:3,n.root
FNDA:1,n.root
FNDA:1,4620
FNDA:0,get
FNDA:1,353
FNDA:0,r
FNDA:0,get
FNDA:1,5952
FNDA:6,get
FNDA:2,a
FNDA:4,o
FNDA:1,loading
FNDA:2,loader
FNDA:1,8885
FNDA:0,get
FNDA:0,i
FNDA:1,529
FNDA:83,get
FNDA:0,a
FNDA:249,o
FNDA:83,s
FNDA:0,H
FNDA:83,z.config
FNDA:1,6174
FNDA:1,defaultHead
FNDA:1,defaultHead
FNDA:6,default
FNDA:0,l
FNDA:0,f
FNDA:0,d
FNDA:0,p
FNDA:1,6542
FNDA:0,r
FNDA:0,get
FNDA:1,3442
FNDA:83,get
FNDA:1,7302
FNDA:1,VALID_LOADERS
FNDA:0,VALID_LOADERS
FNDA:1,imageConfigDefault
FNDA:1,5445
FNDA:1,default
FNDA:30,default
FNDA:0,unstable_getImgProps
FNDA:0,c
FNDA:1,5296
FNDA:684,r
FNDA:83,get
FNDA:1,761
FNDA:1,suspense
FNDA:0,suspense
FNDA:0,NoSSR
FNDA:0,i
FNDA:0,a
FNDA:1,6353
FNDA:4,get
FNDA:4,o
FNDA:2,r
FNDA:1,2330
FNDA:54,get
FNDA:1,7242
FNDA:1,formatUrl
FNDA:0,formatUrl
FNDA:0,urlObjectKeys
FNDA:0,formatWithValidation
FNDA:0,o
FNDA:0,c
FNDA:1,5841
FNDA:0,get
FNDA:0,a
FNDA:1,3597
FNDA:0,get
FNDA:0,n
FNDA:1,8158
FNDA:0,get
FNDA:0,a
FNDA:1,6396
FNDA:0,r
FNDA:0,get
FNDA:1,1174
FNDA:0,get
FNDA:0,i
FNDA:1,7761
FNDA:0,r
FNDA:0,n
FNDA:0,i
FNDA:0,a
FNDA:1,searchParamsToUrlQuery
FNDA:0,searchParamsToUrlQuery
FNDA:0,urlQueryToSearchParams
FNDA:0,assign
FNDA:1,7182
FNDA:0,get
FNDA:0,f
FNDA:1,6284
FNDA:0,get
FNDA:0,i
FNDA:1,965
FNDA:1,getRouteRegex
FNDA:0,getRouteRegex
FNDA:0,getNamedRouteRegex
FNDA:0,getNamedMiddlewareRegex
FNDA:0,o
FNDA:0,s
FNDA:0,c
FNDA:0,u
FNDA:0,l
FNDA:0,f
FNDA:0,h
FNDA:1,255
FNDA:0,get
FNDA:0,s
FNDA:1,6775
FNDA:1,WEB_VITALS
FNDA:0,WEB_VITALS
FNDA:0,execOnce
FNDA:54,isAbsoluteUrl
FNDA:0,getLocationOrigin
FNDA:0,getURL
FNDA:0,getDisplayName
FNDA:0,isResSent
FNDA:0,normalizeRepeatedSlashes
FNDA:0,loadGetInitialProps
FNDA:0,SP
FNDA:0,ST
FNDA:0,DecodeError
FNDA:0,NormalizeError
FNDA:0,PageNotFoundError
FNDA:0,MissingStaticPage
FNDA:0,MiddlewareNotFoundError
FNDA:0,stringifyError
FNDA:0,n
FNDA:54,a
FNDA:0,o
FNDA:0,s
FNDA:0,c
FNDA:0,u
FNDA:0,l
FNDA:0,f
FNDA:0,g
FNDA:0,v
FNDA:0,y
FNDA:0,b
FNDA:1,6731
FNDA:0,get
FNDA:0,r
FNDA:1,6003
FNDA:1,229
FNDA:0,a
FNDA:0,o
FNDA:0,s
FNDA:0,f
FNDA:0,h
FNDA:0,d
FNDA:0,p
FNDA:0,i.nextTick
FNDA:0,d.run
FNDA:0,i.listeners
FNDA:0,i.binding
FNDA:0,i.cwd
FNDA:0,i.chdir
FNDA:0,i.umask
FNDA:1,n
FNDA:1,9834
FNDA:1,815
FNDA:0,e.exports
FNDA:0,t
FNDA:1,577
FNDA:0,t
FNDA:0,e.exports
FNDA:0,r
FNDA:0,n
FNDA:0,i
FNDA:2,n
FNDA:1,3009
FNDA:1577,u
FNDA:1,3955
FNDA:1,6394
FNDA:1,5846
FNDA:1,6008
FNDA:1,8470
FNDA:0,RFC1738
FNDA:0,RFC3986
FNDA:1,7497
FNDA:1,2653
FNDA:0,s
FNDA:0,c
FNDA:0,u
FNDA:0,l
FNDA:0,f
FNDA:0,e.exports
FNDA:1,879
FNDA:0,brackets
FNDA:0,indices
FNDA:0,repeat
FNDA:0,l
FNDA:0,serializeDate
FNDA:0,e
FNDA:0,m
FNDA:0,e.exports
FNDA:1,7340
FNDA:0,s
FNDA:0,c
FNDA:0,assign
FNDA:0,combine
FNDA:0,compact
FNDA:0,decode
FNDA:0,encode
FNDA:0,isBuffer
FNDA:0,isRegExp
FNDA:0,maybeMap
FNDA:0,e
FNDA:1,7195
FNDA:2,r
FNDA:0,Object.assign.Object.assign
FNDA:0,n
FNDA:0,i
FNDA:0,u
FNDA:1,l
FNDA:0,f
FNDA:0,h
FNDA:0,d
FNDA:0,g
FNDA:1,v
FNDA:0,b
FNDA:0,O
FNDA:0,j
FNDA:0,S
FNDA:0,P
FNDA:0,w
FNDA:0,_
FNDA:0,x
FNDA:0,E
FNDA:0,F
FNDA:0,T
FNDA:0,A
FNDA:0,k
FNDA:0,C
FNDA:0,I
FNDA:0,N
FNDA:0,D
FNDA:0,Object.keys.Object.keys
FNDA:1,H
FNDA:1,L
FNDA:0,U
FNDA:0,M
FNDA:1,W
FNDA:0,t.processQueue
FNDA:1,5134
FNDA:1,8727
FNDA:0,i
FNDA:0,u
FNDA:0,l
FNDA:0,l
FNDA:1,3276
FNDA:1,7861
FNDA:12,u
FNDA:0,c
FNDA:11,u
FNDA:12,h
FNDA:8,0
FNDA:0,1
FNDA:4,d
FNDA:12,p
FNDA:0,Object.assign
FNDA:3,m
FNDA:2,g
FNDA:8,v
FNDA:10,O
FNDA:2,j
FNDA:3,P
FNDA:3,w
FNDA:0,set
FNDA:0,reset
FNDA:0,nextId
FNDA:112,get isServer
FNDA:0,get isClient
FNDA:1,detect
FNDA:6,handoff
FNDA:18,get isHandoffComplete
FNDA:112,_
FNDA:16,x
FNDA:84,E
FNDA:12,F
FNDA:64,T
FNDA:12,k
FNDA:8,C
FNDA:0,addEventListener
FNDA:0,requestAnimationFrame
FNDA:0,nextFrame
FNDA:0,setTimeout
FNDA:0,microTask
FNDA:0,style
FNDA:0,group
FNDA:1,add
FNDA:0,dispose
FNDA:0,I
FNDA:0,N
FNDA:14,D
FNDA:14,H
FNDA:8,W
FNDA:12,Q
FNDA:0,q
FNDA:4,B
FNDA:0,hidden
FNDA:1,visible
FNDA:0,h
FNDA:0,t.add.d
FNDA:0,t.add.d
FNDA:0,enter
FNDA:0,leave
FNDA:0,enter
FNDA:0,leave
FNDA:0,enter
FNDA:0,leave
FNDA:1,9245
FNDA:0,n
FNDA:0,_
FNDA:1,9087
FNDA:0,HV
FNDA:0,KN
FNDA:0,i
FNDA:0,a
FNDA:0,o
FNDA:0,s
FNDA:0,c
FNDA:1,9502
FNDA:6,n
FNDA:6,K
FNDA:1,6405
FNDA:0,Rn
FNDA:0,dg
FNDA:0,mY
FNDA:0,a
FNDA:0,o
FNDA:0,s
FNDA:0,c
FNDA:0,u
FNDA:0,h
FNDA:0,d
FNDA:1,6685
FNDA:0,A
FNDA:0,Y
FNDA:0,o
FNDA:0,l
FNDA:1,4020
FNDA:0,H
FNDA:0,i
FNDA:1,6883
FNDA:0,n
FNDA:0,E
FNDA:1,258
FNDA:0,n
FNDA:0,i
FNDA:0,a
FNDA:0,o
FNDA:0,x
FNDA:1,3356
FNDA:0,n
FNDA:0,i
FNDA:0,a
FNDA:0,o
FNDA:0,I
FNDA:1,4644
FNDA:0,n
FNDA:0,X
FNDA:1,3059
FNDA:0,n
FNDA:0,J
FNDA:1,9804
FNDA:0,n
FNDA:0,i
FNDA:0,P
FNDA:1,9676
FNDA:0,n
FNDA:0,Z
FNDA:0,a
FNDA:0,o
FNDA:0,s
FNDA:0,c
FNDA:0,u
FNDA:1,2196
FNDA:0,n
FNDA:0,Z
FNDA:1,9142
FNDA:0,n
FNDA:0,i
FNDA:0,d
FNDA:0,q
FNDA:1,8202
FNDA:0,n
FNDA:0,a
FNDA:1,9610
FNDA:0,Z
FNDA:0,c
FNDA:0,l
FNDA:0,f
FNDA:0,h
FNDA:0,d
FNDA:0,p
FNDA:0,g
FNDA:0,v
FNDA:0,y
FNDA:0,b
FNDA:0,O
FNDA:1,5842
FNDA:0,x0
FNDA:0,n
FNDA:1,6126
FNDA:0,T
FNDA:0,c
FNDA:0,u
FNDA:0,l
FNDA:0,f
FNDA:0,d
FNDA:0,p
FNDA:0,g
FNDA:1,3638
FNDA:0,g
FNDA:0,p
FNDA:1,291
FNDA:0,p
FNDA:0,c
FNDA:0,u
FNDA:0,f
FNDA:0,h
FNDA:0,d
FNDA:0,p
FNDA:0,m
FNDA:0,g
FNDA:0,b
FNDA:1,S
FNDA:14,S.S
FNDA:0,S.S
FNDA:1,P
FNDA:0,w
FNDA:7,R
FNDA:0,_
FNDA:0,r
FNDA:0,value
FNDA:0,value
FNDA:0,value
FNDA:0,value
FNDA:0,value
FNDA:0,value
FNDA:0,value
FNDA:0,E
FNDA:0,T
FNDA:0,A
FNDA:0,k
FNDA:0,C
FNDA:0,N
FNDA:0,D
FNDA:0,H
FNDA:0,L
FNDA:0,U
FNDA:4,W
FNDA:0,B
FNDA:0,J
FNDA:0,Z
FNDA:0,K
FNDA:0,X
FNDA:0,en
FNDA:0,ei
FNDA:0,ea
FNDA:0,eo
FNDA:0,eu
FNDA:0,ef
FNDA:1,eh
FNDA:30,eh
FNDA:0,eh
FNDA:0,ed
FNDA:1,ep
FNDA:1,em
FNDA:0,em
FNDA:0,eg
FNDA:0,ev
FNDA:0,ey
FNDA:15,eb
FNDA:0,ej
FNDA:0,i
FNDA:0,a
FNDA:0,get
FNDA:0,value
FNDA:0,value
FNDA:0,value
FNDA:0,value
FNDA:0,value
FNDA:0,value
FNDA:0,value
FNDA:0,value
FNDA:0,value
FNDA:0,value
FNDA:0,value
FNDA:0,value
FNDA:0,value
FNDA:0,value
FNDA:0,eA
FNDA:0,eC
FNDA:1,7574
FNDA:0,O
FNDA:0,l
FNDA:0,f
FNDA:0,h
FNDA:0,d
FNDA:0,m
FNDA:0,v
FNDA:1,3861
FNDA:0,a
FNDA:0,h
FNDA:0,m
FNDA:0,g
FNDA:0,v
FNDA:0,y
FNDA:0,b
FNDA:0,O
FNDA:0,S
FNDA:0,P
FNDA:0,w
FNDA:0,_
FNDA:1,9006
FNDA:0,l
FNDA:0,o
FNDA:0,s
FNDA:0,c
FNDA:0,l
FNDA:0,f
FNDA:0,d
FNDA:1,7593
FNDA:0,B
FNDA:0,o
FNDA:0,s
FNDA:0,c
FNDA:0,u
FNDA:0,m
FNDA:0,y
FNDA:0,b
FNDA:0,O
FNDA:0,j
FNDA:0,S
FNDA:1,6808
FNDA:0,Z
FNDA:1,6079
FNDA:0,Z
FNDA:1,9745
FNDA:0,n
FNDA:0,J
FNDA:1,6115
FNDA:0,n
FNDA:0,k
FNDA:1,9080
FNDA:0,N
FNDA:0,i
FNDA:0,a
FNDA:1,2952
FNDA:0,a
FNDA:0,o
FNDA:1,2741
FNDA:0,z
FNDA:0,o
FNDA:1,9120
FNDA:0,s
FNDA:0,a
FNDA:1,3232
FNDA:0,a
FNDA:0,a
FNDA:1,4814
FNDA:0,L
FNDA:1,4490
FNDA:0,q
FNDA:0,a
FNDA:0,o
FNDA:1,7354
FNDA:0,F
FNDA:0,s
DA:1,1
DA:2,1
DA:3,1
DA:4,1
DA:5,1
DA:6,1
DA:7,1
DA:8,1
DA:9,1
DA:10,1
DA:11,1
DA:12,1
DA:13,1
DA:14,1
DA:15,1
DA:16,1
DA:17,1
DA:18,1
DA:19,1
DA:20,1
DA:21,1
DA:22,0
DA:23,0
DA:24,1
LF:24
LH:22
BRDA:1,0,0,1
BRDA:1,1,0,0
BRDA:1,2,0,1
BRDA:1,3,0,1
BRDA:1,4,0,1
BRDA:1,5,0,1
BRDA:1,6,0,1
BRDA:1,7,0,1
BRDA:1,8,0,0
BRDA:1,9,0,0
BRDA:1,10,0,1
BRDA:1,11,0,1
BRDA:1,12,0,1
BRDA:1,13,0,1
BRDA:1,14,0,1
BRDA:1,15,0,1
BRDA:1,16,0,1
BRDA:1,17,0,1
BRDA:1,18,0,1
BRDA:1,19,0,1
BRDA:1,20,0,2
BRDA:1,21,0,1
BRDA:1,22,0,1
BRDA:1,23,0,1
BRDA:1,24,0,1
BRDA:1,25,0,1
BRDA:1,26,0,1
BRDA:1,27,0,1
BRDA:1,28,0,1
BRDA:1,29,0,1
BRDA:1,30,0,1
BRDA:1,31,0,1
BRDA:1,32,0,1
BRDA:5,33,0,1
BRDA:5,34,0,0
BRDA:5,35,0,0
BRDA:5,36,0,1
BRDA:5,37,0,0
BRDA:5,38,0,0
BRDA:5,39,0,0
BRDA:5,40,0,0
BRDA:5,41,0,0
BRDA:5,42,0,0
BRDA:5,43,0,0
BRDA:5,44,0,0
BRDA:5,45,0,0
BRDA:5,46,0,1
BRDA:5,47,0,0
BRDA:5,48,0,0
BRDA:5,49,0,2
BRDA:5,50,0,0
BRDA:5,51,0,0
BRDA:5,52,0,1
BRDA:5,53,0,0
BRDA:5,54,0,0
BRDA:5,55,0,6
BRDA:5,56,0,0
BRDA:5,57,0,0
BRDA:5,58,0,0
BRDA:5,59,0,0
BRDA:5,60,0,0
BRDA:5,61,0,2
BRDA:5,62,0,0
BRDA:5,63,0,1
BRDA:5,64,0,0
BRDA:5,65,0,5
BRDA:5,66,0,11
BRDA:5,67,0,0
BRDA:5,68,0,0
BRDA:5,69,0,1
BRDA:5,70,0,0
BRDA:5,71,0,0
BRDA:5,72,0,6
BRDA:5,73,0,0
BRDA:5,74,0,0
BRDA:5,75,0,12
BRDA:5,76,0,1
BRDA:5,77,0,0
BRDA:5,78,0,0
BRDA:5,79,0,1
BRDA:5,80,0,0
BRDA:5,81,0,0
BRDA:5,82,0,52
BRDA:5,83,0,52
BRDA:5,84,0,0
BRDA:5,85,0,104
BRDA:5,86,0,1
BRDA:5,87,0,0
BRDA:5,88,0,0
BRDA:5,89,0,1
BRDA:5,90,0,0
BRDA:5,91,0,0
BRDA:5,92,0,1
BRDA:5,93,0,0
BRDA:5,94,0,0
BRDA:5,95,0,2
BRDA:5,96,0,16
BRDA:5,97,0,0
BRDA:5,98,0,0
BRDA:5,99,0,0
BRDA:5,100,0,16
BRDA:5,101,0,0
BRDA:5,102,0,0
BRDA:5,103,0,0
BRDA:5,104,0,0
BRDA:5,105,0,0
BRDA:5,106,0,83
BRDA:5,107,0,0
BRDA:5,108,0,83
BRDA:5,109,0,69
BRDA:5,110,0,14
BRDA:5,111,0,35
BRDA:5,112,0,0
BRDA:5,113,0,33
BRDA:5,114,0,0
BRDA:5,115,0,11
BRDA:5,116,0,5
BRDA:5,117,0,83
BRDA:5,118,0,0
BRDA:5,119,0,35
BRDA:5,120,0,0
BRDA:5,121,0,875
BRDA:5,122,0,175
BRDA:5,123,0,33
BRDA:5,124,0,33
BRDA:5,125,0,1
BRDA:5,126,0,8
BRDA:5,127,0,1
BRDA:5,128,0,0
BRDA:5,129,0,0
BRDA:5,130,0,0
BRDA:5,131,0,0
BRDA:5,132,0,0
BRDA:5,133,0,0
BRDA:5,134,0,49
BRDA:5,135,0,0
BRDA:5,136,0,54
BRDA:5,137,0,0
BRDA:5,138,0,0
BRDA:5,139,0,0
BRDA:5,140,0,0
BRDA:5,141,0,0
BRDA:5,142,0,0
BRDA:5,143,0,2
BRDA:5,144,0,52
BRDA:5,145,0,0
BRDA:5,146,0,0
BRDA:5,147,0,0
BRDA:5,148,0,0
BRDA:5,149,0,0
BRDA:5,150,0,0
BRDA:5,151,0,0
BRDA:5,152,0,49
BRDA:5,153,0,0
BRDA:5,154,0,0
BRDA:5,155,0,46
BRDA:5,156,0,0
BRDA:5,157,0,0
BRDA:5,158,0,47
BRDA:5,159,0,1
BRDA:5,160,0,1
BRDA:5,161,0,0
BRDA:5,162,0,0
BRDA:5,163,0,0
BRDA:5,164,0,0
BRDA:5,165,0,1
BRDA:5,166,0,2
BRDA:5,167,0,1
BRDA:5,168,0,1
BRDA:5,169,0,0
BRDA:5,170,0,0
BRDA:5,171,0,54
BRDA:5,172,0,54
BRDA:5,173,0,46
BRDA:5,174,0,49
BRDA:5,175,0,1
BRDA:5,176,0,48
BRDA:5,177,0,48
BRDA:5,178,0,0
BRDA:5,179,0,0
BRDA:5,180,0,48
BRDA:5,181,0,48
BRDA:5,182,0,0
BRDA:5,183,0,47
BRDA:5,184,0,47
BRDA:5,185,0,1
BRDA:5,186,0,47
BRDA:5,187,0,3
BRDA:5,188,0,46
BRDA:5,189,0,45
BRDA:5,190,0,1
BRDA:5,191,0,3
BRDA:5,192,0,0
BRDA:5,193,0,1
BRDA:5,194,0,1
BRDA:5,195,0,1
BRDA:5,196,0,1
BRDA:5,197,0,0
BRDA:5,198,0,6
BRDA:5,199,0,2
BRDA:5,200,0,0
BRDA:5,201,0,0
BRDA:5,202,0,4
BRDA:5,203,0,1
BRDA:5,204,0,2
BRDA:5,205,0,0
BRDA:5,206,0,1
BRDA:5,207,0,1
BRDA:5,208,0,83
BRDA:5,209,0,249
BRDA:5,210,0,221
BRDA:5,211,0,28
BRDA:5,212,0,18
BRDA:5,213,0,0
BRDA:5,214,0,10
BRDA:5,215,0,0
BRDA:5,216,0,83
BRDA:5,217,0,0
BRDA:5,218,0,0
BRDA:5,219,0,0
BRDA:5,220,0,0
BRDA:5,221,0,0
BRDA:5,222,0,0
BRDA:5,223,0,0
BRDA:5,224,0,78
BRDA:5,225,0,0
BRDA:5,226,0,0
BRDA:5,227,0,0
BRDA:5,228,0,12
BRDA:5,229,0,0
BRDA:5,230,0,69
BRDA:5,231,0,14
BRDA:5,232,0,0
BRDA:5,233,0,0
BRDA:5,234,0,0
BRDA:5,235,0,83
BRDA:5,236,0,12
BRDA:5,237,0,71
BRDA:5,238,0,2
BRDA:5,239,0,71
BRDA:5,240,0,0
BRDA:5,241,0,71
BRDA:5,242,0,69
BRDA:5,243,0,201
BRDA:5,244,0,0
BRDA:5,245,0,2
BRDA:5,246,0,0
BRDA:5,247,0,2
BRDA:5,248,0,828
BRDA:5,249,0,4
BRDA:5,250,0,0
BRDA:5,251,0,22
BRDA:5,252,0,613
BRDA:5,253,0,609
BRDA:5,254,0,4
BRDA:5,255,0,1
BRDA:5,256,0,0
BRDA:5,257,0,1
BRDA:5,258,0,2
BRDA:5,259,0,1
BRDA:5,260,0,6
BRDA:5,261,0,1
BRDA:5,262,0,1
BRDA:5,263,0,83
BRDA:5,264,0,1
BRDA:5,265,0,1
BRDA:5,266,0,2
BRDA:5,267,0,1
BRDA:5,268,0,1
BRDA:5,269,0,1
BRDA:5,270,0,2
BRDA:5,271,0,30
BRDA:5,272,0,1
BRDA:5,273,0,684
BRDA:5,274,0,83
BRDA:5,275,0,1
BRDA:5,276,0,1
BRDA:5,277,0,2
BRDA:5,278,0,1
BRDA:5,279,0,4
BRDA:5,280,0,4
BRDA:5,281,0,2
BRDA:5,282,0,0
BRDA:5,283,0,1
BRDA:5,284,0,54
BRDA:5,285,0,1
BRDA:5,286,0,1
BRDA:5,287,0,3
BRDA:5,288,0,1
BRDA:5,289,0,1
BRDA:5,290,0,1
BRDA:5,291,0,1
BRDA:5,292,0,1
BRDA:5,293,0,1
BRDA:5,294,0,1
BRDA:5,295,0,3
BRDA:5,296,0,1
BRDA:5,297,0,1
BRDA:5,298,0,1
BRDA:5,299,0,1
BRDA:5,300,0,3
BRDA:5,301,0,1
BRDA:5,302,0,1
BRDA:5,303,0,1
BRDA:5,304,0,17
BRDA:5,305,0,54
BRDA:5,306,0,54
BRDA:5,307,0,3
BRDA:5,308,0,1
BRDA:5,309,0,1
BRDA:5,310,0,1
BRDA:5,311,0,1
BRDA:5,312,0,1
BRDA:5,313,0,0
BRDA:5,314,0,0
BRDA:5,315,0,0
BRDA:5,316,0,0
BRDA:5,317,0,1
BRDA:5,318,0,0
BRDA:5,319,0,0
BRDA:5,320,0,1
BRDA:5,321,0,1
BRDA:5,322,0,1
BRDA:5,323,0,0
BRDA:5,324,0,1
BRDA:5,325,0,0
BRDA:5,326,0,0
BRDA:5,327,0,2
BRDA:5,328,0,0
BRDA:5,329,0,0
BRDA:5,330,0,1
BRDA:13,331,0,1577
BRDA:13,332,0,1041
BRDA:13,333,0,0
BRDA:13,334,0,0
BRDA:13,335,0,3719
BRDA:13,336,0,0
BRDA:13,337,0,1
BRDA:13,338,0,1
BRDA:13,339,0,1
BRDA:13,340,0,1
BRDA:13,341,0,1
BRDA:13,342,0,1
BRDA:13,343,0,1
BRDA:13,344,0,1
BRDA:13,345,0,1
BRDA:13,346,0,1
BRDA:13,347,0,256
BRDA:13,348,0,16
BRDA:13,349,0,240
BRDA:13,350,0,1
BRDA:13,351,0,0
BRDA:13,352,0,2
BRDA:13,353,0,0
BRDA:13,354,0,1
BRDA:13,355,0,0
BRDA:13,356,0,1
BRDA:13,357,0,31
BRDA:13,358,0,30
BRDA:13,359,0,1
BRDA:13,360,0,1
BRDA:13,361,0,0
BRDA:13,362,0,1
BRDA:13,363,0,1
BRDA:13,364,0,0
BRDA:13,365,0,1
BRDA:13,366,0,1
BRDA:13,367,0,5
BRDA:13,368,0,4
BRDA:13,369,0,1
BRDA:21,370,0,0
BRDA:21,371,0,0
BRDA:21,372,0,0
BRDA:21,373,0,1
BRDA:21,374,0,1
BRDA:21,375,0,12
BRDA:21,376,0,11
BRDA:21,377,0,9
BRDA:21,378,0,2
BRDA:21,379,0,0
BRDA:21,380,0,12
BRDA:21,381,0,4
BRDA:21,382,0,8
BRDA:21,383,0,0
BRDA:21,384,0,0
BRDA:21,385,0,8
BRDA:21,386,0,0
BRDA:21,387,0,0
BRDA:21,388,0,8
BRDA:21,389,0,4
BRDA:21,390,0,2
BRDA:21,391,0,0
BRDA:21,392,0,2
BRDA:21,393,0,0
BRDA:21,394,0,0
BRDA:21,395,0,0
BRDA:21,396,0,2
BRDA:21,397,0,0
BRDA:24,398,0,2
BRDA:24,399,0,2
BRDA:24,400,0,12
BRDA:24,401,0,0
BRDA:24,402,0,0
BRDA:24,403,0,24
BRDA:24,404,0,36
BRDA:24,405,0,0
BRDA:24,406,0,0
BRDA:24,407,0,0
BRDA:24,408,0,3
BRDA:24,409,0,0
BRDA:24,410,0,2
BRDA:24,411,0,0
BRDA:24,412,0,8
BRDA:24,413,0,12
BRDA:24,414,0,6
BRDA:24,415,0,10
BRDA:24,416,0,2
BRDA:24,417,0,3
BRDA:24,418,0,0
BRDA:24,419,0,3
BRDA:24,420,0,0
BRDA:24,421,0,1
BRDA:24,422,0,112
BRDA:24,423,0,1
BRDA:24,424,0,0
BRDA:24,425,0,6
BRDA:24,426,0,1
BRDA:24,427,0,18
BRDA:24,428,0,112
BRDA:24,429,0,0
BRDA:24,430,0,16
BRDA:24,431,0,8
BRDA:24,432,0,84
BRDA:24,433,0,83
BRDA:24,434,0,12
BRDA:24,435,0,6
BRDA:24,436,0,0
BRDA:24,437,0,12
BRDA:24,438,0,6
BRDA:24,439,0,6
BRDA:24,440,0,64
BRDA:24,441,0,4
BRDA:24,442,0,12
BRDA:24,443,0,0
BRDA:24,444,0,12
BRDA:24,445,0,2
BRDA:24,446,0,4
BRDA:24,447,0,3
BRDA:24,448,0,1
BRDA:24,449,0,2
BRDA:24,450,0,12
BRDA:24,451,0,0
BRDA:24,452,0,8
BRDA:24,453,0,1
BRDA:24,454,0,14
BRDA:24,455,0,7
BRDA:24,456,0,14
BRDA:24,457,0,18
BRDA:24,458,0,8
BRDA:24,459,0,4
BRDA:24,460,0,12
BRDA:24,461,0,2
BRDA:24,462,0,1
BRDA:24,463,0,0
BRDA:24,464,0,1
BRDA:24,465,0,1
BRDA:24,466,0,6
BRDA:24,467,0,4
BRDA:24,468,0,16
BRDA:24,469,0,0
BRDA:24,470,0,10
BRDA:24,471,0,0
BRDA:24,472,0,0
BRDA:24,473,0,2
BRDA:24,474,0,8
BRDA:24,475,0,5
BRDA:24,476,0,0
BRDA:24,477,0,5
BRDA:24,478,0,5
BRDA:24,479,0,1
BRDA:24,480,0,4
BRDA:24,481,0,0
BRDA:24,482,0,2
BRDA:24,483,0,0
BRDA:24,484,0,0
BRDA:24,485,0,1
BRDA:24,486,0,0
BRDA:24,487,0,0
BRDA:24,488,0,0
BRDA:24,489,0,2
BRDA:24,490,0,0
BRDA:24,491,0,2
BRDA:24,492,0,0
BRDA:24,493,0,1
BRDA:24,494,0,1
BRDA:24,495,0,0
BRDA:24,496,0,1
BRDA:24,497,0,2
BRDA:24,498,0,2
BRDA:24,499,0,1
BRDA:24,500,0,0
BRDA:24,501,0,2
BRDA:24,502,0,2
BRDA:24,503,0,1
BRDA:24,504,0,0
BRDA:24,505,0,0
BRDA:24,506,0,1
BRDA:24,507,0,0
BRDA:24,508,0,1
BRDA:24,509,0,1
BRDA:24,510,0,1
BRDA:24,511,0,6
BRDA:24,512,0,6
BRDA:24,513,0,4
BRDA:24,514,0,2
BRDA:24,515,0,6
BRDA:24,516,0,1
BRDA:24,517,0,1
BRDA:24,518,0,1
BRDA:24,519,0,1
BRDA:24,520,0,1
BRDA:24,521,0,1
BRDA:24,522,0,1
BRDA:24,523,0,1
BRDA:24,524,0,1
BRDA:24,525,0,1
BRDA:24,526,0,1
BRDA:24,527,0,1
BRDA:24,528,0,1
BRDA:24,529,0,1
BRDA:24,530,0,1
BRDA:24,531,0,1
BRDA:24,532,0,1
BRDA:24,533,0,1
BRDA:24,534,0,1
BRDA:24,535,0,0
BRDA:24,536,0,14
BRDA:24,537,0,1
BRDA:24,538,0,7
BRDA:24,539,0,7
BRDA:24,540,0,0
BRDA:24,541,0,7
BRDA:24,542,0,0
BRDA:24,543,0,0
BRDA:24,544,0,1
BRDA:24,545,0,0
BRDA:24,546,0,4
BRDA:24,547,0,1
BRDA:24,548,0,0
BRDA:24,549,0,30
BRDA:24,550,0,1
BRDA:24,551,0,15
BRDA:24,552,0,14
BRDA:24,553,0,1
BRDA:24,554,0,0
BRDA:24,555,0,15
BRDA:24,556,0,0
BRDA:24,557,0,15
BRDA:24,558,0,0
BRDA:24,559,0,0
BRDA:24,560,0,1
BRDA:24,561,0,0
BRDA:24,562,0,1
BRDA:24,563,0,0
BRDA:24,564,0,0
BRDA:24,565,0,1
BRDA:24,566,0,0
BRDA:24,567,0,0
BRDA:24,568,0,1
BRDA:24,569,0,1
BRDA:24,570,0,1
BRDA:24,571,0,1
BRDA:24,572,0,1
BRDA:24,573,0,1
BRDA:24,574,0,1
BRDA:24,575,0,1
BRDA:24,576,0,1
BRDA:24,577,0,1
BRDA:24,578,0,1
BRDA:24,579,0,1
BRDA:24,580,0,1
BRDA:24,581,0,1
BRDA:24,582,0,0
BRDA:24,583,0,1
BRDA:24,584,0,1
BRF:585
BRH:388
end_of_record
TN:
SF:https:/www.guinness.diageo.site/_next/static/chunks/626.e4209273122aa565.js
FN:1,4626
FN:1,t.default
FN:1,y
FN:1,onSubmit
FN:1,onChange
FN:1,onChange
FN:1,onChange
FN:1,onChange
FN:1,onChange
FN:1,onChange
FN:1,onChange
FN:1,7359
FNF:12
FNH:6
FNDA:1,4626
FNDA:7,t.default
FNDA:0,y
FNDA:1,onSubmit
FNDA:0,onChange
FNDA:1,onChange
FNDA:1,onChange
FNDA:1,onChange
FNDA:0,onChange
FNDA:0,onChange
FNDA:0,onChange
FNDA:0,7359
DA:1,1
LF:1
LH:1
BRDA:1,0,0,1
BRDA:1,1,0,0
BRDA:1,2,0,1
BRDA:1,3,0,7
BRDA:1,4,0,0
BRDA:1,5,0,0
BRDA:1,6,0,6
BRDA:1,7,0,5
BRDA:1,8,0,4
BRDA:1,9,0,0
BRDA:1,10,0,0
BRDA:1,11,0,3
BRDA:1,12,0,2
BRDA:1,13,0,2
BRDA:1,14,0,2
BRDA:1,15,0,0
BRDA:1,16,0,1
BRDA:1,17,0,496
BRDA:1,18,0,354
BRDA:1,19,0,1
BRDA:1,20,0,0
BRDA:1,21,0,0
BRDA:1,22,0,1
BRDA:1,23,0,1
BRDA:1,24,0,1
BRDA:1,25,0,992
BRF:26
BRH:18
end_of_record
TN:
SF:https:/www.guinness.diageo.site/_next/static/chunks/854-62930f93a07f4a3e.js
FN:1,3678
FN:1,3097
FN:1,3186
FN:1,YD
FN:1,d
FN:1,382
FN:1,tq
FN:1,o5
FN:1,n
FN:1,l
FN:1,a
FN:1,o
FN:1,d
FN:1,c
FN:1,u
FN:1,p
FN:1,f
FN:1,m
FN:1,w
FN:1,w
FN:1,e
FN:1,W
FN:1,_containerClasses
FN:1,q
FN:1,$.current.loopCreate
FN:1,$.current.loopDestroy
FN:1,Y
FN:1,X
FN:1,a
FN:1,n
FN:1,S
FN:1,S.S
FN:1,f
FN:1,w
FN:1,2285
FN:1,l
FN:1,a
FN:1,W_
FN:1,ZP
FN:1,addEventListener
FN:1,removeEventListener
FN:1,blur
FN:1,querySelector
FN:1,querySelectorAll
FN:1,getElementById
FN:1,createEvent
FN:1,createElement
FN:1,createElementNS
FN:1,importNode
FN:1,d
FN:1,replaceState
FN:1,pushState
FN:1,go
FN:1,back
FN:1,CustomEvent
FN:1,addEventListener
FN:1,removeEventListener
FN:1,getComputedStyle
FN:1,Image
FN:1,Date
FN:1,setTimeout
FN:1,clearTimeout
FN:1,matchMedia
FN:1,requestAnimationFrame
FN:1,cancelAnimationFrame
FN:1,h
FN:1,u
FN:1,get
FN:1,set
FN:1,p
FN:1,f
FN:1,m
FN:1,v
FN:1,addClass
FN:1,removeClass
FN:1,hasClass
FN:1,toggleClass
FN:1,attr
FN:1,removeAttr
FN:1,transform
FN:1,transition
FN:1,on
FN:1,l
FN:1,a
FN:1,off
FN:1,trigger
FN:1,transitionEnd
FN:1,outerWidth
FN:1,outerHeight
FN:1,styles
FN:1,offset
FN:1,css
FN:1,each
FN:1,html
FN:1,text
FN:1,is
FN:1,index
FN:1,eq
FN:1,append
FN:1,prepend
FN:1,next
FN:1,nextAll
FN:1,prev
FN:1,prevAll
FN:1,parent
FN:1,parents
FN:1,closest
FN:1,find
FN:1,children
FN:1,filter
FN:1,remove
FN:1,b
FN:1,S
FN:1,T
FN:1,C
FN:1,E
FN:1,y
FN:1,x
FN:1,get
FN:1,k
FN:1,P
FN:1,M
FN:1,O
FN:1,L
FN:1,_
FN:1,$
FN:1,z
FN:1,D
FN:1,N
FN:1,on
FN:1,once
FN:1,onAny
FN:1,offAny
FN:1,off
FN:1,emit
FN:1,updateSize
FN:1,updateSlides
FN:1,i
FN:1,s
FN:1,updateAutoHeight
FN:1,updateSlidesOffset
FN:1,updateSlidesProgress
FN:1,updateProgress
FN:1,updateSlidesClasses
FN:1,updateActiveIndex
FN:1,updateClickedSlide
FN:1,getTranslate
FN:1,setTranslate
FN:1,minTranslate
FN:1,maxTranslate
FN:1,translateTo
FN:1,setTransition
FN:1,transitionStart
FN:1,transitionEnd
FN:1,slideTo
FN:1,l.animating.l.onSlideToWrapperTransitionEnd.l.onSlideToWrapperTransitionEnd
FN:1,slideToLoop
FN:1,slideNext
FN:1,slidePrev
FN:1,slideReset
FN:1,slideToClosest
FN:1,slideToClickedSlide
FN:1,loopCreate
FN:1,loopFix
FN:1,loopDestroy
FN:1,setGrabCursor
FN:1,unsetGrabCursor
FN:1,attachEvents
FN:1,detachEvents
FN:1,setBreakpoint
FN:1,getBreakpoint
FN:1,checkOverflow
FN:1,addClasses
FN:1,l.pointer-events
FN:1,removeClasses
FN:1,loadImage
FN:1,preloadImages
FN:1,B
FN:1,B.s.device.userAgent
FN:1,e.extendParams
FN:1,isHorizontal
FN:1,isVertical
FN:1,enable
FN:1,disable
FN:1,setProgress
FN:1,emitContainerClasses
FN:1,getSlideClasses
FN:1,emitSlidesClasses
FN:1,slidesPerViewDynamic
FN:1,update
FN:1,changeDirection
FN:1,changeLanguageDirection
FN:1,mount
FN:1,s
FN:1,t.children
FN:1,init
FN:1,destroy
FN:1,extendDefaults
FN:1,get extendedDefaults
FN:1,get defaults
FN:1,installModule
FN:1,use
FN:1,V
FN:1,l
FN:1,a
FN:1,o
FN:1,d
FN:1,l
FN:1,R
FN:1,r
FN:1,n
FN:1,l
FN:1,a
FN:1,o
FN:1,c
FN:1,e.params.navigation.nextEl
FN:1,h
FN:1,u
FN:1,enable
FNF:219
FNH:106
FNDA:1,3678
FNDA:1,3097
FNDA:1,3186
FNDA:0,YD
FNDA:0,d
FNDA:1,382
FNDA:3,tq
FNDA:21,o5
FNDA:50,n
FNDA:12,l
FNDA:4,a
FNDA:4,o
FNDA:4,d
FNDA:87,c
FNDA:4,u
FNDA:21,p
FNDA:1,f
FNDA:177,m
FNDA:1,w
FNDA:0,w
FNDA:0,e
FNDA:1,W
FNDA:1,_containerClasses
FNDA:1,q
FNDA:1,$.current.loopCreate
FNDA:0,$.current.loopDestroy
FNDA:3,Y
FNDA:2,X
FNDA:0,a
FNDA:42,n
FNDA:1,S
FNDA:0,S.S
FNDA:882,f
FNDA:84,w
FNDA:1,2285
FNDA:9969,l
FNDA:549,a
FNDA:3,W_
FNDA:11,ZP
FNDA:0,addEventListener
FNDA:0,removeEventListener
FNDA:0,blur
FNDA:0,querySelector
FNDA:0,querySelectorAll
FNDA:0,getElementById
FNDA:0,createEvent
FNDA:0,createElement
FNDA:0,createElementNS
FNDA:0,importNode
FNDA:260,d
FNDA:0,replaceState
FNDA:0,pushState
FNDA:0,go
FNDA:0,back
FNDA:0,CustomEvent
FNDA:0,addEventListener
FNDA:0,removeEventListener
FNDA:0,getComputedStyle
FNDA:0,Image
FNDA:0,Date
FNDA:0,setTimeout
FNDA:0,clearTimeout
FNDA:0,matchMedia
FNDA:0,requestAnimationFrame
FNDA:0,cancelAnimationFrame
FNDA:289,h
FNDA:147,u
FNDA:0,get
FNDA:0,set
FNDA:24,p
FNDA:4,f
FNDA:143,m
FNDA:22,v
FNDA:7,addClass
FNDA:1,removeClass
FNDA:4,hasClass
FNDA:0,toggleClass
FNDA:3,attr
FNDA:0,removeAttr
FNDA:1,transform
FNDA:2,transition
FNDA:2,on
FNDA:0,l
FNDA:0,a
FNDA:0,off
FNDA:0,trigger
FNDA:0,transitionEnd
FNDA:0,outerWidth
FNDA:0,outerHeight
FNDA:0,styles
FNDA:0,offset
FNDA:29,css
FNDA:2,each
FNDA:0,html
FNDA:0,text
FNDA:107,is
FNDA:0,index
FNDA:25,eq
FNDA:0,append
FNDA:0,prepend
FNDA:0,next
FNDA:1,nextAll
FNDA:0,prev
FNDA:1,prevAll
FNDA:0,parent
FNDA:0,parents
FNDA:0,closest
FNDA:0,find
FNDA:5,children
FNDA:0,filter
FNDA:0,remove
FNDA:0,b
FNDA:1,S
FNDA:1889,T
FNDA:31,C
FNDA:0,E
FNDA:0,y
FNDA:2,x
FNDA:1,get
FNDA:2,k
FNDA:0,P
FNDA:6,M
FNDA:6,O
FNDA:0,L
FNDA:0,_
FNDA:0,$
FNDA:0,z
FNDA:1,D
FNDA:2,N
FNDA:80,on
FNDA:0,once
FNDA:0,onAny
FNDA:0,offAny
FNDA:46,off
FNDA:71,emit
FNDA:1,updateSize
FNDA:1,updateSlides
FNDA:105,i
FNDA:105,s
FNDA:0,updateAutoHeight
FNDA:0,updateSlidesOffset
FNDA:0,updateSlidesProgress
FNDA:1,updateProgress
FNDA:1,updateSlidesClasses
FNDA:1,updateActiveIndex
FNDA:0,updateClickedSlide
FNDA:0,getTranslate
FNDA:1,setTranslate
FNDA:4,minTranslate
FNDA:2,maxTranslate
FNDA:0,translateTo
FNDA:2,setTransition
FNDA:1,transitionStart
FNDA:1,transitionEnd
FNDA:1,slideTo
FNDA:0,l.animating.l.onSlideToWrapperTransitionEnd.l.onSlideToWrapperTransitionEnd
FNDA:0,slideToLoop
FNDA:0,slideNext
FNDA:0,slidePrev
FNDA:0,slideReset
FNDA:0,slideToClosest
FNDA:0,slideToClickedSlide
FNDA:0,loopCreate
FNDA:0,loopFix
FNDA:0,loopDestroy
FNDA:0,setGrabCursor
FNDA:0,unsetGrabCursor
FNDA:1,attachEvents
FNDA:0,detachEvents
FNDA:1,setBreakpoint
FNDA:5,getBreakpoint
FNDA:2,checkOverflow
FNDA:1,addClasses
FNDA:1,l.pointer-events
FNDA:0,removeClasses
FNDA:0,loadImage
FNDA:0,preloadImages
FNDA:1,B
FNDA:1,B.s.device.userAgent
FNDA:2,e.extendParams
FNDA:108,isHorizontal
FNDA:0,isVertical
FNDA:0,enable
FNDA:0,disable
FNDA:0,setProgress
FNDA:1,emitContainerClasses
FNDA:63,getSlideClasses
FNDA:2,emitSlidesClasses
FNDA:0,slidesPerViewDynamic
FNDA:0,update
FNDA:0,changeDirection
FNDA:0,changeLanguageDirection
FNDA:1,mount
FNDA:1,s
FNDA:0,t.children
FNDA:1,init
FNDA:0,destroy
FNDA:0,extendDefaults
FNDA:3,get extendedDefaults
FNDA:3,get defaults
FNDA:2,installModule
FNDA:1,use
FNDA:1,V
FNDA:0,l
FNDA:0,a
FNDA:0,o
FNDA:0,d
FNDA:0,l
FNDA:1,R
FNDA:2,r
FNDA:0,n
FNDA:3,l
FNDA:0,a
FNDA:0,o
FNDA:1,c
FNDA:1,e.params.navigation.nextEl
FNDA:0,h
FNDA:0,u
FNDA:0,enable
DA:1,1
LF:1
LH:1
BRDA:1,0,0,1
BRDA:1,1,0,0
BRDA:1,2,0,1
BRDA:1,3,0,1
BRDA:1,4,0,1
BRDA:1,5,0,1
BRDA:1,6,0,3
BRDA:1,7,0,21
BRDA:1,8,0,50
BRDA:1,9,0,6
BRDA:1,10,0,12
BRDA:1,11,0,285
BRDA:1,12,0,285
BRDA:1,13,0,0
BRDA:1,14,0,4
BRDA:1,15,0,4
BRDA:1,16,0,0
BRDA:1,17,0,4
BRDA:1,18,0,0
BRDA:1,19,0,87
BRDA:1,20,0,289
BRDA:1,21,0,289
BRDA:1,22,0,233
BRDA:1,23,0,191
BRDA:1,24,0,4
BRDA:1,25,0,0
BRDA:1,26,0,0
BRDA:1,27,0,1
BRDA:1,28,0,0
BRDA:1,29,0,21
BRDA:1,30,0,1
BRDA:1,31,0,0
BRDA:1,32,0,177
BRDA:1,33,0,0
BRDA:1,34,0,1
BRDA:1,35,0,0
BRDA:1,36,0,3
BRDA:1,37,0,0
BRDA:1,38,0,1
BRDA:1,39,0,0
BRDA:1,40,0,0
BRDA:1,41,0,0
BRDA:1,42,0,0
BRDA:1,43,0,0
BRDA:1,44,0,3
BRDA:1,45,0,345
BRDA:1,46,0,39
BRDA:1,47,0,36
BRDA:1,48,0,3
BRDA:1,49,0,33
BRDA:1,50,0,3
BRDA:1,51,0,0
BRDA:1,52,0,9
BRDA:1,53,0,3
BRDA:1,54,0,0
BRDA:1,55,0,3
BRDA:1,56,0,21
BRDA:1,57,0,0
BRDA:1,58,0,0
BRDA:1,59,0,1
BRDA:1,60,0,1
BRDA:1,61,0,1
BRDA:1,62,0,0
BRDA:1,63,0,0
BRDA:1,64,0,1
BRDA:1,65,0,3
BRDA:1,66,0,2
BRDA:1,67,0,2
BRDA:1,68,0,2
BRDA:1,69,0,2
BRDA:1,70,0,3
BRDA:1,71,0,2
BRDA:1,72,0,3
BRDA:1,73,0,1
BRDA:1,74,0,1
BRDA:1,75,0,0
BRDA:1,76,0,0
BRDA:1,77,0,0
BRDA:1,78,0,1
BRDA:1,79,0,0
BRDA:1,80,0,0
BRDA:1,81,0,3
BRDA:1,82,0,0
BRDA:1,83,0,3
BRDA:1,84,0,1
BRDA:1,85,0,2
BRDA:1,86,0,2
BRDA:1,87,0,0
BRDA:1,88,0,0
BRDA:1,89,0,2
BRDA:1,90,0,230
BRDA:1,91,0,96
BRDA:1,92,0,96
BRDA:1,93,0,14
BRDA:1,94,0,14
BRDA:1,95,0,0
BRDA:1,96,0,0
BRDA:1,97,0,0
BRDA:1,98,0,28
BRDA:1,99,0,0
BRDA:1,100,0,2
BRDA:1,101,0,1
BRDA:1,102,0,3
BRDA:1,103,0,0
BRDA:1,104,0,21
BRDA:1,105,0,21
BRDA:1,106,0,42
BRDA:1,107,0,1
BRDA:1,108,0,0
BRDA:1,109,0,84
BRDA:1,110,0,0
BRDA:1,111,0,81
BRDA:1,112,0,81
BRDA:1,113,0,81
BRDA:1,114,0,56
BRDA:1,115,0,28
BRDA:1,116,0,0
BRDA:1,117,0,882
BRDA:1,118,0,42
BRDA:1,119,0,63
BRDA:1,120,0,0
BRDA:1,121,0,0
BRDA:1,122,0,42
BRDA:1,123,0,21
BRDA:1,124,0,84
BRDA:1,125,0,0
BRDA:1,126,0,1
BRDA:1,127,0,9969
BRDA:1,128,0,4450
BRDA:1,129,0,549
BRDA:1,130,0,7744
BRDA:1,131,0,0
BRDA:1,132,0,2225
BRDA:1,133,0,0
BRDA:1,134,0,3
BRDA:1,135,0,11
BRDA:1,136,0,260
BRDA:1,137,0,0
BRDA:1,138,0,289
BRDA:1,139,0,0
BRDA:1,140,0,147
BRDA:1,141,0,4
BRDA:1,142,0,143
BRDA:1,143,0,0
BRDA:1,144,0,143
BRDA:1,145,0,24
BRDA:1,146,0,31
BRDA:1,147,0,12
BRDA:1,148,0,19
BRDA:1,149,0,4
BRDA:1,150,0,143
BRDA:1,151,0,0
BRDA:1,152,0,1
BRDA:1,153,0,142
BRDA:1,154,0,0
BRDA:1,155,0,142
BRDA:1,156,0,32
BRDA:1,157,0,110
BRDA:1,158,0,32
BRDA:1,159,0,0
BRDA:1,160,0,142
BRDA:1,161,0,142
BRDA:1,162,0,182
BRDA:1,163,0,22
BRDA:1,164,0,7
BRDA:1,165,0,7
BRDA:1,166,0,9
BRDA:1,167,0,1
BRDA:1,168,0,1
BRDA:1,169,0,21
BRDA:1,170,0,4
BRDA:1,171,0,4
BRDA:1,172,0,4
BRDA:1,173,0,4
BRDA:1,174,0,3
BRDA:1,175,0,0
BRDA:1,176,0,0
BRDA:1,177,0,1
BRDA:1,178,0,2
BRDA:1,179,0,0
BRDA:1,180,0,2
BRDA:1,181,0,0
BRDA:1,182,0,29
BRDA:1,183,0,28
BRDA:1,184,0,1
BRDA:1,185,0,21
BRDA:1,186,0,63
BRDA:1,187,0,0
BRDA:1,188,0,0
BRDA:1,189,0,2
BRDA:1,190,0,42
BRDA:1,191,0,107
BRDA:1,192,0,0
BRDA:1,193,0,0
BRDA:1,194,0,0
BRDA:1,195,0,25
BRDA:1,196,0,0
BRDA:1,197,0,0
BRDA:1,198,0,0
BRDA:1,199,0,1
BRDA:1,200,0,0
BRDA:1,201,0,13
BRDA:1,202,0,0
BRDA:1,203,0,1
BRDA:1,204,0,0
BRDA:1,205,0,7
BRDA:1,206,0,0
BRDA:1,207,0,5
BRDA:1,208,0,87
BRDA:1,209,0,27
BRDA:1,210,0,1
BRDA:1,211,0,1889
BRDA:1,212,0,92
BRDA:1,213,0,28
BRDA:1,214,0,31
BRDA:1,215,0,34
BRDA:1,216,0,0
BRDA:1,217,0,630
BRDA:1,218,0,1
BRDA:1,219,0,0
BRDA:1,220,0,629
BRDA:1,221,0,22
BRDA:1,222,0,0
BRDA:1,223,0,607
BRDA:1,224,0,34
BRDA:1,225,0,630
BRDA:1,226,0,2
BRDA:1,227,0,1
BRDA:1,228,0,1
BRDA:1,229,0,0
BRDA:1,230,0,1
BRDA:1,231,0,0
BRDA:1,232,0,1
BRDA:1,233,0,2
BRDA:1,234,0,0
BRDA:1,235,0,0
BRDA:1,236,0,0
BRDA:1,237,0,6
BRDA:1,238,0,0
BRDA:1,239,0,0
BRDA:1,240,0,0
BRDA:1,241,0,0
BRDA:1,242,0,0
BRDA:1,243,0,0
BRDA:1,244,0,0
BRDA:1,245,0,0
BRDA:1,246,0,0
BRDA:1,247,0,0
BRDA:1,248,0,0
BRDA:1,249,0,0
BRDA:1,250,0,0
BRDA:1,251,0,0
BRDA:1,252,0,0
BRDA:1,253,0,0
BRDA:1,254,0,0
BRDA:1,255,0,0
BRDA:1,256,0,0
BRDA:1,257,0,0
BRDA:1,258,0,0
BRDA:1,259,0,0
BRDA:1,260,0,0
BRDA:1,261,0,0
BRDA:1,262,0,0
BRDA:1,263,0,0
BRDA:1,264,0,0
BRDA:1,265,0,6
BRDA:1,266,0,0
BRDA:1,267,0,0
BRDA:1,268,0,0
BRDA:1,269,0,0
BRDA:1,270,0,0
BRDA:1,271,0,0
BRDA:1,272,0,0
BRDA:1,273,0,0
BRDA:1,274,0,0
BRDA:1,275,0,0
BRDA:1,276,0,0
BRDA:1,277,0,0
BRDA:1,278,0,36
BRDA:1,279,0,1
BRDA:1,280,0,0
BRDA:1,281,0,0
BRDA:1,282,0,0
BRDA:1,283,0,0
BRDA:1,284,0,0
BRDA:1,285,0,2
BRDA:1,286,0,0
BRDA:1,287,0,80
BRDA:1,288,0,0
BRDA:1,289,0,1
BRDA:1,290,0,79
BRDA:1,291,0,85
BRDA:1,292,0,15
BRDA:1,293,0,46
BRDA:1,294,0,46
BRDA:1,295,0,0
BRDA:1,296,0,426
BRDA:1,297,0,380
BRDA:1,298,0,0
BRDA:1,299,0,46
BRDA:1,300,0,71
BRDA:1,301,0,0
BRDA:1,302,0,0
BRDA:1,303,0,0
BRDA:1,304,0,0
BRDA:1,305,0,71
BRDA:1,306,0,0
BRDA:1,307,0,48
BRDA:1,308,0,890
BRDA:1,309,0,1
BRDA:1,310,0,0
BRDA:1,311,0,0
BRDA:1,312,0,0
BRDA:1,313,0,0
BRDA:1,314,0,0
BRDA:1,315,0,0
BRDA:1,316,0,0
BRDA:1,317,0,0
BRDA:1,318,0,0
BRDA:1,319,0,0
BRDA:1,320,0,0
BRDA:1,321,0,1
BRDA:1,322,0,0
BRDA:1,323,0,0
BRDA:1,324,0,0
BRDA:1,325,0,0
BRDA:1,326,0,0
BRDA:1,327,0,0
BRDA:1,328,0,0
BRDA:1,329,0,0
BRDA:1,330,0,0
BRDA:1,331,0,0
BRDA:1,332,0,0
BRDA:1,333,0,21
BRDA:1,334,0,0
BRDA:1,335,0,0
BRDA:1,336,0,0
BRDA:1,337,0,0
BRDA:1,338,0,0
BRDA:1,339,0,0
BRDA:1,340,0,0
BRDA:1,341,0,0
BRDA:1,342,0,0
BRDA:1,343,0,0
BRDA:1,344,0,0
BRDA:1,345,0,0
BRDA:1,346,0,0
BRDA:1,347,0,0
BRDA:1,348,0,0
BRDA:1,349,0,21
BRDA:1,350,0,0
BRDA:1,351,0,19
BRDA:1,352,0,0
BRDA:1,353,0,0
BRDA:1,354,0,0
BRDA:1,355,0,0
BRDA:1,356,0,0
BRDA:1,357,0,0
BRDA:1,358,0,0
BRDA:1,359,0,0
BRDA:1,360,0,0
BRDA:1,361,0,0
BRDA:1,362,0,0
BRDA:1,363,0,105
BRDA:1,364,0,0
BRDA:1,365,0,105
BRDA:1,366,0,0
BRDA:1,367,0,2
BRDA:1,368,0,1
BRDA:1,369,0,0
BRDA:1,370,0,0
BRDA:1,371,0,0
BRDA:1,372,0,0
BRDA:1,373,0,0
BRDA:1,374,0,0
BRDA:1,375,0,0
BRDA:1,376,0,1
BRDA:1,377,0,0
BRDA:1,378,0,0
BRDA:1,379,0,0
BRDA:1,380,0,0
BRDA:1,381,0,0
BRDA:1,382,0,0
BRDA:1,383,0,0
BRDA:1,384,0,1
BRDA:1,385,0,0
BRDA:1,386,0,0
BRDA:1,387,0,0
BRDA:1,388,0,0
BRDA:1,389,0,0
BRDA:1,390,0,0
BRDA:1,391,0,0
BRDA:1,392,0,1
BRDA:1,393,0,0
BRDA:1,394,0,0
BRDA:1,395,0,0
BRDA:1,396,0,0
BRDA:1,397,0,0
BRDA:1,398,0,0
BRDA:1,399,0,0
BRDA:1,400,0,4
BRDA:1,401,0,2
BRDA:1,402,0,2
BRDA:1,403,0,1
BRDA:1,404,0,0
BRDA:1,405,0,1
BRDA:1,406,0,1
BRDA:1,407,0,0
BRDA:1,408,0,0
BRDA:1,409,0,0
BRDA:1,410,0,0
BRDA:1,411,0,0
BRDA:1,412,0,0
BRDA:1,413,0,0
BRDA:1,414,0,0
BRDA:1,415,0,21
BRDA:1,416,0,20
BRDA:1,417,0,8
BRDA:1,418,0,1
BRDA:1,419,0,19
BRDA:1,420,0,7
BRDA:1,421,0,0
BRDA:1,422,0,1
BRDA:1,423,0,0
BRDA:1,424,0,0
BRDA:1,425,0,0
BRDA:1,426,0,0
BRDA:1,427,0,0
BRDA:1,428,0,0
BRDA:1,429,0,0
BRDA:1,430,0,0
BRDA:1,431,0,1
BRDA:1,432,0,0
BRDA:1,433,0,0
BRDA:1,434,0,1
BRDA:1,435,0,0
BRDA:1,436,0,0
BRDA:1,437,0,0
BRDA:1,438,0,0
BRDA:1,439,0,0
BRDA:1,440,0,0
BRDA:1,441,0,0
BRDA:1,442,0,0
BRDA:1,443,0,0
BRDA:1,444,0,0
BRDA:1,445,0,0
BRDA:1,446,0,0
BRDA:1,447,0,3
BRDA:1,448,0,1
BRDA:1,449,0,0
BRDA:1,450,0,0
BRDA:1,451,0,0
BRDA:1,452,0,5
BRDA:1,453,0,0
BRDA:1,454,0,0
BRDA:1,455,0,0
BRDA:1,456,0,10
BRDA:1,457,0,0
BRDA:1,458,0,0
BRDA:1,459,0,10
BRDA:1,460,0,0
BRDA:1,461,0,5
BRDA:1,462,0,2
BRDA:1,463,0,0
BRDA:1,464,0,0
BRDA:1,465,0,1
BRDA:1,466,0,0
BRDA:1,467,0,1
BRDA:1,468,0,0
BRDA:1,469,0,0
BRDA:1,470,0,0
BRDA:1,471,0,0
BRDA:1,472,0,1
BRDA:1,473,0,13
BRDA:1,474,0,11
BRDA:1,475,0,2
BRDA:1,476,0,11
BRDA:1,477,0,1
BRDA:1,478,0,1
BRDA:1,479,0,0
BRDA:1,480,0,0
BRDA:1,481,0,0
BRDA:1,482,0,0
BRDA:1,483,0,0
BRDA:1,484,0,0
BRDA:1,485,0,0
BRDA:1,486,0,0
BRDA:1,487,0,1
BRDA:1,488,0,1
BRDA:1,489,0,0
BRDA:1,490,0,0
BRDA:1,491,0,0
BRDA:1,492,0,1
BRDA:1,493,0,1
BRDA:1,494,0,0
BRDA:1,495,0,3
BRDA:1,496,0,2
BRDA:1,497,0,1
BRDA:1,498,0,0
BRDA:1,499,0,0
BRDA:1,500,0,0
BRDA:1,501,0,0
BRDA:1,502,0,2
BRDA:1,503,0,108
BRDA:1,504,0,1
BRDA:1,505,0,0
BRDA:1,506,0,10
BRDA:1,507,0,6
BRDA:1,508,0,63
BRDA:1,509,0,0
BRDA:1,510,0,121
BRDA:1,511,0,0
BRDA:1,512,0,2
BRDA:1,513,0,0
BRDA:1,514,0,42
BRDA:1,515,0,1
BRDA:1,516,0,0
BRDA:1,517,0,0
BRDA:1,518,0,0
BRDA:1,519,0,0
BRDA:1,520,0,0
BRDA:1,521,0,1
BRDA:1,522,0,0
BRDA:1,523,0,1
BRDA:1,524,0,0
BRDA:1,525,0,0
BRDA:1,526,0,0
BRDA:1,527,0,1
BRDA:1,528,0,0
BRDA:1,529,0,0
BRDA:1,530,0,0
BRDA:1,531,0,0
BRDA:1,532,0,3
BRDA:1,533,0,3
BRDA:1,534,0,2
BRDA:1,535,0,1
BRDA:1,536,0,1
BRDA:1,537,0,0
BRDA:1,538,0,2
BRDA:1,539,0,12
BRDA:1,540,0,44
BRDA:1,541,0,1
BRDA:1,542,0,1
BRDA:1,543,0,0
BRDA:1,544,0,0
BRDA:1,545,0,1
BRDA:1,546,0,1
BRDA:1,547,0,0
BRDA:1,548,0,1
BRDA:1,549,0,2
BRDA:1,550,0,0
BRDA:1,551,0,3
BRDA:1,552,0,0
BRDA:1,553,0,0
BRDA:1,554,0,1
BRDA:1,555,0,0
BRDA:1,556,0,0
BRDA:1,557,0,0
BRDA:1,558,0,1
BRDA:1,559,0,0
BRDA:1,560,0,1
BRDA:1,561,0,0
BRDA:1,562,0,2
BRF:563
BRH:265
end_of_record
TN:
SF:https:/www.guinness.diageo.site/_next/static/chunks/87bc1fd9-ac1583bc09a01d1d.js
FN:1,9153
FN:9,o
FN:9,h
FN:9,m
FN:9,g
FN:9,A
FN:9,Q
FN:9,W
FN:9,j
FN:9,H
FN:9,eu
FN:9,ef
FN:9,ed
FN:9,ep
FN:9,eh
FN:9,em
FN:9,eg
FN:9,ey
FN:9,ev
FN:9,ek
FN:9,ew
FN:9,eM
FN:9,eF
FN:9,eO
FN:9,eR
FN:9,eD
FN:9,eA
FN:9,eI
FN:9,eV
FN:9,e$
FN:9,eq
FN:9,eK
FN:9,eY
FN:9,eX
FN:9,eZ
FN:9,eJ
FN:9,e0
FN:9,e1
FN:9,get
FN:9,set
FN:9,getValue
FN:9,setValue
FN:9,stopTracking
FN:9,e2
FN:9,e3
FN:9,e8
FN:9,e6
FN:9,e5
FN:9,e7
FN:9,te
FN:9,tt
FN:9,tn
FN:9,tr
FN:9,ta
FN:9,tu
FN:9,to
FN:9,tc
FN:9,tp
FN:9,th
FN:9,tm
FN:9,tg
FN:9,ty
FN:9,tv
FN:9,tb
FN:9,tx
FN:9,tC
FN:9,tz
FN:9,tP
FN:9,tN
FN:9,t_
FN:9,tL
FN:9,tT
FN:9,tV
FN:9,t$
FN:9,tQ
FN:9,tW
FN:9,tX
FN:9,tG
FN:9,tZ
FN:9,tJ
FN:9,t0
FN:9,t1
FN:9,t2
FN:9,t3
FN:9,t4
FN:9,t8
FN:9,t6
FN:9,t5
FN:9,t7
FN:9,nn
FN:9,nr
FN:9,nl
FN:9,na
FN:9,nu
FN:9,no
FN:9,ns
FN:9,nc
FN:9,nf
FN:9,nd
FN:9,np
FN:9,nh
FN:9,nm
FN:9,ng
FN:9,ny
FN:9,nv
FN:9,then
FN:9,nS
FN:9,nE
FN:9,nx
FN:9,e
FN:9,nz
FN:9,n_
FN:9,nL
FN:9,t
FN:9,nT
FN:9,nM
FN:9,nF
FN:9,t
FN:9,n
FN:9,r
FN:9,l
FN:9,a
FN:9,u
FN:9,i
FN:9,s
FN:9,c
FN:9,f
FN:9,d
FN:9,p
FN:9,h
FN:9,i
FN:9,s
FN:9,nI
FN:9,nU
FN:9,nB
FN:9,nQ
FN:9,nW
FN:9,nj
FN:9,nH
FN:9,nK
FN:9,n1
FN:9,n2
FN:9,n3
FN:9,n4
FN:9,n8
FN:9,n6
FN:9,n5
FN:9,rt
FN:9,rn
FN:9,rg
FN:9,ry
FN:9,rv
FN:9,rb
FN:9,rk
FN:9,rw
FN:9,rS
FN:9,rE
FN:9,rx
FN:9,rC
FN:9,rz
FN:9,rP
FN:9,rN
FN:9,r_
FN:9,rL
FN:9,rT
FN:9,rM
FN:9,rF
FN:9,rO
FN:9,rR
FN:9,rD
FN:9,rA
FN:9,rI
FN:9,rU
FN:9,rB
FN:9,rV
FN:9,r$
FN:9,rQ
FN:9,rW
FN:9,rj
FN:9,rH
FN:9,rq
FN:9,rK
FN:9,rY
FN:9,rX
FN:9,rG
FN:9,rZ
FN:9,rJ
FN:9,r0
FN:9,r1
FN:9,r2
FN:9,r3
FN:9,r4
FN:9,r8
FN:9,r6
FN:9,r5
FN:9,r7
FN:9,r9
FN:9,le
FN:9,lt
FN:9,ln
FN:9,lr
FN:9,ll
FN:9,oL
FN:9,useCallback
FN:9,useImperativeHandle
FN:9,useLayoutEffect
FN:9,useInsertionEffect
FN:9,useMemo
FN:9,useReducer
FN:9,useRef
FN:9,useState
FN:9,useDeferredValue
FN:9,useTransition
FN:9,useSyncExternalStore
FN:9,useId
FN:9,useCacheRefresh
FN:9,lu.useEffectEvent
FN:9,lu.useOptimistic
FN:9,useState
FN:9,useDeferredValue
FN:9,useTransition
FN:9,useState
FN:9,useDeferredValue
FN:9,useTransition
FN:9,ls
FN:9,lc
FN:9,li.useOptimistic
FN:9,isMounted
FN:9,enqueueSetState
FN:9,enqueueReplaceState
FN:9,enqueueForceUpdate
FN:9,ld
FN:9,lp
FN:9,lh
FN:9,lm
FN:9,lg
FN:9,ly
FN:9,lv
FN:9,lb
FN:9,lk
FN:9,lw
FN:9,lC
FN:9,lz
FN:9,lP
FN:9,lN
FN:9,l_
FN:9,lL
FN:9,lT
FN:9,lM
FN:9,lF
FN:9,lO
FN:9,lR
FN:9,lD
FN:9,lA
FN:9,lU
FN:9,lB
FN:9,lV
FN:9,l$
FN:9,lQ
FN:9,lW
FN:9,lj
FN:9,lH
FN:9,lq
FN:9,lK
FN:9,lJ
FN:9,l0
FN:9,l1
FN:9,l2
FN:9,l3
FN:9,l4
FN:9,l8
FN:9,l6
FN:9,l5
FN:9,l7
FN:9,an
FN:9,ar
FN:9,au
FN:9,ao
FN:9,ai
FN:9,as
FN:9,ac
FN:9,af
FN:9,ad
FN:9,ap
FN:9,ah
FN:9,am
FN:9,ag
FN:9,onError
FN:9,aS
FN:9,aP
FN:9,aN
FN:9,a_
FN:9,aT
FN:9,aM
FN:9,aF
FN:9,aO
FN:9,aR
FN:9,aD
FN:9,e
FN:9,aA
FN:9,aI
FN:9,aU
FN:9,a$
FN:9,aQ
FN:9,aW
FN:9,aj
FN:9,aH
FN:9,aK
FN:9,e
FN:9,aY
FN:9,e
FN:9,aX
FN:9,aG
FN:9,aZ
FN:9,aJ
FN:9,a0
FN:9,a1
FN:9,e
[...]
BRDA:9,1621,0,2786
BRDA:9,1622,0,62
BRDA:9,1623,0,61
BRDA:9,1624,0,57
BRDA:9,1625,0,0
BRDA:9,1626,0,61
BRDA:9,1627,0,59
BRDA:9,1628,0,0
BRDA:9,1629,0,80
BRDA:9,1630,0,20
BRDA:9,1631,0,0
BRDA:9,1632,0,57
BRDA:9,1633,0,0
BRDA:9,1634,0,0
BRDA:9,1635,0,77
BRDA:9,1636,0,12
BRDA:9,1637,0,3
BRDA:9,1638,0,9
BRDA:9,1639,0,17
BRDA:9,1640,0,0
BRDA:9,1641,0,2
BRDA:9,1642,0,0
BRDA:9,1643,0,0
BRDA:9,1644,0,0
BRDA:9,1645,0,0
BRDA:9,1646,0,0
BRDA:9,1647,0,45
BRDA:9,1648,0,0
BRDA:9,1649,0,0
BRDA:9,1650,0,4
BRDA:9,1651,0,0
BRDA:9,1652,0,2022
BRDA:9,1653,0,854
BRDA:9,1654,0,576
BRDA:9,1655,0,0
BRDA:9,1656,0,1168
BRDA:9,1657,0,854
BRDA:9,1658,0,1178
BRDA:9,1659,0,844
BRDA:9,1660,0,345
BRDA:9,1661,0,0
BRDA:9,1662,0,0
BRDA:9,1663,0,59
BRDA:9,1664,0,0
BRDA:9,1665,0,41
BRDA:9,1666,0,1
BRDA:9,1667,0,0
BRDA:9,1668,0,262
BRDA:9,1669,0,0
BRDA:9,1670,0,40
BRDA:9,1671,0,2
BRDA:9,1672,0,114
BRDA:9,1673,0,56
BRDA:9,1674,0,14
BRDA:9,1675,0,4
BRDA:9,1676,0,4
BRDA:9,1677,0,42
BRDA:9,1678,0,110
BRDA:9,1679,0,0
BRDA:9,1680,0,23
BRDA:9,1681,0,0
BRDA:9,1682,0,0
BRDA:9,1683,0,1393
BRDA:9,1684,0,18
BRDA:9,1685,0,34
BRDA:9,1686,0,110
BRDA:9,1687,0,138
BRDA:9,1688,0,0
BRDA:9,1689,0,0
BRDA:9,1690,0,200
BRDA:9,1691,0,71
BRDA:9,1692,0,2
BRDA:9,1693,0,0
BRDA:9,1694,0,69
BRDA:9,1695,0,0
BRDA:9,1696,0,37
BRDA:9,1697,0,0
BRDA:9,1698,0,1354
BRDA:9,1699,0,77
BRDA:9,1700,0,20
BRDA:9,1701,0,0
BRDA:9,1702,0,57
BRDA:9,1703,0,0
BRDA:9,1704,0,0
BRDA:9,1705,0,45
BRDA:9,1706,0,0
BRDA:9,1707,0,0
BRDA:9,1708,0,34
BRDA:9,1709,0,36
BRDA:9,1710,0,0
BRDA:9,1711,0,9
BRDA:9,1712,0,3
BRDA:9,1713,0,3
BRDA:9,1714,0,2
BRDA:9,1715,0,0
BRDA:9,1716,0,6
BRDA:9,1717,0,0
BRDA:9,1718,0,209
BRDA:9,1719,0,0
BRDA:9,1720,0,206
BRDA:9,1721,0,3
BRDA:9,1722,0,1770
BRDA:9,1723,0,0
BRDA:9,1724,0,0
BRDA:9,1725,0,54
BRDA:9,1726,0,108
BRDA:9,1727,0,162
BRDA:9,1728,0,216
BRDA:9,1729,0,270
BRDA:9,1730,0,324
BRDA:9,1731,0,378
BRDA:9,1732,0,432
BRDA:9,1733,0,459
BRDA:9,1734,0,0
BRDA:9,1735,0,1311
BRDA:9,1736,0,0
BRDA:9,1737,0,11
BRDA:9,1738,0,0
BRDA:9,1739,0,1
BRDA:9,1740,0,11
BRDA:9,1741,0,13
BRDA:9,1742,0,35
BRDA:9,1743,0,798
BRDA:9,1744,0,139
BRDA:9,1745,0,659
BRDA:9,1746,0,0
BRDA:9,1747,0,0
BRDA:9,1748,0,1
BRDA:9,1749,0,0
BRDA:9,1750,0,35
BRDA:9,1751,0,0
BRDA:9,1752,0,26
BRDA:9,1753,0,0
BRDA:9,1754,0,26
BRDA:9,1755,0,0
BRDA:9,1756,0,26
BRDA:9,1757,0,0
BRDA:9,1758,0,26
BRDA:9,1759,0,209
BRDA:9,1760,0,10
BRDA:9,1761,0,16
BRDA:9,1762,0,0
BRDA:9,1763,0,12
BRDA:9,1764,0,20
BRDA:9,1765,0,12
BRDA:9,1766,0,20
BRDA:9,1767,0,0
BRDA:9,1768,0,15
BRDA:9,1769,0,0
BRDA:9,1770,0,0
BRDA:9,1771,0,0
BRDA:9,1772,0,0
BRDA:9,1773,0,0
BRDA:9,1774,0,0
BRDA:9,1775,0,0
BRDA:9,1776,0,98
BRDA:9,1777,0,64
BRDA:9,1778,0,211
BRDA:9,1779,0,209
BRDA:9,1780,0,191
BRDA:9,1781,0,18
BRDA:9,1782,0,0
BRDA:9,1783,0,0
BRDA:9,1784,0,18
BRDA:9,1785,0,0
BRDA:9,1786,0,209
BRDA:9,1787,0,209
BRDA:9,1788,0,0
BRDA:9,1789,0,0
BRDA:9,1790,0,18
BRDA:9,1791,0,0
BRDA:9,1792,0,0
BRDA:9,1793,0,191
BRDA:9,1794,0,0
BRDA:9,1795,0,191
BRDA:9,1796,0,360
BRDA:9,1797,0,2
BRDA:9,1798,0,6
BRDA:9,1799,0,8
BRDA:9,1800,0,12
BRDA:9,1801,0,16
BRDA:9,1802,0,20
BRDA:9,1803,0,24
BRDA:9,1804,0,28
BRDA:9,1805,0,32
BRDA:9,1806,0,36
BRDA:9,1807,0,40
BRDA:9,1808,0,44
BRDA:9,1809,0,48
BRDA:9,1810,0,52
BRDA:9,1811,0,64
BRDA:9,1812,0,68
BRDA:9,1813,0,72
BRDA:9,1814,0,76
BRDA:9,1815,0,80
BRDA:9,1816,0,84
BRDA:9,1817,0,88
BRDA:9,1818,0,91
BRDA:9,1819,0,94
BRDA:9,1820,0,98
BRDA:9,1821,0,102
BRDA:9,1822,0,106
BRDA:9,1823,0,109
BRDA:9,1824,0,113
BRDA:9,1825,0,116
BRDA:9,1826,0,119
BRDA:9,1827,0,123
BRDA:9,1828,0,127
BRDA:9,1829,0,131
BRDA:9,1830,0,135
BRDA:9,1831,0,138
BRDA:9,1832,0,142
BRDA:9,1833,0,146
BRDA:9,1834,0,150
BRDA:9,1835,0,154
BRDA:9,1836,0,158
BRDA:9,1837,0,4
BRDA:9,1838,0,8
BRDA:9,1839,0,12
BRDA:9,1840,0,16
BRDA:9,1841,0,20
BRDA:9,1842,0,24
BRDA:9,1843,0,28
BRDA:9,1844,0,32
BRDA:9,1845,0,36
BRDA:9,1846,0,40
BRDA:9,1847,0,44
BRDA:9,1848,0,46
BRDA:9,1849,0,48
BRDA:9,1850,0,52
BRDA:9,1851,0,56
BRDA:9,1852,0,0
BRDA:9,1853,0,146
BRDA:9,1854,0,94
BRDA:9,1855,0,51
BRDA:9,1856,0,43
BRDA:9,1857,0,3
BRDA:9,1858,0,6
BRDA:9,1859,0,3
BRDA:9,1860,0,48
BRDA:9,1861,0,45
BRDA:9,1862,0,6
BRDA:9,1863,0,32
BRDA:9,1864,0,0
BRDA:9,1865,0,19
BRDA:9,1866,0,6
BRDA:9,1867,0,0
BRDA:9,1868,0,13
BRDA:9,1869,0,6
BRDA:9,1870,0,0
BRDA:9,1871,0,0
BRDA:9,1872,0,3
BRDA:9,1873,0,0
BRDA:9,1874,0,0
BRDA:9,1875,0,0
BRDA:9,1876,0,4
BRDA:9,1877,0,4
BRDA:9,1878,0,0
BRDA:9,1879,0,0
BRDA:9,1880,0,0
BRDA:9,1881,0,75
BRDA:9,1882,0,11
BRDA:9,1883,0,0
BRDA:9,1884,0,11
BRDA:9,1885,0,0
BRDA:9,1886,0,209
BRDA:9,1887,0,11
BRDA:9,1888,0,0
BRDA:9,1889,0,0
BRDA:9,1890,0,0
BRDA:9,1891,0,104
BRDA:9,1892,0,44
BRDA:9,1893,0,100
BRDA:9,1894,0,260
BRDA:9,1895,0,160
BRDA:9,1896,0,2
BRDA:9,1897,0,1
BRDA:9,1898,0,0
BRDA:9,1899,0,162
BRDA:9,1900,0,160
BRDA:9,1901,0,100
BRDA:9,1902,0,360
BRDA:9,1903,0,158
BRDA:9,1904,0,56
BRDA:9,1905,0,146
BRDA:9,1906,0,356
BRDA:9,1907,0,352
BRDA:9,1908,0,12
BRDA:9,1909,0,160
BRDA:9,1910,0,6
BRDA:9,1911,0,154
BRDA:9,1912,0,200
BRDA:9,1913,0,6
BRDA:9,1914,0,194
BRDA:9,1915,0,209
BRDA:9,1916,0,204
BRDA:9,1917,0,186
BRDA:9,1918,0,12140
BRDA:9,1919,0,0
BRDA:9,1920,0,11954
BRDA:9,1921,0,186
BRDA:9,1922,0,0
BRDA:9,1923,0,0
BRDA:9,1924,0,11954
BRDA:9,1925,0,209
BRDA:9,1926,0,197
BRDA:9,1927,0,0
BRDA:9,1928,0,10
BRDA:9,1929,0,6
BRDA:9,1930,0,0
BRDA:9,1931,0,12
BRDA:9,1932,0,0
BRDA:9,1933,0,12
BRDA:9,1934,0,24
BRDA:9,1935,0,36
BRDA:9,1936,0,48
BRDA:9,1937,0,56
BRDA:9,1938,0,68
BRDA:9,1939,0,0
BRDA:9,1940,0,18
BRDA:9,1941,0,0
BRDA:9,1942,0,12
BRDA:9,1943,0,24
BRDA:9,1944,0,32
BRDA:9,1945,0,44
BRDA:9,1946,0,56
BRDA:9,1947,0,88
BRDA:9,1948,0,109
BRDA:9,1949,0,0
BRDA:9,1950,0,88
BRDA:9,1951,0,11814
BRDA:9,1952,0,10636
BRDA:9,1953,0,1534
BRDA:9,1954,0,8
BRDA:9,1955,0,0
BRDA:9,1956,0,8
BRDA:9,1957,0,89
BRDA:9,1958,0,83
BRDA:9,1959,0,85
BRDA:9,1960,0,12
BRDA:9,1961,0,2
BRDA:9,1962,0,10
BRDA:9,1963,0,2
BRDA:9,1964,0,81
BRDA:9,1965,0,73
BRDA:9,1966,0,12
BRDA:9,1967,0,0
BRDA:9,1968,0,0
BRDA:9,1969,0,8
BRDA:9,1970,0,0
BRDA:9,1971,0,0
BRDA:9,1972,0,0
BRDA:9,1973,0,0
BRDA:9,1974,0,4
BRDA:9,1975,0,12
BRDA:9,1976,0,8
BRDA:9,1977,0,6
BRDA:9,1978,0,4
BRDA:9,1979,0,8
BRDA:9,1980,0,0
BRDA:9,1981,0,8
BRDA:9,1982,0,8
BRDA:9,1983,0,64
BRDA:9,1984,0,70
BRDA:9,1985,0,4
BRDA:9,1986,0,10
BRDA:9,1987,0,24
BRDA:9,1988,0,16
BRDA:9,1989,0,8
BRDA:9,1990,0,16
BRDA:9,1991,0,0
BRDA:9,1992,0,4
BRDA:9,1993,0,8
BRDA:9,1994,0,0
BRDA:9,1995,0,48
BRDA:9,1996,0,0
BRDA:9,1997,0,48
BRDA:9,1998,0,0
BRDA:9,1999,0,41
BRDA:9,2000,0,0
BRDA:9,2001,0,0
BRDA:9,2002,0,48
BRDA:9,2003,0,3
BRDA:9,2004,0,86
BRDA:9,2005,0,0
BRDA:9,2006,0,3
BRDA:9,2007,0,0
BRDA:9,2008,0,0
BRDA:9,2009,0,5
BRDA:9,2010,0,2
BRDA:9,2011,0,3
BRDA:9,2012,0,3
BRDA:9,2013,0,6
BRDA:9,2014,0,0
BRDA:9,2015,0,6
BRDA:9,2016,0,0
BRDA:9,2017,0,0
BRDA:9,2018,0,0
BRDA:9,2019,0,0
BRDA:9,2020,0,0
BRDA:9,2021,0,3
BRDA:9,2022,0,0
BRDA:9,2023,0,89
BRDA:9,2024,0,0
BRDA:9,2025,0,3
BRDA:9,2026,0,0
BRDA:9,2027,0,86
BRDA:9,2028,0,89
BRDA:9,2029,0,1
BRDA:9,2030,0,1
BRDA:9,2031,0,0
BRDA:9,2032,0,0
BRDA:9,2033,0,0
BRDA:9,2034,0,11
BRDA:9,2035,0,9
BRDA:9,2036,0,558
BRDA:9,2037,0,495
BRDA:9,2038,0,81
BRDA:9,2039,0,0
BRDA:9,2040,0,3
BRDA:9,2041,0,180
BRDA:9,2042,0,0
BRDA:9,2043,0,1148
BRDA:9,2044,0,1132
BRDA:9,2045,0,1004
BRDA:9,2046,0,16
BRDA:9,2047,0,20
BRDA:9,2048,0,428
BRDA:9,2049,0,412
BRDA:9,2050,0,374
BRDA:9,2051,0,0
BRDA:9,2052,0,346
BRDA:9,2053,0,74
BRDA:9,2054,0,54
BRDA:9,2055,0,0
BRDA:9,2056,0,20
BRDA:9,2057,0,0
BRDA:9,2058,0,0
BRDA:9,2059,0,2
BRDA:9,2060,0,1811
BRDA:9,2061,0,550
BRDA:9,2062,0,258
BRDA:9,2063,0,0
BRDA:9,2064,0,292
BRDA:9,2065,0,0
BRDA:9,2066,0,35
BRDA:9,2067,0,0
BRDA:9,2068,0,2
BRDA:9,2069,0,4
BRDA:9,2070,0,50
BRDA:9,2071,0,2
BRDA:9,2072,0,4
BRDA:9,2073,0,0
BRDA:9,2074,0,0
BRDA:9,2075,0,5
BRDA:9,2076,0,0
BRDA:9,2077,0,2
BRDA:9,2078,0,0
BRDA:9,2079,0,0
BRDA:9,2080,0,0
BRDA:9,2081,0,1161
BRDA:9,2082,0,1154
BRDA:9,2083,0,28
BRDA:9,2084,0,1126
BRDA:9,2085,0,0
BRDA:9,2086,0,35
BRDA:9,2087,0,31
BRDA:9,2088,0,279
BRDA:9,2089,0,11
BRDA:9,2090,0,12
BRDA:9,2091,0,14
BRDA:9,2092,0,16
BRDA:9,2093,0,4
BRDA:9,2094,0,30
BRDA:9,2095,0,1
BRDA:9,2096,0,4
BRDA:9,2097,0,1
BRDA:9,2098,0,0
BRDA:9,2099,0,24
BRDA:9,2100,0,1
BRDA:9,2101,0,4
BRDA:9,2102,0,1
BRDA:9,2103,0,0
BRDA:9,2104,0,3
BRDA:9,2105,0,0
BRDA:9,2106,0,0
BRDA:9,2107,0,248
BRDA:9,2108,0,496
BRDA:9,2109,0,0
BRDA:9,2110,0,0
BRDA:9,2111,0,2
BRDA:9,2112,0,28
BRDA:9,2113,0,21
BRDA:9,2114,0,0
BRDA:9,2115,0,8
BRDA:9,2116,0,0
BRDA:9,2117,0,24
BRDA:9,2118,0,52
BRDA:9,2119,0,1170
BRDA:9,2120,0,222
BRDA:9,2121,0,227
BRDA:9,2122,0,238
BRDA:9,2123,0,286
BRDA:9,2124,0,12
BRDA:9,2125,0,90
BRDA:9,2126,0,3
BRDA:9,2127,0,0
BRDA:9,2128,0,87
BRDA:9,2129,0,0
BRDA:9,2130,0,90
BRDA:9,2131,0,0
BRDA:9,2132,0,12
BRDA:9,2133,0,3
BRDA:9,2134,0,0
BRDA:9,2135,0,72
BRDA:9,2136,0,12
BRDA:9,2137,0,3
BRDA:9,2138,0,12
BRDA:9,2139,0,3
BRDA:9,2140,0,0
BRDA:9,2141,0,9
BRDA:9,2142,0,0
BRDA:9,2143,0,12
BRDA:9,2144,0,0
BRDA:9,2145,0,3
BRDA:9,2146,0,0
BRDA:9,2147,0,9
BRDA:9,2148,0,6
BRDA:9,2149,0,0
BRDA:9,2150,0,0
BRDA:9,2151,0,744
BRDA:9,2152,0,1488
BRDA:9,2153,0,0
BRDA:9,2154,0,1488
BRDA:9,2155,0,744
BRDA:9,2156,0,0
BRDA:9,2157,0,744
BRDA:9,2158,0,0
BRDA:9,2159,0,50
BRDA:9,2160,0,700
BRDA:9,2161,0,504
BRDA:9,2162,0,0
BRDA:9,2163,0,700
BRDA:9,2164,0,144
BRDA:9,2165,0,0
BRDA:9,2166,0,144
BRDA:9,2167,0,0
BRDA:9,2168,0,75
BRDA:9,2169,0,0
BRDA:9,2170,0,361
BRDA:9,2171,0,836
BRDA:9,2172,0,835
BRDA:9,2173,0,0
BRDA:9,2174,0,361
BRDA:9,2175,0,836
BRDA:9,2176,0,309
BRDA:9,2177,0,0
BRDA:9,2178,0,309
BRDA:9,2179,0,282
BRDA:9,2180,0,0
BRDA:9,2181,0,21
BRDA:9,2182,0,0
BRDA:9,2183,0,2137
BRDA:9,2184,0,2062
BRDA:9,2185,0,17
BRDA:9,2186,0,0
BRDA:9,2187,0,2045
BRDA:9,2188,0,75
BRDA:9,2189,0,0
BRDA:9,2190,0,75
BRDA:9,2191,0,2925
BRDA:9,2192,0,1680
BRDA:9,2193,0,22
BRDA:9,2194,0,1269
BRDA:9,2195,0,824
BRDA:9,2196,0,238
BRDA:9,2197,0,743
BRDA:9,2198,0,81
BRDA:9,2199,0,79
BRDA:9,2200,0,52
BRDA:9,2201,0,27
BRDA:9,2202,0,52
BRDA:9,2203,0,24
BRDA:9,2204,0,1245
BRDA:9,2205,0,20
BRDA:9,2206,0,54
BRDA:9,2207,0,4
BRDA:9,2208,0,2
BRDA:9,2209,0,2
BRDA:9,2210,0,0
BRDA:9,2211,0,2
BRDA:9,2212,0,4
BRDA:9,2213,0,2
BRDA:9,2214,0,0
BRDA:9,2215,0,0
BRDA:9,2216,0,2
BRDA:9,2217,0,0
BRDA:9,2218,0,0
BRDA:9,2219,0,70
BRDA:9,2220,0,0
BRDA:9,2221,0,12
BRDA:9,2222,0,0
BRDA:9,2223,0,4
BRDA:9,2224,0,0
BRDA:9,2225,0,6
BRDA:9,2226,0,0
BRDA:9,2227,0,4
BRDA:9,2228,0,2
BRDA:9,2229,0,2
BRDA:9,2230,0,0
BRDA:9,2231,0,9
BRDA:9,2232,0,4
BRDA:9,2233,0,2
BRDA:9,2234,0,0
BRDA:9,2235,0,0
BRDA:9,2236,0,20
BRDA:9,2237,0,1
BRDA:9,2238,0,19
BRDA:9,2239,0,0
BRDA:9,2240,0,18
BRDA:9,2241,0,2
BRDA:9,2242,0,30
BRDA:9,2243,0,28
BRDA:9,2244,0,11
BRDA:9,2245,0,28
BRDA:9,2246,0,28
BRDA:9,2247,0,2
BRDA:9,2248,0,6
BRDA:9,2249,0,22
BRDA:9,2250,0,2
BRDA:9,2251,0,1
BRDA:9,2252,0,2
BRDA:9,2253,0,1
BRDA:9,2254,0,0
BRDA:9,2255,0,1
BRDA:9,2256,0,0
BRDA:9,2257,0,0
BRDA:9,2258,0,1
BRDA:9,2259,0,0
BRDA:9,2260,0,0
BRDA:9,2261,0,1
BRDA:9,2262,0,0
BRDA:9,2263,0,0
BRDA:9,2264,0,0
BRDA:9,2265,0,0
BRF:2266
BRH:1523
end_of_record
TN:
SF:https:/www.guinness.diageo.site/_next/static/chunks/89-920417985e709e09.js
FN:1,9193
FN:1,default
FN:1,f
FN:1,v
FN:1,N
FN:1,C
FN:1,S
FN:1,I
FN:1,H
FN:1,U
FN:1,O
FN:1,8738
FN:1,t.default
FN:1,4245
FN:1,t.Z
FNF:15
FNH:3
FNDA:1,9193
FNDA:0,default
FNDA:0,f
FNDA:0,v
FNDA:0,N
FNDA:0,C
FNDA:0,S
FNDA:0,I
FNDA:0,H
FNDA:0,U
FNDA:0,O
FNDA:1,8738
FNDA:0,t.default
FNDA:1,4245
FNDA:0,t.Z
DA:1,1
LF:1
LH:1
BRDA:1,0,0,1
BRDA:1,1,0,0
BRDA:1,2,0,1
BRDA:1,3,0,1
BRDA:1,4,0,1
BRF:5
BRH:4
end_of_record
TN:
SF:https:/www.guinness.diageo.site/_next/static/chunks/main-app-76887c6f971d06c3.js
FN:1,8380
FN:1,n
FNF:2
FNH:2
FNDA:1,8380
FNDA:2,n
DA:1,1
LF:1
LH:1
BRDA:1,0,0,1
BRDA:1,1,0,1
BRDA:1,2,0,1
BRDA:1,3,0,2
BRDA:1,4,0,1
BRF:5
BRH:5
end_of_record
TN:
SF:https:/www.guinness.diageo.site/_next/static/chunks/webpack-01a1e7d61bd4ad4c.js
FN:1,b
FN:1,b.O
FN:1,b.n
FN:1,t
FN:1,t
FN:1,n
FN:1,n
FN:1,b.t
FN:1,u.<computed>
FN:1,u.default
FN:1,b.d
FN:1,b.e
FN:1,b.u
FN:1,b.miniCssF
FN:1,b.o
FN:1,b.l
FN:1,d
FN:1,b.r
FN:1,b.nmd
FN:1,b.tt
FN:1,createScriptURL
FN:1,b.tu
FN:1,i
FN:1,a
FN:1,b.f.miniCss
FN:1,b.f.j
FN:1,b.O.j
FN:1,l
FNF:28
FNH:21
FNDA:608,b
FNDA:15,b.O
FNDA:25,b.n
FNDA:69,t
FNDA:0,t
FNDA:11,n
FNDA:0,n
FNDA:26,b.t
FNDA:0,u.<computed>
FNDA:0,u.default
FNDA:88,b.d
FNDA:10,b.e
FNDA:1,b.u
FNDA:0,b.miniCssF
FNDA:490,b.o
FNDA:6,b.l
FNDA:6,d
FNDA:32,b.r
FNDA:1,b.nmd
FNDA:6,b.tt
FNDA:6,createScriptURL
FNDA:6,b.tu
FNDA:0,i
FNDA:0,a
FNDA:10,b.f.miniCss
FNDA:10,b.f.j
FNDA:23,b.O.j
FNDA:9,l
DA:1,1
LF:1
LH:1
BRDA:1,0,0,1
BRDA:1,1,0,1
BRDA:1,2,0,0
BRDA:1,3,0,0
BRDA:1,4,0,608
BRDA:1,5,0,365
BRDA:1,6,0,243
BRDA:1,7,0,0
BRDA:1,8,0,243
BRDA:1,9,0,15
BRDA:1,10,0,3
BRDA:1,11,0,0
BRDA:1,12,0,0
BRDA:1,13,0,12
BRDA:1,14,0,9
BRDA:1,15,0,23
BRDA:1,16,0,13
BRDA:1,17,0,10
BRDA:1,18,0,6
BRDA:1,19,0,3
BRDA:1,20,0,12
BRDA:1,21,0,23
BRDA:1,22,0,25
BRDA:1,23,0,21
BRDA:1,24,0,4
BRDA:1,25,0,69
BRDA:1,26,0,11
BRDA:1,27,0,26
BRDA:1,28,0,20
BRDA:1,29,0,8
BRDA:1,30,0,12
BRDA:1,31,0,14
BRDA:1,32,0,1
BRDA:1,33,0,14
BRDA:1,34,0,16
BRDA:1,35,0,8
BRDA:1,36,0,14
BRDA:1,37,0,12
BRDA:1,38,0,88
BRDA:1,39,0,110
BRDA:1,40,0,10
BRDA:1,41,0,20
BRDA:1,42,0,1
BRDA:1,43,0,0
BRDA:1,44,0,1
BRDA:1,45,0,0
BRDA:1,46,0,0
BRDA:1,47,0,490
BRDA:1,48,0,6
BRDA:1,49,0,0
BRDA:1,50,0,184
BRDA:1,51,0,0
BRDA:1,52,0,0
BRDA:1,53,0,6
BRDA:1,54,0,0
BRDA:1,55,0,6
BRDA:1,56,0,32
BRDA:1,57,0,1
BRDA:1,58,0,6
BRDA:1,59,0,1
BRDA:1,60,0,6
BRDA:1,61,0,6
BRDA:1,62,0,10
BRDA:1,63,0,0
BRDA:1,64,0,9
BRDA:1,65,0,0
BRDA:1,66,0,10
BRDA:1,67,0,4
BRDA:1,68,0,6
BRDA:1,69,0,6
BRDA:1,70,0,0
BRDA:1,71,0,0
BRDA:1,72,0,6
BRDA:1,73,0,6
BRDA:1,74,0,0
BRDA:1,75,0,0
BRDA:1,76,0,23
BRDA:1,77,0,9
BRDA:1,78,0,244
BRDA:1,79,0,3
BRDA:1,80,0,7
BRDA:1,81,0,10
BRDA:1,82,0,6
BRDA:1,83,0,9
BRF:84
BRH:66
end_of_record
TN:
SF:https:/www.guinness.diageo.site/_next/static/chunks/app/(cms)/%5Blocale%5D/layout-2459bbcf0fd1937d.js
FN:1,2692
FN:1,1522
FN:1,DOMAttributeNames
FN:1,DOMAttributeNames
FN:1,isEqualNode
FN:1,default
FN:1,n
FN:1,l
FN:1,i
FN:1,C
FN:1,7676
FN:1,handleClientScriptLoad
FN:1,handleClientScriptLoad
FN:1,initScriptLoader
FN:1,default
FN:1,u
FN:1,L
FN:1,h
FN:1,h
FN:1,f
FN:1,x
FN:1,L
FN:1,3999
FN:1,l.loadableGenerated.webpack
FN:1,webpack
FN:1,t.default
FN:1,4965
FN:1,default
FN:1,d
FN:1,u
FN:1,f.loadableGenerated.webpack
FN:1,webpack
FN:1,f.loadableGenerated.webpack
FN:1,webpack
FN:1,m
FN:1,p
FN:1,k
FN:1,e
FN:1,onClick
FN:1,onClick
FN:1,onMouseEnter
FN:1,onClick
FN:1,onClick
FN:1,v
FN:1,b
FN:1,y
FN:1,g
FN:1,405
FN:1,7025
FN:1,9561
FN:1,1996
FN:1,9211
FN:1,3742
FN:1,8502
FN:1,8520
FNF:55
FNH:35
FNDA:1,2692
FNDA:1,1522
FNDA:1,DOMAttributeNames
FNDA:1,DOMAttributeNames
FNDA:1,isEqualNode
FNDA:6,default
FNDA:0,n
FNDA:0,l
FNDA:0,i
FNDA:0,C
FNDA:1,7676
FNDA:1,handleClientScriptLoad
FNDA:1,handleClientScriptLoad
FNDA:1,initScriptLoader
FNDA:6,default
FNDA:1,u
FNDA:0,L
FNDA:1,h
FNDA:0,h
FNDA:0,f
FNDA:1,x
FNDA:0,L
FNDA:1,3999
FNDA:1,l.loadableGenerated.webpack
FNDA:0,webpack
FNDA:2,t.default
FNDA:1,4965
FNDA:1,default
FNDA:1,d
FNDA:1,u
FNDA:0,f.loadableGenerated.webpack
FNDA:0,webpack
FNDA:1,f.loadableGenerated.webpack
FNDA:0,webpack
FNDA:2,m
FNDA:1,p
FNDA:0,k
FNDA:0,e
FNDA:0,onClick
FNDA:0,onClick
FNDA:0,onMouseEnter
FNDA:0,onClick
FNDA:0,onClick
FNDA:0,v
FNDA:4,b
FNDA:1,y
FNDA:1,g
FNDA:1,405
FNDA:1,7025
FNDA:1,9561
FNDA:1,1996
FNDA:1,9211
FNDA:1,3742
FNDA:1,8502
FNDA:1,8520
DA:1,1
LF:1
LH:1
BRDA:1,0,0,1
BRDA:1,1,0,0
BRDA:1,2,0,1
BRDA:1,3,0,1
BRDA:1,4,0,0
BRDA:1,5,0,1
BRDA:1,6,0,3
BRDA:1,7,0,1
BRDA:1,8,0,1
BRDA:1,9,0,6
BRDA:1,10,0,1
BRDA:1,11,0,0
BRDA:1,12,0,1
BRDA:1,13,0,3
BRDA:1,14,0,1
BRDA:1,15,0,1
BRDA:1,16,0,6
BRDA:1,17,0,1
BRDA:1,18,0,0
BRDA:1,19,0,0
BRDA:1,20,0,0
BRDA:1,21,0,0
BRDA:1,22,0,0
BRDA:1,23,0,0
BRDA:1,24,0,3
BRDA:1,25,0,2
BRDA:1,26,0,1
BRDA:1,27,0,0
BRDA:1,28,0,1
BRDA:1,29,0,0
BRDA:1,30,0,1
BRDA:1,31,0,1
BRDA:1,32,0,0
BRDA:1,33,0,0
BRDA:1,34,0,0
BRDA:1,35,0,1
BRDA:1,36,0,0
BRDA:1,37,0,0
BRDA:1,38,0,1
BRDA:1,39,0,0
BRDA:1,40,0,0
BRDA:1,41,0,1
BRDA:1,42,0,1
BRDA:1,43,0,1
BRDA:1,44,0,2
BRDA:1,45,0,1
BRDA:1,46,0,0
BRDA:1,47,0,1
BRDA:1,48,0,1
BRDA:1,49,0,1
BRDA:1,50,0,1
BRDA:1,51,0,1
BRDA:1,52,0,2
BRDA:1,53,0,1
BRDA:1,54,0,1
BRDA:1,55,0,0
BRDA:1,56,0,0
BRDA:1,57,0,1
BRDA:1,58,0,4
BRDA:1,59,0,1
BRDA:1,60,0,3
BRDA:1,61,0,0
BRDA:1,62,0,24
BRDA:1,63,0,0
BRDA:1,64,0,0
BRDA:1,65,0,2
BRDA:1,66,0,22
BRDA:1,67,0,4
BRDA:1,68,0,1
BRDA:1,69,0,1
BRDA:1,70,0,1
BRDA:1,71,0,1
BRDA:1,72,0,1
BRDA:1,73,0,1
BRDA:1,74,0,1
BRDA:1,75,0,1
BRDA:1,76,0,1
BRDA:1,77,0,1
BRDA:1,78,0,1
BRDA:1,79,0,1
BRF:80
BRH:56
end_of_record
TN:
SF:https:/www.guinness.diageo.site/_next/static/chunks/app/(cms)/%5Blocale%5D/%5B...slug%5D/page-d63edf13d543b54d.js
FN:1,8938
FN:1,9285
FN:1,d
FN:1,l.default
FN:1,1139
FN:1,default
FN:1,s
FN:1,onClick
FN:1,a
FN:1,3146
FN:1,l.default
FN:1,9540
FN:1,l.default
FN:1,u
FN:1,onActiveIndexChange
FN:1,2053
FN:1,l.default
FN:1,9239
FN:1,default
FN:1,d
FN:1,x
FN:1,m
FN:1,1792
FN:1,o
FN:1,l.default
FN:1,7799
FN:1,a.loadableGenerated.webpack
FN:1,webpack
FN:1,l.default
FN:1,5598
FN:1,d
FN:1,l.default
FN:1,2124
FN:1,default
FN:1,h
FN:1,p
FN:1,v
FN:1,u
FN:1,207
FN:1,n
FN:1,r
FN:1,o
FN:1,d
FN:1,c
FN:1,l.default
FN:1,7359
FN:1,e6
FN:1,qP
FN:1,i
FN:1,s
FN:1,2414
FN:1,8461
FNF:52
FNH:24
FNDA:1,8938
FNDA:1,9285
FNDA:0,d
FNDA:0,l.default
FNDA:1,1139
FNDA:1,default
FNDA:1,s
FNDA:2,onClick
FNDA:1,a
FNDA:1,3146
FNDA:0,l.default
FNDA:1,9540
FNDA:3,l.default
FNDA:1,u
FNDA:1,onActiveIndexChange
FNDA:1,2053
FNDA:0,l.default
FNDA:1,9239
FNDA:0,default
FNDA:0,d
FNDA:0,x
FNDA:0,m
FNDA:1,1792
FNDA:0,o
FNDA:0,l.default
FNDA:1,7799
FNDA:0,a.loadableGenerated.webpack
FNDA:0,webpack
FNDA:0,l.default
FNDA:1,5598
FNDA:0,d
FNDA:0,l.default
FNDA:1,2124
FNDA:0,default
FNDA:0,h
FNDA:0,p
FNDA:0,v
FNDA:0,u
FNDA:1,207
FNDA:0,n
FNDA:0,r
FNDA:0,o
FNDA:0,d
FNDA:0,c
FNDA:0,l.default
FNDA:1,7359
FNDA:0,e6
FNDA:1,qP
FNDA:1,i
FNDA:0,s
FNDA:1,2414
FNDA:1,8461
DA:1,1
LF:1
LH:1
BRDA:1,0,0,1
BRDA:1,1,0,0
BRDA:1,2,0,1
BRDA:1,3,0,1
BRDA:1,4,0,1
BRDA:1,5,0,1
BRDA:1,6,0,1
BRDA:1,7,0,0
BRDA:1,8,0,0
BRDA:1,9,0,1
BRDA:1,10,0,0
BRDA:1,11,0,2
BRDA:1,12,0,1
BRDA:1,13,0,1
BRDA:1,14,0,1
BRDA:1,15,0,1
BRDA:1,16,0,0
BRDA:1,17,0,1
BRDA:1,18,0,1
BRDA:1,19,0,1
BRDA:1,20,0,3
BRDA:1,21,0,0
BRDA:1,22,0,2
BRDA:1,23,0,1
BRDA:1,24,0,2
BRDA:1,25,0,1
BRDA:1,26,0,0
BRDA:1,27,0,2
BRDA:1,28,0,1
BRDA:1,29,0,1
BRDA:1,30,0,1
BRDA:1,31,0,1
BRDA:1,32,0,21
BRDA:1,33,0,0
BRDA:1,34,0,0
BRDA:1,35,0,1
BRDA:1,36,0,1
BRDA:1,37,0,1
BRDA:1,38,0,1
BRDA:1,39,0,1
BRDA:1,40,0,1
BRDA:1,41,0,1
BRDA:1,42,0,1
BRDA:1,43,0,1
BRDA:1,44,0,1
BRDA:1,45,0,1
BRDA:1,46,0,1
BRDA:1,47,0,1
BRDA:1,48,0,1
BRF:49
BRH:40
end_of_record
TN:
SF:https:/www.guinness.diageo.site/en/home
FNF:0
FNH:0
DA:1,2
LF:1
LH:1
BRDA:1,0,0,1
BRDA:1,1,0,1
BRDA:1,2,0,1
BRDA:1,3,0,1
BRDA:1,4,0,1
BRDA:1,5,0,1
BRDA:1,6,0,1
BRDA:1,7,0,1
BRDA:1,8,0,1
BRDA:1,9,0,1
BRDA:1,10,0,2
BRDA:1,11,0,1
BRDA:1,12,0,1
BRDA:1,13,0,1
BRDA:1,14,0,1
BRDA:1,15,0,1
BRDA:1,16,0,1
BRDA:1,17,0,1
BRDA:1,18,0,1
BRDA:1,19,0,1
BRDA:1,20,0,1
BRDA:1,21,0,1
BRDA:1,22,0,1
BRF:23
BRH:23
end_of_record
TN:
SF:https:/www.guinness.diageo.site/scripts/cswidget.loader.js
FN:9,t
FN:10,n.<computed>
FN:61,window.<computed>.a.<computed>
FNF:3
FNH:2
FNDA:15,t
FNDA:1,n.<computed>
FNDA:0,window.<computed>.a.<computed>
DA:1,1
DA:2,1
DA:3,1
DA:4,1
DA:5,1
DA:6,1
DA:7,1
DA:8,1
DA:9,1
DA:10,15
DA:11,1
DA:12,1
DA:13,0
DA:14,1
DA:15,15
DA:16,15
DA:17,1
DA:18,1
DA:19,1
DA:20,1
DA:21,1
DA:22,1
DA:23,1
DA:24,1
DA:25,1
DA:26,1
DA:27,1
DA:28,1
DA:29,1
DA:30,1
DA:31,1
DA:32,1
DA:33,1
DA:34,1
DA:35,1
DA:36,1
DA:37,1
DA:38,1
DA:39,1
DA:40,1
DA:41,1
DA:42,1
DA:43,1
DA:44,1
DA:45,1
DA:46,1
DA:47,1
DA:48,1
DA:49,1
DA:50,1
DA:51,1
DA:52,1
DA:53,1
DA:54,0
DA:55,0
DA:56,0
DA:57,1
DA:58,1
DA:59,0
DA:60,0
DA:61,0
DA:62,0
DA:63,0
DA:64,0
DA:65,0
DA:66,0
DA:67,0
DA:68,0
DA:69,0
DA:70,0
DA:71,1
DA:72,1
DA:73,1
DA:74,1
DA:75,1
DA:76,1
DA:77,1
DA:78,1
DA:79,1
DA:80,1
DA:81,1
DA:82,1
DA:83,1
DA:84,1
DA:85,1
DA:86,1
DA:87,1
DA:88,1
DA:89,1
DA:90,1
DA:91,1
DA:92,1
DA:93,1
DA:94,1
DA:95,1
LF:95
LH:79
BRDA:1,0,0,1
BRDA:1,1,0,1
BRDA:3,2,0,1
BRDA:8,3,0,1
BRDA:27,4,0,0
BRDA:42,5,0,7
BRDA:53,6,0,0
BRDA:58,7,0,0
BRDA:9,8,0,15
BRDA:10,9,0,1
BRDA:20,10,0,1
BRDA:87,11,0,1
BRF:12
BRH:9
end_of_record
