TN:
SF:https:/www.guinness.diageo.site/a
FNF:0
FNH:0
DA:1,2
LF:1
LH:1
BRDA:1,0,0,1
BRDA:1,1,0,1
BRDA:1,2,0,1
BRDA:1,3,0,1
BRDA:1,4,0,1
BRDA:1,5,0,1
BRDA:1,6,0,1
BRDA:1,7,0,1
BRDA:1,8,0,2
BRF:9
BRH:9
end_of_record
TN:
SF:https:/www.guinness.diageo.site/_next/static/chunks/125-c5c9527423e2635b.js
FN:1,3644
FN:1,get
FN:1,Array.flat.Array.flat
FN:1,Array.flat.Array.flatMap
FN:1,Promise.finally.Promise.finally
FN:1,Object.fromEntries.Object.fromEntries
FN:1,2409
FN:1,get
FN:1,o
FN:1,930
FN:1,r
FN:1,r
FN:1,get
FN:1,303
FN:1,get
FN:1,u
FN:1,3426
FN:1,get
FN:1,window.console.error
FN:1,_
FN:1,self.__next_chunk_load__
FN:1,O
FN:1,S
FN:1,j
FN:1,M
FN:1,start
FN:1,A
FN:1,x
FN:1,N
FN:1,3333
FN:1,1002
FN:1,get
FN:1,l
FN:1,4852
FN:1,RSC
FN:1,RSC
FN:1,ACTION
FN:1,NEXT_ROUTER_STATE_TREE
FN:1,NEXT_ROUTER_PREFETCH
FN:1,NEXT_URL
FN:1,FETCH_CACHE_HEADER
FN:1,RSC_CONTENT_TYPE_HEADER
FN:1,RSC_VARY_HEADER
FN:1,FLIGHT_PARAMETERS
FN:1,NEXT_RSC_UNION_QUERY
FN:1,2353
FN:1,getServerActionDispatcher
FN:1,getServerActionDispatcher
FN:1,urlToUrlWithoutFlightMarker
FN:1,default
FN:1,E
FN:1,R
FN:1,S
FN:1,j
FN:1,T
FN:1,w
FN:1,back
FN:1,forward
FN:1,prefetch
FN:1,replace
FN:1,push
FN:1,refresh
FN:1,fastRefresh
FN:1,M
FN:1,259
FN:1,n
FN:1,get
FN:1,7330
FN:1,ErrorBoundaryHandler
FN:1,ErrorBoundaryHandler
FN:1,default
FN:1,ErrorBoundary
FN:1,getDerivedStateFromError
FN:1,getDerivedStateFromProps
FN:1,render
FN:1,a
FN:1,reset
FN:1,i
FN:1,c
FN:1,7308
FN:1,DYNAMIC_ERROR_CODE
FN:1,DYNAMIC_ERROR_CODE
FN:1,DynamicServerError
FN:1,n
FN:1,5238
FN:1,n
FN:1,get
FN:1,5080
FN:1,get
FN:1,o
FN:1,9180
FN:1,get
FN:1,v
FN:1,componentDidMount
FN:1,componentDidUpdate
FN:1,render
FN:1,m
FN:1,g
FN:1,O
FN:1,P
FN:1,E
FN:1,655
FN:1,matchSegment
FN:1,matchSegment
FN:1,canSegmentBeOverridden
FN:1,u
FN:1,o
FN:1,4000
FN:1,ReadonlyURLSearchParams
FN:1,ReadonlyURLSearchParams
FN:1,useSearchParams
FN:1,usePathname
FN:1,ServerInsertedHTMLContext
FN:1,useServerInsertedHTML
FN:1,useRouter
FN:1,useParams
FN:1,useSelectedLayoutSegments
FN:1,useSelectedLayoutSegment
FN:1,redirect
FN:1,notFound
FN:1,d
FN:1,append
FN:1,delete
FN:1,set
FN:1,sort
FN:1,p
FN:1,h
FN:1,_
FN:1,y
FN:1,b
FN:1,v
FN:1,m
FN:1,2484
FN:1,get
FN:1,getDerivedStateFromError
FN:1,getDerivedStateFromProps
FN:1,render
FN:1,l
FN:1,a
FN:1,2951
FN:1,notFound
FN:1,notFound
FN:1,isNotFoundError
FN:1,n
FN:1,u
FN:1,2418
FN:1,RedirectErrorBoundary
FN:1,RedirectErrorBoundary
FN:1,RedirectBoundary
FN:1,a
FN:1,getDerivedStateFromError
FN:1,render
FN:1,reset
FN:1,i
FN:1,c
FN:1,4024
FN:1,RedirectType
FN:1,RedirectType
FN:1,getRedirectError
FN:1,redirect
FN:1,isRedirectError
FN:1,getURLFromRedirectError
FN:1,getRedirectTypeFromError
FN:1,a
FN:1,i
FN:1,c
FN:1,s
FN:1,f
FN:1,2306
FN:1,get
FN:1,l
FN:1,8654
FN:1,get
FN:1,l
FN:1,6031
FN:1,get
FN:1,u
FN:1,1781
FN:1,extractPathFromFlightRouterState
FN:1,extractPathFromFlightRouterState
FN:1,computeChangedPath
FN:1,o
FN:1,l
FN:1,a
FN:1,i
FN:1,8744
FN:1,r
FN:1,get
FN:1,9343
FN:1,get
FN:1,a
FN:1,6486
FN:1,get
FN:1,7718
FN:1,r
FN:1,get
FN:1,9101
FN:1,r
FN:1,get
FN:1,2368
FN:1,get
FN:1,c
FN:1,s
FN:1,155
FN:1,get
FN:1,3033
FN:1,get
FN:1,743
FN:1,get
FN:1,e
FN:1,9231
FN:1,u
FN:1,PrefetchCacheEntryStatus
FN:1,PrefetchCacheEntryStatus
FN:1,getPrefetchEntryCacheStatus
FN:1,4129
FN:1,get
FN:1,u
FN:1,4773
FN:1,get
FN:1,8179
FN:1,get
FN:1,u
FN:1,8999
FN:1,get
FN:1,168
FN:1,r
FN:1,get
FN:1,9210
FN:1,get
FN:1,n
FN:1,8792
FN:1,get
FN:1,e
FN:1,5143
FN:1,r
FN:1,get
FN:1,6664
FN:1,handleExternalUrl
FN:1,handleExternalUrl
FN:1,navigateReducer
FN:1,m
FN:1,g
FN:1,O
FN:1,2763
FN:1,get
FN:1,c
FN:1,2268
FN:1,get
FN:1,u
FN:1,9901
FN:1,get
FN:1,p
FN:1,4520
FN:1,get
FN:1,u
FN:1,7366
FN:1,get
FN:1,d
FN:1,p
FN:1,7519
FN:1,get
FN:1,c
FN:1,4741
FN:1,PrefetchKind
FN:1,PrefetchKind
FN:1,ACTION_REFRESH
FN:1,ACTION_NAVIGATE
FN:1,ACTION_RESTORE
FN:1,ACTION_SERVER_PATCH
FN:1,ACTION_PREFETCH
FN:1,ACTION_FAST_REFRESH
FN:1,ACTION_SERVER_ACTION
FN:1,5426
FN:1,get
FN:1,f
FN:1,4712
FN:1,get
FN:1,8323
FN:1,get
FN:1,u
FN:1,2620
FN:1,get
FN:1,o
FN:1,l
FN:1,8531
FN:1,get
FN:1,l
FN:1,8688
FN:1,get
FN:1,u
FN:1,o
FN:1,5588
FN:1,get
FN:1,o
FN:1,9214
FN:1,get
FN:1,u
FN:1,5456
FN:1,CacheStates
FN:1,CacheStates
FN:1,AppRouterContext
FN:1,LayoutRouterContext
FN:1,GlobalLayoutRouterContext
FN:1,TemplateContext
FN:1,7279
FN:1,r
FN:1,n
FN:1,djb2Hash
FN:1,djb2Hash
FN:1,hexHash
FN:1,7268
FN:1,get
FN:1,6173
FN:1,SearchParamsContext
FN:1,SearchParamsContext
FN:1,PathnameContext
FN:1,8687
FN:1,get
FN:1,9130
FN:1,r
FN:1,get
FN:1,150
FN:1,get
FN:1,u
FN:1,4241
FN:1,normalizeAppPath
FN:1,normalizeAppPath
FN:1,normalizeRscPath
FN:1,u
FN:1,o
FN:1,2998
FN:1,r
FN:1,get
FN:1,753
FN:1,r
FN:1,get
FN:1,4035
FN:1,r
FN:1,get
FN:1,1402
FN:1,r
FN:1,get
FN:1,3476
FN:1,ServerInsertedHTMLContext
FN:1,ServerInsertedHTMLContext
FN:1,useServerInsertedHTML
FN:1,l
FN:1,5862
FN:1,get
FN:1,disable
FN:1,getStore
FN:1,run
FN:1,exit
FN:1,enterWith
FN:1,o
FN:1,4437
FN:1,get
FN:1,94
FN:1,get
FN:1,107
FN:1,2774
FN:1,e
FN:1,7638
FN:9,isMounted
FN:9,enqueueForceUpdate
FN:9,enqueueReplaceState
FN:9,enqueueSetState
FN:9,E
FN:9,R
FN:9,S
FN:9,E.setState
FN:9,E.forceUpdate
FN:9,A
FN:9,x
FN:9,I
FN:9,D
FN:9,k
FN:9,U
FN:9,L
FN:9,forEach
FN:9,count
FN:9,toArray
FN:9,only
FN:9,t.cache
FN:9,t.cloneElement
FN:9,t.createContext
FN:9,t.createFactory
FN:9,t.createRef
FN:9,t.createServerContext
FN:9,t.experimental_useEffectEvent
FN:9,t.experimental_useOptimistic
FN:9,t.forwardRef
FN:9,t.lazy
FN:9,t.memo
FN:9,t.startTransition
FN:9,t.unstable_act
FN:9,t.unstable_getCacheForType
FN:9,t.unstable_getCacheSignal
FN:9,t.unstable_useCacheRefresh
FN:9,t.unstable_useMemoCache
FN:9,t.use
FN:9,t.useCallback
FN:9,t.useContext
FN:9,t.useDebugValue
FN:9,t.useDeferredValue
FN:9,t.useEffect
FN:9,t.useId
FN:9,t.useImperativeHandle
FN:9,t.useInsertionEffect
FN:9,t.useLayoutEffect
FN:9,t.useMemo
FN:9,t.useReducer
FN:9,t.useRef
FN:9,t.useState
FN:9,t.useSyncExternalStore
FN:9,t.useTransition
FN:9,2310
FN:9,816
FN:17,a
FN:17,i
FN:17,b
FN:17,v
FN:17,m
FN:17,g
FN:17,O
FN:17,P
FN:17,b.then
FN:17,S
FN:17,j
FN:17,T
FN:17,w
FN:17,M
FN:17,C
FN:17,A
FN:17,A._fromJSON
FN:17,x
FN:17,N
FN:17,I
FN:17,D
FN:17,r
FN:17,t
FN:17,t.createFromFetch
FN:17,t.createFromReadableStream
FN:17,t.createServerReference
FN:17,t.encodeReply
FN:17,4463
FN:17,8726
FN:17,7776
FN:25,r
FN:25,n
FN:25,u
FN:25,o
FN:25,t.unstable_now
FN:25,t.unstable_now
FN:25,O
FN:25,P
FN:25,E
FN:25,M
FN:25,C
FN:25,l
FN:25,l
FN:25,l
FN:25,N
FN:25,I
FN:25,t.unstable_cancelCallback
FN:25,t.unstable_continueExecution
FN:25,t.unstable_forceFrameRate
FN:25,t.unstable_getCurrentPriorityLevel
FN:25,t.unstable_getFirstCallbackNode
FN:25,t.unstable_next
FN:25,t.unstable_pauseExecution
FN:25,t.unstable_requestPaint
FN:25,t.unstable_runWithPriority
FN:25,t.unstable_scheduleCallback
FN:25,t.unstable_wrapCallback
FN:25,7715
FN:25,4778
FN:25,get
FN:25,u
FN:25,7399
FN:25,INTERCEPTION_ROUTE_MARKERS
FN:25,INTERCEPTION_ROUTE_MARKERS
FN:25,isInterceptionRouteAppPath
FN:25,extractInterceptionRouteInformation
FN:25,o
FN:25,l
FN:25,6927
FN:25,n
FN:25,_
FN:25,_interop_require_default
FN:25,5909
FN:25,n
FN:25,n
FN:25,u
FN:25,_
FN:25,_interop_require_wildcard
FNF:497
FNH:238
FNDA:1,3644
FNDA:0,get
FNDA:0,Array.flat.Array.flat
FNDA:0,Array.flat.Array.flatMap
FNDA:0,Promise.finally.Promise.finally
FNDA:0,Object.fromEntries.Object.fromEntries
FNDA:1,2409
FNDA:0,get
FNDA:0,o
FNDA:1,930
FNDA:1,r
FNDA:1,r
FNDA:1,get
FNDA:1,303
FNDA:1,get
FNDA:0,u
FNDA:1,3426
FNDA:1,get
FNDA:1,window.console.error
FNDA:3,_
FNDA:6,self.__next_chunk_load__
FNDA:7,O
FNDA:10,S
FNDA:1,j
FNDA:7,M
FNDA:1,start
FNDA:7,A
FNDA:7,x
FNDA:1,N
FNDA:1,3333
FNDA:1,1002
FNDA:2,get
FNDA:0,l
FNDA:1,4852
FNDA:1,RSC
FNDA:0,RSC
FNDA:0,ACTION
FNDA:0,NEXT_ROUTER_STATE_TREE
FNDA:0,NEXT_ROUTER_PREFETCH
FNDA:0,NEXT_URL
FNDA:0,FETCH_CACHE_HEADER
FNDA:0,RSC_CONTENT_TYPE_HEADER
FNDA:0,RSC_VARY_HEADER
FNDA:0,FLIGHT_PARAMETERS
FNDA:0,NEXT_RSC_UNION_QUERY
FNDA:1,2353
FNDA:1,getServerActionDispatcher
FNDA:1,getServerActionDispatcher
FNDA:1,urlToUrlWithoutFlightMarker
FNDA:6,default
FNDA:0,E
FNDA:0,R
FNDA:0,S
FNDA:2,j
FNDA:0,T
FNDA:6,w
FNDA:0,back
FNDA:0,forward
FNDA:0,prefetch
FNDA:0,replace
FNDA:0,push
FNDA:0,refresh
FNDA:0,fastRefresh
FNDA:6,M
FNDA:1,259
FNDA:6,n
FNDA:6,get
FNDA:1,7330
FNDA:1,ErrorBoundaryHandler
FNDA:1,ErrorBoundaryHandler
FNDA:6,default
FNDA:1,ErrorBoundary
FNDA:2,getDerivedStateFromError
FNDA:4,getDerivedStateFromProps
FNDA:4,render
FNDA:6,a
FNDA:0,reset
FNDA:2,i
FNDA:6,c
FNDA:1,7308
FNDA:1,DYNAMIC_ERROR_CODE
FNDA:0,DYNAMIC_ERROR_CODE
FNDA:0,DynamicServerError
FNDA:0,n
FNDA:1,5238
FNDA:0,n
FNDA:0,get
FNDA:1,5080
FNDA:1,get
FNDA:1,o
FNDA:1,9180
FNDA:6,get
FNDA:0,v
FNDA:0,componentDidMount
FNDA:0,componentDidUpdate
FNDA:0,render
FNDA:0,m
FNDA:0,g
FNDA:0,O
FNDA:0,P
FNDA:0,E
FNDA:1,655
FNDA:1,matchSegment
FNDA:0,matchSegment
FNDA:0,canSegmentBeOverridden
FNDA:0,u
FNDA:0,o
FNDA:1,4000
FNDA:1,ReadonlyURLSearchParams
FNDA:0,ReadonlyURLSearchParams
FNDA:0,useSearchParams
FNDA:4,usePathname
FNDA:0,ServerInsertedHTMLContext
FNDA:0,useServerInsertedHTML
FNDA:2,useRouter
FNDA:0,useParams
FNDA:0,useSelectedLayoutSegments
FNDA:0,useSelectedLayoutSegment
FNDA:0,redirect
FNDA:0,notFound
FNDA:0,d
FNDA:0,append
FNDA:0,delete
FNDA:0,set
FNDA:0,sort
FNDA:0,p
FNDA:0,h
FNDA:4,_
FNDA:2,y
FNDA:0,b
FNDA:0,v
FNDA:0,m
FNDA:1,2484
FNDA:2,get
FNDA:0,getDerivedStateFromError
FNDA:0,getDerivedStateFromProps
FNDA:0,render
FNDA:0,l
FNDA:6,a
FNDA:1,2951
FNDA:1,notFound
FNDA:0,notFound
FNDA:1,isNotFoundError
FNDA:0,n
FNDA:1,u
FNDA:1,2418
FNDA:1,RedirectErrorBoundary
FNDA:0,RedirectErrorBoundary
FNDA:2,RedirectBoundary
FNDA:0,a
FNDA:2,getDerivedStateFromError
FNDA:2,render
FNDA:0,reset
FNDA:6,i
FNDA:6,c
FNDA:1,4024
FNDA:1,RedirectType
FNDA:0,RedirectType
FNDA:0,getRedirectError
FNDA:0,redirect
FNDA:3,isRedirectError
FNDA:0,getURLFromRedirectError
FNDA:0,getRedirectTypeFromError
FNDA:0,a
FNDA:0,i
FNDA:3,c
FNDA:0,s
FNDA:0,f
FNDA:1,2306
FNDA:6,get
FNDA:0,l
FNDA:1,8654
FNDA:0,get
FNDA:0,l
FNDA:1,6031
FNDA:0,get
FNDA:0,u
FNDA:1,1781
FNDA:1,extractPathFromFlightRouterState
FNDA:2,extractPathFromFlightRouterState
FNDA:0,computeChangedPath
FNDA:0,o
FNDA:8,l
FNDA:10,a
FNDA:0,i
FNDA:1,8744
FNDA:2,r
FNDA:2,get
FNDA:1,9343
FNDA:2,get
FNDA:2,a
FNDA:1,6486
FNDA:0,get
FNDA:1,7718
FNDA:0,r
FNDA:0,get
FNDA:1,9101
FNDA:12,r
FNDA:12,get
FNDA:1,2368
FNDA:0,get
FNDA:0,c
FNDA:0,s
FNDA:1,155
FNDA:0,get
FNDA:1,3033
FNDA:0,get
FNDA:1,743
FNDA:1,get
FNDA:5,e
FNDA:1,9231
FNDA:0,u
FNDA:1,PrefetchCacheEntryStatus
FNDA:0,PrefetchCacheEntryStatus
FNDA:0,getPrefetchEntryCacheStatus
FNDA:1,4129
FNDA:0,get
FNDA:0,u
FNDA:1,4773
FNDA:0,get
FNDA:1,8179
FNDA:0,get
FNDA:0,u
FNDA:1,8999
FNDA:0,get
FNDA:1,168
FNDA:0,r
FNDA:0,get
FNDA:1,9210
FNDA:0,get
FNDA:0,n
FNDA:1,8792
FNDA:2,get
FNDA:10,e
FNDA:1,5143
FNDA:0,r
FNDA:0,get
FNDA:1,6664
FNDA:1,handleExternalUrl
FNDA:0,handleExternalUrl
FNDA:0,navigateReducer
FNDA:0,m
FNDA:0,g
FNDA:0,O
FNDA:1,2763
FNDA:0,get
FNDA:0,c
FNDA:1,2268
FNDA:0,get
FNDA:0,u
FNDA:1,9901
FNDA:0,get
FNDA:0,p
FNDA:1,4520
FNDA:0,get
FNDA:0,u
FNDA:1,7366
FNDA:0,get
FNDA:0,d
FNDA:0,p
FNDA:1,7519
FNDA:0,get
FNDA:0,c
FNDA:1,4741
FNDA:1,PrefetchKind
FNDA:0,PrefetchKind
FNDA:0,ACTION_REFRESH
FNDA:0,ACTION_NAVIGATE
FNDA:0,ACTION_RESTORE
FNDA:0,ACTION_SERVER_PATCH
FNDA:0,ACTION_PREFETCH
FNDA:0,ACTION_FAST_REFRESH
FNDA:0,ACTION_SERVER_ACTION
FNDA:1,5426
FNDA:2,get
FNDA:0,f
FNDA:1,4712
FNDA:0,get
FNDA:1,8323
FNDA:0,get
FNDA:0,u
FNDA:1,2620
FNDA:0,get
FNDA:0,o
FNDA:0,l
FNDA:1,8531
FNDA:6,get
FNDA:0,l
FNDA:1,8688
FNDA:2,get
FNDA:0,u
FNDA:2,o
FNDA:1,5588
FNDA:0,get
FNDA:0,o
FNDA:1,9214
FNDA:6,get
FNDA:0,u
FNDA:1,5456
FNDA:1,CacheStates
FNDA:6,CacheStates
FNDA:4,AppRouterContext
FNDA:2,LayoutRouterContext
FNDA:2,GlobalLayoutRouterContext
FNDA:0,TemplateContext
FNDA:1,7279
FNDA:0,r
FNDA:0,n
FNDA:1,djb2Hash
FNDA:0,djb2Hash
FNDA:0,hexHash
FNDA:1,7268
FNDA:1,get
FNDA:1,6173
FNDA:1,SearchParamsContext
FNDA:2,SearchParamsContext
FNDA:6,PathnameContext
FNDA:1,8687
FNDA:0,get
FNDA:1,9130
FNDA:0,r
FNDA:0,get
FNDA:1,150
FNDA:0,get
FNDA:0,u
FNDA:1,4241
FNDA:1,normalizeAppPath
FNDA:0,normalizeAppPath
FNDA:0,normalizeRscPath
FNDA:0,u
FNDA:0,o
FNDA:1,2998
FNDA:0,r
FNDA:0,get
FNDA:1,753
FNDA:0,r
FNDA:0,get
FNDA:1,4035
FNDA:0,r
FNDA:0,get
FNDA:1,1402
FNDA:0,r
FNDA:0,get
FNDA:1,3476
FNDA:1,ServerInsertedHTMLContext
FNDA:0,ServerInsertedHTMLContext
FNDA:0,useServerInsertedHTML
FNDA:0,l
FNDA:1,5862
FNDA:2,get
FNDA:0,disable
FNDA:0,getStore
FNDA:0,run
FNDA:0,exit
FNDA:0,enterWith
FNDA:2,o
FNDA:1,4437
FNDA:0,get
FNDA:1,94
FNDA:0,get
FNDA:1,107
FNDA:1,2774
FNDA:1,e
FNDA:1,7638
FNDA:0,isMounted
FNDA:0,enqueueForceUpdate
FNDA:0,enqueueReplaceState
FNDA:0,enqueueSetState
FNDA:12,E
FNDA:1,R
FNDA:0,S
FNDA:0,E.setState
FNDA:0,E.forceUpdate
FNDA:59,A
FNDA:0,x
FNDA:0,I
FNDA:0,D
FNDA:0,k
FNDA:0,U
FNDA:0,L
FNDA:0,forEach
FNDA:0,count
FNDA:0,toArray
FNDA:0,only
FNDA:0,t.cache
FNDA:0,t.cloneElement
FNDA:18,t.createContext
FNDA:0,t.createFactory
FNDA:0,t.createRef
FNDA:0,t.createServerContext
FNDA:0,t.experimental_useEffectEvent
FNDA:0,t.experimental_useOptimistic
FNDA:6,t.forwardRef
FNDA:3,t.lazy
FNDA:0,t.memo
FNDA:0,t.startTransition
FNDA:0,t.unstable_act
FNDA:0,t.unstable_getCacheForType
FNDA:0,t.unstable_getCacheSignal
FNDA:0,t.unstable_useCacheRefresh
FNDA:0,t.unstable_useMemoCache
FNDA:3,t.use
FNDA:10,t.useCallback
FNDA:6,t.useContext
FNDA:0,t.useDebugValue
FNDA:0,t.useDeferredValue
FNDA:11,t.useEffect
FNDA:0,t.useId
FNDA:0,t.useImperativeHandle
FNDA:2,t.useInsertionEffect
FNDA:0,t.useLayoutEffect
FNDA:8,t.useMemo
FNDA:2,t.useReducer
FNDA:4,t.useRef
FNDA:0,t.useState
FNDA:0,t.useSyncExternalStore
FNDA:0,t.useTransition
FNDA:1,2310
FNDA:1,816
FNDA:0,a
FNDA:0,i
FNDA:18,b
FNDA:8,v
FNDA:1,m
FNDA:1,g
FNDA:0,O
FNDA:4,P
FNDA:2,b.then
FNDA:4,S
FNDA:2,j
FNDA:1,T
FNDA:22,w
FNDA:0,M
FNDA:0,C
FNDA:1,A
FNDA:362,A._fromJSON
FNDA:0,x
FNDA:0,N
FNDA:0,I
FNDA:1,D
FNDA:0,r
FNDA:10,t
FNDA:0,t.createFromFetch
FNDA:1,t.createFromReadableStream
FNDA:0,t.createServerReference
FNDA:0,t.encodeReply
FNDA:1,4463
FNDA:1,8726
FNDA:1,7776
FNDA:3,r
FNDA:17,n
FNDA:3,u
FNDA:1,o
FNDA:40,t.unstable_now
FNDA:0,t.unstable_now
FNDA:6,O
FNDA:0,P
FNDA:3,E
FNDA:4,M
FNDA:3,C
FNDA:0,l
FNDA:3,l
FNDA:0,l
FNDA:2,N
FNDA:0,I
FNDA:1,t.unstable_cancelCallback
FNDA:0,t.unstable_continueExecution
FNDA:0,t.unstable_forceFrameRate
FNDA:0,t.unstable_getCurrentPriorityLevel
FNDA:0,t.unstable_getFirstCallbackNode
FNDA:0,t.unstable_next
FNDA:0,t.unstable_pauseExecution
FNDA:1,t.unstable_requestPaint
FNDA:0,t.unstable_runWithPriority
FNDA:3,t.unstable_scheduleCallback
FNDA:0,t.unstable_wrapCallback
FNDA:1,7715
FNDA:1,4778
FNDA:0,get
FNDA:0,u
FNDA:1,7399
FNDA:1,INTERCEPTION_ROUTE_MARKERS
FNDA:10,INTERCEPTION_ROUTE_MARKERS
FNDA:0,isInterceptionRouteAppPath
FNDA:0,extractInterceptionRouteInformation
FNDA:0,o
FNDA:0,l
FNDA:1,6927
FNDA:19,n
FNDA:19,_
FNDA:0,_interop_require_default
FNDA:1,5909
FNDA:1,n
FNDA:10,n
FNDA:11,u
FNDA:11,_
FNDA:0,_interop_require_wildcard
DA:1,1
DA:2,1
DA:3,1
DA:4,1
DA:5,1
DA:6,1
DA:7,1
DA:8,1
DA:9,1
DA:10,1
DA:11,1
DA:12,1
DA:13,1
DA:14,1
DA:15,1
DA:16,1
DA:17,1
DA:18,1
DA:19,1
DA:20,1
DA:21,1
DA:22,1
DA:23,1
DA:24,1
DA:25,1
LF:25
LH:25
BRDA:1,0,0,1
BRDA:1,1,0,1
BRDA:1,2,0,0
BRDA:1,3,0,0
BRDA:1,4,0,0
BRDA:1,5,0,0
BRDA:1,6,0,0
BRDA:1,7,0,0
BRDA:1,8,0,1
BRDA:1,9,0,0
BRDA:1,10,0,0
BRDA:1,11,0,1
BRDA:1,12,0,0
BRDA:1,13,0,0
BRDA:1,14,0,1
BRDA:1,15,0,0
BRDA:1,16,0,1
BRDA:1,17,0,1
BRDA:1,18,0,1
BRDA:1,19,0,0
BRDA:1,20,0,0
BRDA:1,21,0,1
BRDA:1,22,0,1
BRDA:1,23,0,0
BRDA:1,24,0,0
BRDA:1,25,0,0
BRDA:1,26,0,0
BRDA:1,27,0,1
BRDA:1,28,0,1
BRDA:1,29,0,0
BRDA:1,30,0,3
BRDA:1,31,0,3
BRDA:1,32,0,3
BRDA:1,33,0,0
BRDA:1,34,0,6
BRDA:1,35,0,0
BRDA:1,36,0,7
BRDA:1,37,0,10
BRDA:1,38,0,1
BRDA:1,39,0,9
BRDA:1,40,0,0
BRDA:1,41,0,0
BRDA:1,42,0,1
BRDA:1,43,0,0
BRDA:1,44,0,7
BRDA:1,45,0,1
BRDA:1,46,0,3
BRDA:1,47,0,2
BRDA:1,48,0,1
BRDA:1,49,0,1
BRDA:1,50,0,9
BRDA:1,51,0,7
BRDA:1,52,0,7
BRDA:1,53,0,1
BRDA:1,54,0,0
BRDA:1,55,0,1
BRDA:1,56,0,0
BRDA:1,57,0,0
BRDA:1,58,0,1
BRDA:1,59,0,1
BRDA:1,60,0,0
BRDA:1,61,0,0
BRDA:1,62,0,2
BRDA:1,63,0,1
BRDA:1,64,0,0
BRDA:1,65,0,0
BRDA:1,66,0,1
BRDA:1,67,0,10
BRDA:1,68,0,1
BRDA:1,69,0,0
BRDA:1,70,0,1
BRDA:1,71,0,3
BRDA:1,72,0,1
BRDA:1,73,0,1
BRDA:1,74,0,6
BRDA:1,75,0,2
BRDA:1,76,0,6
BRDA:1,77,0,0
BRDA:1,78,0,2
BRDA:1,79,0,2
BRDA:1,80,0,2
BRDA:1,81,0,2
BRDA:1,82,0,2
BRDA:1,83,0,2
BRDA:1,84,0,6
BRDA:1,85,0,1
BRDA:1,86,0,0
BRDA:1,87,0,0
BRDA:1,88,0,6
BRDA:1,89,0,6
BRDA:1,90,0,1
BRDA:1,91,0,0
BRDA:1,92,0,1
BRDA:1,93,0,3
BRDA:1,94,0,1
BRDA:1,95,0,6
BRDA:1,96,0,1
BRDA:1,97,0,2
BRDA:1,98,0,4
BRDA:1,99,0,0
BRDA:1,100,0,4
BRDA:1,101,0,2
BRDA:1,102,0,6
BRDA:1,103,0,2
BRDA:1,104,0,0
BRDA:1,105,0,0
BRDA:1,106,0,0
BRDA:1,107,0,0
BRDA:1,108,0,6
BRDA:1,109,0,2
BRDA:1,110,0,0
BRDA:1,111,0,1
BRDA:1,112,0,0
BRDA:1,113,0,0
BRDA:1,114,0,1
BRDA:1,115,0,2
BRDA:1,116,0,1
BRDA:1,117,0,0
BRDA:1,118,0,0
BRDA:1,119,0,1
BRDA:1,120,0,0
BRDA:1,121,0,0
BRDA:1,122,0,1
BRDA:1,123,0,1
BRDA:1,124,0,1
BRDA:1,125,0,0
BRDA:1,126,0,6
BRDA:1,127,0,1
BRDA:1,128,0,0
BRDA:1,129,0,0
BRDA:1,130,0,1
BRDA:1,131,0,2
BRDA:1,132,0,1
BRDA:1,133,0,0
BRDA:1,134,0,0
BRDA:1,135,0,1
BRDA:1,136,0,11
BRDA:1,137,0,4
BRDA:1,138,0,2
BRDA:1,139,0,4
BRDA:1,140,0,2
BRDA:1,141,0,0
BRDA:1,142,0,1
BRDA:1,143,0,0
BRDA:1,144,0,0
BRDA:1,145,0,2
BRDA:1,146,0,6
BRDA:1,147,0,0
BRDA:1,148,0,2
BRDA:1,149,0,1
BRDA:1,150,0,0
BRDA:1,151,0,0
BRDA:1,152,0,1
BRDA:1,153,0,2
BRDA:1,154,0,1
BRDA:1,155,0,1
BRDA:1,156,0,0
BRDA:1,157,0,1
BRDA:1,158,0,0
BRDA:1,159,0,0
BRDA:1,160,0,1
BRDA:1,161,0,2
BRDA:1,162,0,2
BRDA:1,163,0,2
BRDA:1,164,0,0
BRDA:1,165,0,2
BRDA:1,166,0,0
BRDA:1,167,0,6
BRDA:1,168,0,6
BRDA:1,169,0,1
BRDA:1,170,0,0
BRDA:1,171,0,0
BRDA:1,172,0,1
BRDA:1,173,0,6
BRDA:1,174,0,3
BRDA:1,175,0,3
BRDA:1,176,0,0
BRDA:1,177,0,0
BRDA:1,178,0,0
BRDA:1,179,0,1
BRDA:1,180,0,0
BRDA:1,181,0,6
BRDA:1,182,0,1
BRDA:1,183,0,0
BRDA:1,184,0,0
BRDA:1,185,0,1
BRDA:1,186,0,0
BRDA:1,187,0,0
BRDA:1,188,0,1
BRDA:1,189,0,0
BRDA:1,190,0,0
BRDA:1,191,0,1
BRDA:1,192,0,2
BRDA:1,193,0,2
BRDA:1,194,0,8
BRDA:1,195,0,0
BRDA:1,196,0,26
BRDA:1,197,0,16
BRDA:1,198,0,2
BRDA:1,199,0,12
BRDA:1,200,0,14
BRDA:1,201,0,10
BRDA:1,202,0,4
BRDA:1,203,0,6
BRDA:1,204,0,0
BRDA:1,205,0,2
BRDA:1,206,0,8
BRDA:1,207,0,0
BRDA:1,208,0,8
BRDA:1,209,0,0
BRDA:1,210,0,8
BRDA:1,211,0,0
BRDA:1,212,0,8
BRDA:1,213,0,40
BRDA:1,214,0,1
BRDA:1,215,0,0
BRDA:1,216,0,0
BRDA:1,217,0,2
BRDA:1,218,0,0
BRDA:1,219,0,2
BRDA:1,220,0,1
BRDA:1,221,0,0
BRDA:1,222,0,0
BRDA:1,223,0,2
BRDA:1,224,0,2
BRDA:1,225,0,0
BRDA:1,226,0,1
BRDA:1,227,0,0
BRDA:1,228,0,0
BRDA:1,229,0,0
BRDA:1,230,0,1
BRDA:1,231,0,0
BRDA:1,232,0,0
BRDA:1,233,0,1
BRDA:1,234,0,0
BRDA:1,235,0,0
BRDA:1,236,0,1
BRDA:1,237,0,0
BRDA:1,238,0,0
BRDA:1,239,0,12
BRDA:1,240,0,6
BRDA:1,241,0,0
BRDA:1,242,0,12
BRDA:1,243,0,1
BRDA:1,244,0,0
BRDA:1,245,0,0
BRDA:1,246,0,1
BRDA:1,247,0,0
BRDA:1,248,0,0
BRDA:1,249,0,1
BRDA:1,250,0,0
BRDA:1,251,0,0
BRDA:1,252,0,1
BRDA:1,253,0,0
BRDA:1,254,0,0
BRDA:1,255,0,1
BRDA:1,256,0,5
BRDA:1,257,0,1
BRDA:1,258,0,4
BRDA:1,259,0,0
BRDA:1,260,0,0
BRDA:1,261,0,1
BRDA:1,262,0,0
BRDA:1,263,0,0
BRDA:1,264,0,1
BRDA:1,265,0,2
BRDA:1,266,0,1
BRDA:1,267,0,0
BRDA:1,268,0,0
BRDA:1,269,0,1
BRDA:1,270,0,0
BRDA:1,271,0,0
BRDA:1,272,0,1
BRDA:1,273,0,0
BRDA:1,274,0,0
BRDA:1,275,0,1
BRDA:1,276,0,0
BRDA:1,277,0,0
BRDA:1,278,0,1
BRDA:1,279,0,0
BRDA:1,280,0,0
BRDA:1,281,0,1
BRDA:1,282,0,0
BRDA:1,283,0,0
BRDA:1,284,0,1
BRDA:1,285,0,0
BRDA:1,286,0,0
BRDA:1,287,0,2
BRDA:1,288,0,10
BRDA:1,289,0,2
BRDA:1,290,0,8
BRDA:1,291,0,0
BRDA:1,292,0,0
BRDA:1,293,0,1
BRDA:1,294,0,0
BRDA:1,295,0,0
BRDA:1,296,0,1
BRDA:1,297,0,0
BRDA:1,298,0,0
BRDA:1,299,0,1
BRDA:1,300,0,2
BRDA:1,301,0,1
BRDA:1,302,0,0
BRDA:1,303,0,0
BRDA:1,304,0,1
BRDA:1,305,0,0
BRDA:1,306,0,0
BRDA:1,307,0,1
BRDA:1,308,0,0
BRDA:1,309,0,0
BRDA:1,310,0,1
BRDA:1,311,0,0
BRDA:1,312,0,0
BRDA:1,313,0,1
BRDA:1,314,0,0
BRDA:1,315,0,0
BRDA:1,316,0,1
BRDA:1,317,0,0
BRDA:1,318,0,0
BRDA:1,319,0,1
BRDA:1,320,0,0
BRDA:1,321,0,0
BRDA:1,322,0,1
BRDA:1,323,0,8
BRDA:1,324,0,1
BRDA:1,325,0,0
BRDA:1,326,0,0
BRDA:1,327,0,2
BRDA:1,328,0,1
BRDA:1,329,0,0
BRDA:1,330,0,0
BRDA:1,331,0,1
BRDA:1,332,0,0
BRDA:1,333,0,0
BRDA:1,334,0,1
BRDA:1,335,0,0
BRDA:1,336,0,0
BRDA:1,337,0,1
BRDA:1,338,0,0
BRDA:1,339,0,6
BRDA:1,340,0,1
BRDA:1,341,0,0
BRDA:1,342,0,0
BRDA:1,343,0,2
BRDA:1,344,0,2
BRDA:1,345,0,1
BRDA:1,346,0,0
BRDA:1,347,0,0
BRDA:1,348,0,1
BRDA:1,349,0,0
BRDA:1,350,0,6
BRDA:1,351,0,1
BRDA:1,352,0,1
BRDA:1,353,0,5
BRDA:1,354,0,6
BRDA:1,355,0,4
BRDA:1,356,0,2
BRDA:1,357,0,2
BRDA:1,358,0,1
BRDA:1,359,0,1
BRDA:1,360,0,2
BRDA:1,361,0,1
BRDA:1,362,0,1
BRDA:1,363,0,1
BRDA:1,364,0,1
BRDA:1,365,0,2
BRDA:1,366,0,2
BRDA:1,367,0,6
BRDA:1,368,0,1
BRDA:1,369,0,1
BRDA:1,370,0,1
BRDA:1,371,0,1
BRDA:1,372,0,1
BRDA:1,373,0,2
BRDA:1,374,0,1
BRDA:1,375,0,1
BRDA:1,376,0,1
BRDA:1,377,0,1
BRDA:1,378,0,1
BRDA:1,379,0,1
BRDA:1,380,0,2
BRDA:1,381,0,1
BRDA:1,382,0,0
BRDA:1,383,0,0
BRDA:1,384,0,2
BRDA:1,385,0,2
BRDA:1,386,0,0
BRDA:1,387,0,1
BRDA:1,388,0,0
BRDA:1,389,0,0
BRDA:1,390,0,1
BRDA:1,391,0,0
BRDA:1,392,0,0
BRDA:1,393,0,1
BRDA:1,394,0,1
BRDA:1,395,0,1
BRDA:1,396,0,0
BRDA:1,397,0,0
BRDA:1,398,0,1
BRDA:9,399,0,12
BRDA:9,400,0,4
BRDA:9,401,0,1
BRDA:9,402,0,59
BRDA:9,403,0,40
BRDA:9,404,0,0
BRDA:9,405,0,0
BRDA:9,406,0,68
BRDA:9,407,0,31
BRDA:9,408,0,28
BRDA:9,409,0,10
BRDA:9,410,0,22
BRDA:9,411,0,0
BRDA:9,412,0,18
BRDA:9,413,0,6
BRDA:9,414,0,3
BRDA:9,415,0,3
BRDA:9,416,0,10
BRDA:9,417,0,6
BRDA:9,418,0,11
BRDA:9,419,0,2
BRDA:9,420,0,8
BRDA:9,421,0,2
BRDA:9,422,0,4
BRDA:9,423,0,1
BRDA:9,424,0,1
BRDA:17,425,0,18
BRDA:17,426,0,8
BRDA:17,427,0,2
BRDA:17,428,0,1
BRDA:17,429,0,6
BRDA:17,430,0,0
BRDA:17,431,0,2
BRDA:17,432,0,1
BRDA:17,433,0,2
BRDA:17,434,0,1
BRDA:17,435,0,0
BRDA:17,436,0,4
BRDA:17,437,0,0
BRDA:17,438,0,2
BRDA:17,439,0,0
BRDA:17,440,0,0
BRDA:17,441,0,1
BRDA:17,442,0,1
BRDA:17,443,0,0
BRDA:17,444,0,4
BRDA:17,445,0,0
BRDA:17,446,0,0
BRDA:17,447,0,2
BRDA:17,448,0,0
BRDA:17,449,0,0
BRDA:17,450,0,0
BRDA:17,451,0,1
BRDA:17,452,0,0
BRDA:17,453,0,1
BRDA:17,454,0,0
BRDA:17,455,0,1
BRDA:17,456,0,18
BRDA:17,457,0,0
BRDA:17,458,0,22
BRDA:17,459,0,2
BRDA:17,460,0,1
BRDA:17,461,0,0
BRDA:17,462,0,362
BRDA:17,463,0,202
BRDA:17,464,0,160
BRDA:17,465,0,141
BRDA:17,466,0,114
BRDA:17,467,0,26
BRDA:17,468,0,88
BRDA:17,469,0,46
BRDA:17,470,0,202
BRDA:17,471,0,77
BRDA:17,472,0,26
BRDA:17,473,0,51
BRDA:17,474,0,0
BRDA:17,475,0,17
BRDA:17,476,0,0
BRDA:17,477,0,1
BRDA:17,478,0,0
BRDA:17,479,0,29
BRDA:17,480,0,0
BRDA:17,481,0,4
BRDA:17,482,0,1
BRDA:17,483,0,0
BRDA:17,484,0,125
BRDA:17,485,0,1
BRDA:17,486,0,10
BRDA:17,487,0,1
BRDA:17,488,0,9
BRDA:17,489,0,110
BRDA:17,490,0,56
BRDA:17,491,0,24
BRDA:17,492,0,32
BRDA:17,493,0,6
BRDA:17,494,0,26
BRDA:17,495,0,24
BRDA:17,496,0,23
BRDA:17,497,0,1
BRDA:17,498,0,23
BRDA:17,499,0,17
BRDA:17,500,0,16
BRDA:17,501,0,7
BRDA:17,502,0,4
BRDA:17,503,0,1
BRDA:17,504,0,3
BRDA:17,505,0,1
BRDA:17,506,0,2
BRDA:17,507,0,25
BRDA:17,508,0,1
BRDA:17,509,0,0
BRDA:17,510,0,26
BRDA:17,511,0,24
BRDA:17,512,0,23
BRDA:17,513,0,2
BRDA:17,514,0,24
BRDA:17,515,0,0
BRDA:17,516,0,2
BRDA:17,517,0,6
BRDA:17,518,0,0
BRDA:17,519,0,0
BRDA:17,520,0,0
BRDA:17,521,0,4
BRDA:17,522,0,0
BRDA:17,523,0,1
BRDA:17,524,0,7
BRDA:17,525,0,2
BRDA:17,526,0,1
BRDA:17,527,0,5
BRDA:17,528,0,6
BRDA:17,529,0,4
BRDA:17,530,0,0
BRDA:17,531,0,2
BRDA:17,532,0,0
BRDA:17,533,0,6
BRDA:17,534,0,0
BRDA:17,535,0,6
BRDA:17,536,0,18
BRDA:17,537,0,6
BRDA:17,538,0,12
BRDA:17,539,0,6
BRDA:17,540,0,0
BRDA:17,541,0,4
BRDA:17,542,0,2
BRDA:17,543,0,4
BRDA:17,544,0,1
BRDA:17,545,0,0
BRDA:17,546,0,1
BRDA:17,547,0,1
BRDA:17,548,0,1
BRDA:25,549,0,0
BRDA:25,550,0,0
BRDA:25,551,0,0
BRDA:25,552,0,0
BRDA:25,553,0,0
BRDA:25,554,0,0
BRDA:25,555,0,3
BRDA:25,556,0,1
BRDA:25,557,0,0
BRDA:25,558,0,17
BRDA:25,559,0,10
BRDA:25,560,0,7
BRDA:25,561,0,3
BRDA:25,562,0,0
BRDA:25,563,0,1
BRDA:25,564,0,0
BRDA:25,565,0,1
BRDA:25,566,0,0
BRDA:25,567,0,40
BRDA:25,568,0,6
BRDA:25,569,0,0
BRDA:25,570,0,3
BRDA:25,571,0,0
BRDA:25,572,0,4
BRDA:25,573,0,0
BRDA:25,574,0,0
BRDA:25,575,0,1
BRDA:25,576,0,2
BRDA:25,577,0,0
BRDA:25,578,0,4
BRDA:25,579,0,3
BRDA:25,580,0,1
BRDA:25,581,0,2
BRDA:25,582,0,0
BRDA:25,583,0,3
BRDA:25,584,0,2
BRDA:25,585,0,1
BRDA:25,586,0,1
BRDA:25,587,0,3
BRDA:25,588,0,0
BRDA:25,589,0,0
BRDA:25,590,0,0
BRDA:25,591,0,2
BRDA:25,592,0,1
BRDA:25,593,0,1
BRDA:25,594,0,1
BRDA:25,595,0,1
BRDA:25,596,0,3
BRDA:25,597,0,10
BRDA:25,598,0,1
BRDA:25,599,0,19
BRDA:25,600,0,6
BRDA:25,601,0,13
BRDA:25,602,0,19
BRDA:25,603,0,1
BRDA:25,604,0,1
BRDA:25,605,0,0
BRDA:25,606,0,10
BRDA:25,607,0,0
BRDA:25,608,0,11
BRDA:25,609,0,1
BRDA:25,610,0,10
BRDA:25,611,0,0
BRDA:25,612,0,0
BRDA:25,613,0,10
BRDA:25,614,0,9
BRDA:25,615,0,1
BRDA:25,616,0,48
BRDA:25,617,0,0
BRDA:25,618,0,0
BRDA:25,619,0,1
BRDA:25,620,0,11
BRF:621
BRH:397
end_of_record
TN:
SF:https:/www.guinness.diageo.site/_next/static/chunks/384-d21ba7cdc0e6bb41.js
FN:1,5415
FN:1,t
FN:1,r
FN:1,n
FN:1,t.setMaxListeners
FN:1,t.emit
FN:1,t.addListener
FN:1,t.once
FN:1,t.removeListener
FN:1,t.removeAllListeners
FN:1,t.listeners
FN:1,t.listenerCount
FN:1,t.listenerCount
FN:1,3703
FN:1,o
FN:1,5784
FN:1,i
FN:1,i.detach
FN:1,i.getModifiedState
FN:1,4450
FN:1,addRefinement
FN:1,removeRefinement
FN:1,toggleRefinement
FN:1,clearRefinement
FN:1,isRefined
FN:1,9589
FN:1,h
FN:1,d
FN:1,d._parseNumbers
FN:1,d.make
FN:1,d.validate
FN:1,clearRefinements
FN:1,clearTags
FN:1,setIndex
FN:1,setQuery
FN:1,setPage
FN:1,setFacets
FN:1,setDisjunctiveFacets
FN:1,setHitsPerPage
FN:1,setTypoTolerance
FN:1,addNumericRefinement
FN:1,getConjunctiveRefinements
FN:1,getDisjunctiveRefinements
FN:1,getHierarchicalRefinement
FN:1,getExcludeRefinements
FN:1,removeNumericRefinement
FN:1,getNumericRefinements
FN:1,getNumericRefinement
FN:1,_clearNumericRefinements
FN:1,addFacet
FN:1,addDisjunctiveFacet
FN:1,addHierarchicalFacet
FN:1,addFacetRefinement
FN:1,addExcludeRefinement
FN:1,addDisjunctiveFacetRefinement
FN:1,addTagRefinement
FN:1,removeFacet
FN:1,removeDisjunctiveFacet
FN:1,removeHierarchicalFacet
FN:1,removeFacetRefinement
FN:1,removeExcludeRefinement
FN:1,removeDisjunctiveFacetRefinement
FN:1,removeTagRefinement
FN:1,toggleRefinement
FN:1,toggleFacetRefinement
FN:1,toggleConjunctiveFacetRefinement
FN:1,toggleExcludeFacetRefinement
FN:1,toggleDisjunctiveFacetRefinement
FN:1,toggleHierarchicalFacetRefinement
FN:1,addHierarchicalFacetRefinement
FN:1,removeHierarchicalFacetRefinement
FN:1,toggleTagRefinement
FN:1,isDisjunctiveFacet
FN:1,isHierarchicalFacet
FN:1,isConjunctiveFacet
FN:1,isFacetRefined
FN:1,isExcludeRefined
FN:1,isDisjunctiveFacetRefined
FN:1,isHierarchicalFacetRefined
FN:1,isNumericRefined
FN:1,isTagRefined
FN:1,getRefinedDisjunctiveFacets
FN:1,getRefinedHierarchicalFacets
FN:1,getUnrefinedDisjunctiveFacets
FN:1,getQueryParams
FN:1,setQueryParameter
FN:1,setQueryParameters
FN:1,resetPage
FN:1,_getHierarchicalFacetSortBy
FN:1,_getHierarchicalFacetSeparator
FN:1,_getHierarchicalRootPath
FN:1,_getHierarchicalShowParentLevel
FN:1,getHierarchicalFacetByName
FN:1,getHierarchicalFacetBreadcrumb
FN:1,toString
FN:1,4876
FN:1,e.exports
FN:1,4878
FN:1,p
FN:1,m
FN:1,g
FN:1,v
FN:1,y
FN:1,g.getFacetByName
FN:1,g.getFacetValues
FN:1,g.getFacetStats
FN:1,g.getRefinements
FN:1,2245
FN:1,p
FN:1,m
FN:1,g
FN:1,p.search
FN:1,p.searchOnlyWithDerivedHelpers
FN:1,p.getQuery
FN:1,p.searchOnce
FN:1,p.findAnswers
FN:1,p.searchForFacetValues
FN:1,p.setQuery
FN:1,p.clearRefinements
FN:1,p.clearTags
FN:1,p.addDisjunctiveFacetRefinement
FN:1,p.addDisjunctiveRefine
FN:1,p.addHierarchicalFacetRefinement
FN:1,p.addNumericRefinement
FN:1,p.addFacetRefinement
FN:1,p.addRefine
FN:1,p.addFacetExclusion
FN:1,p.addExclude
FN:1,p.addTag
FN:1,p.removeNumericRefinement
FN:1,p.removeDisjunctiveFacetRefinement
FN:1,p.removeDisjunctiveRefine
FN:1,p.removeHierarchicalFacetRefinement
FN:1,p.removeFacetRefinement
FN:1,p.removeRefine
FN:1,p.removeFacetExclusion
FN:1,p.removeExclude
FN:1,p.removeTag
FN:1,p.toggleFacetExclusion
FN:1,p.toggleExclude
FN:1,p.toggleRefinement
FN:1,p.toggleFacetRefinement
FN:1,p.toggleRefine
FN:1,p.toggleTag
FN:1,p.nextPage
FN:1,p.previousPage
FN:1,p.setIndex
FN:1,p.setQueryParameter
FN:1,p.setState
FN:1,p.overrideStateWithoutTriggeringChangeEvent
FN:1,p.hasRefinements
FN:1,p.isExcluded
FN:1,p.isDisjunctiveRefined
FN:1,p.hasTag
FN:1,p.isTagRefined
FN:1,p.getIndex
FN:1,p.getTags
FN:1,p.getRefinements
FN:1,p.getNumericRefinement
FN:1,p.getHierarchicalFacetBreadcrumb
FN:1,p._search
FN:1,p._dispatchAlgoliaResponse
FN:1,p._dispatchAlgoliaError
FN:1,p.containsRefinement
FN:1,p._hasDisjunctiveRefinements
FN:1,p._change
FN:1,p.clearCache
FN:1,p.setClient
FN:1,p.getClient
FN:1,p.derive
FN:1,p.detachDerivedHelper
FN:1,p.hasPendingRequests
FN:1,3903
FN:1,e.exports
FN:1,7018
FN:1,e.exports
FN:1,7649
FN:1,escapeFacetValue
FN:1,unescapeFacetValue
FN:1,4692
FN:1,e.exports
FN:1,9154
FN:1,e.exports
FN:1,838
FN:1,e.exports
FN:1,3282
FN:1,e.exports
FN:1,5847
FN:1,e.exports
FN:1,7942
FN:1,t
FN:1,e.exports
FN:1,5288
FN:1,e.exports
FN:1,9234
FN:1,e.exports
FN:1,833
FN:1,e.exports
FN:1,8169
FN:1,e
FN:1,1054
FN:1,i
FN:1,_getQueries
FN:1,_getHitsSearchParams
FN:1,_getDisjunctiveFacetSearchParams
FN:1,_getNumericFilters
FN:1,_getTagFilters
FN:1,_getFacetFilters
FN:1,_getHitsHierarchicalFacetsAttributes
FN:1,_getDisjunctiveHierarchicalFacetAttribute
FN:1,getSearchForFacetQuery
FN:1,3793
FN:1,e.exports
FN:1,2019
FN:1,7975
FN:1,e
FN:1,t
FN:1,r
FN:1,n
FN:1,i
FN:1,a
FN:1,o
FN:1,c
FN:1,l
FN:1,f
FN:1,d
FN:1,p
FN:1,m
FN:1,g
FN:1,v
FN:1,y
FN:1,b
FN:1,O
FN:1,j
FN:1,S
FN:1,P
FN:1,w
FN:1,R
FN:1,8683
FN:5,i
FN:5,9499
FN:5,J
FN:5,Z
FN:5,K
FN:5,el
FN:5,e_
FN:5,ex
FN:5,eE
FN:5,eF
FN:5,eT
FN:5,eA
FN:5,ek
FN:5,eC
FN:5,eI
FN:5,eN
FN:5,eD
FN:5,eH
FN:5,eL
FN:5,e_.clear
FN:5,e_.delete
FN:5,e_.get
FN:5,e_.has
FN:5,e_.set
FN:5,ex.clear
FN:5,ex.delete
FN:5,ex.get
FN:5,ex.has
FN:5,ex.set
FN:5,eE.clear
FN:5,eE.delete
FN:5,eE.get
FN:5,eE.has
FN:5,eE.set
FN:5,eF.add.eF.push
FN:5,eF.has
FN:5,eT.clear
FN:5,eT.delete
FN:5,eT.get
FN:5,eT.has
FN:5,eT.set
FN:5,eU
FN:5,eM
FN:5,eW
FN:5,eQ
FN:5,eU
FN:5,e$
FN:5,eB
FN:5,o
FN:5,ez
FN:5,eV
FN:5,r
FN:5,eJ
FN:5,eZ
FN:5,eX
FN:5,eG
FN:5,eY
FN:5,e0
FN:5,e1
FN:5,e2
FN:5,e3
FN:5,e3
FN:5,e8
FN:5,e9
FN:5,2040
FN:5,4390
FN:5,get
FN:5,n
FN:5,2273
FN:5,r
FN:5,get
FN:5,2582
FN:5,get
FN:5,i
FN:5,3029
FN:5,get
FN:5,h
FN:5,d
FN:5,7095
FN:5,get
FN:5,v
FN:5,y
FN:5,9830
FN:5,requestIdleCallback
FN:5,requestIdleCallback
FN:5,cancelIdleCallback
FN:5,r
FN:5,n
FN:5,4735
FN:5,get
FN:5,c
FN:5,4620
FN:5,get
FN:5,353
FN:5,r
FN:5,get
FN:5,5952
FN:5,get
FN:5,a
FN:5,o
FN:5,loading
FN:5,loader
FN:5,8885
FN:5,get
FN:5,i
FN:5,529
FN:5,get
FN:5,a
FN:5,o
FN:5,s
FN:5,6174
FN:5,defaultHead
FN:5,defaultHead
FN:5,default
FN:5,l
FN:5,f
FN:5,d
FN:5,p
FN:5,6542
FN:5,r
FN:5,get
FN:5,3442
FN:5,get
FN:5,7302
FN:5,VALID_LOADERS
FN:5,VALID_LOADERS
FN:5,imageConfigDefault
FN:5,5445
FN:5,default
FN:5,default
FN:5,unstable_getImgProps
FN:5,c
FN:5,5296
FN:5,r
FN:5,get
FN:5,761
FN:5,suspense
FN:5,suspense
FN:5,NoSSR
FN:5,i
FN:5,a
FN:5,6353
FN:5,get
FN:5,o
FN:5,r
FN:5,2330
FN:5,get
FN:5,7242
FN:5,formatUrl
FN:5,formatUrl
FN:5,urlObjectKeys
FN:5,formatWithValidation
FN:5,o
FN:5,c
FN:5,5841
FN:5,get
FN:5,a
FN:5,3597
FN:5,get
FN:5,n
FN:5,8158
FN:5,get
FN:5,a
FN:5,6396
FN:5,r
FN:5,get
FN:5,1174
FN:5,get
FN:5,i
FN:5,7761
FN:5,r
FN:5,n
FN:5,i
FN:5,a
FN:5,searchParamsToUrlQuery
FN:5,searchParamsToUrlQuery
FN:5,urlQueryToSearchParams
FN:5,assign
FN:5,7182
FN:5,get
FN:5,f
FN:5,6284
FN:5,get
FN:5,i
FN:5,965
FN:5,getRouteRegex
FN:5,getRouteRegex
FN:5,getNamedRouteRegex
FN:5,getNamedMiddlewareRegex
FN:5,o
FN:5,s
FN:5,c
FN:5,u
FN:5,l
FN:5,f
FN:5,h
FN:5,255
FN:5,get
FN:5,s
FN:5,6775
FN:5,WEB_VITALS
FN:5,WEB_VITALS
FN:5,execOnce
FN:5,isAbsoluteUrl
FN:5,getLocationOrigin
FN:5,getURL
FN:5,getDisplayName
FN:5,isResSent
FN:5,normalizeRepeatedSlashes
FN:5,loadGetInitialProps
FN:5,SP
FN:5,ST
FN:5,DecodeError
FN:5,NormalizeError
FN:5,PageNotFoundError
FN:5,MissingStaticPage
FN:5,MiddlewareNotFoundError
FN:5,stringifyError
FN:5,n
FN:5,a
FN:5,o
FN:5,s
FN:5,c
FN:5,u
FN:5,l
FN:5,f
FN:5,g
FN:5,v
FN:5,y
FN:5,b
FN:5,6731
FN:5,get
FN:5,r
FN:5,6003
FN:5,229
FN:5,a
FN:5,o
FN:5,s
FN:5,f
FN:5,h
FN:5,d
FN:5,p
FN:5,i.nextTick
FN:5,d.run
FN:5,i.listeners
FN:5,i.binding
FN:5,i.cwd
FN:5,i.chdir
FN:5,i.umask
FN:5,n
FN:5,9834
FN:5,815
FN:5,e.exports
FN:5,t
FN:5,577
FN:5,t
FN:5,e.exports
FN:5,r
FN:5,n
FN:5,i
FN:5,n
FN:5,3009
FN:13,u
FN:13,3955
FN:13,6394
FN:13,5846
FN:13,6008
FN:13,8470
FN:13,RFC1738
FN:13,RFC3986
FN:13,7497
FN:13,2653
FN:13,s
FN:13,c
FN:13,u
FN:13,l
FN:13,f
FN:13,e.exports
FN:13,879
FN:13,brackets
FN:13,indices
FN:13,repeat
FN:13,l
FN:13,serializeDate
FN:13,e
FN:13,m
FN:13,e.exports
FN:13,7340
FN:13,s
FN:13,c
FN:13,assign
FN:13,combine
FN:13,compact
FN:13,decode
FN:13,encode
FN:13,isBuffer
FN:13,isRegExp
FN:13,maybeMap
FN:13,e
FN:13,7195
FN:13,r
FN:13,Object.assign.Object.assign
FN:13,n
FN:13,i
FN:13,u
FN:13,l
FN:13,f
FN:13,h
FN:13,d
FN:13,g
FN:13,v
FN:13,b
FN:13,O
FN:13,j
FN:13,S
FN:13,P
FN:13,w
FN:13,_
FN:13,x
FN:13,E
FN:13,F
FN:13,T
FN:13,A
FN:13,k
FN:13,C
FN:13,I
FN:13,N
FN:13,D
FN:13,Object.keys.Object.keys
FN:13,H
FN:13,L
FN:13,U
FN:13,M
FN:13,W
FN:13,t.processQueue
FN:13,5134
FN:13,8727
FN:21,i
FN:21,u
FN:21,l
FN:21,l
FN:21,3276
FN:21,7861
FN:21,u
FN:21,c
FN:21,u
FN:21,h
FN:21,d
FN:24,p
FN:24,m
FN:24,g
FN:24,v
FN:24,O
FN:24,j
FN:24,P
FN:24,w
FN:24,set
FN:24,reset
FN:24,nextId
FN:24,get isServer
FN:24,get isClient
FN:24,detect
FN:24,handoff
FN:24,get isHandoffComplete
FN:24,_
FN:24,x
FN:24,E
FN:24,F
FN:24,T
FN:24,k
FN:24,C
FN:24,I
FN:24,N
FN:24,D
FN:24,H
FN:24,W
FN:24,Q
FN:24,q
FN:24,B
FN:24,9245
FN:24,n
FN:24,_
FN:24,9087
FN:24,HV
FN:24,KN
FN:24,i
FN:24,a
FN:24,o
FN:24,s
FN:24,c
FN:24,9502
FN:24,n
FN:24,K
FN:24,6405
FN:24,Rn
FN:24,dg
FN:24,mY
FN:24,a
FN:24,o
FN:24,s
FN:24,c
FN:24,u
FN:24,h
FN:24,d
FN:24,6685
FN:24,A
FN:24,Y
FN:24,o
FN:24,l
FN:24,4020
FN:24,H
FN:24,i
FN:24,6883
FN:24,n
FN:24,E
FN:24,258
FN:24,n
FN:24,i
FN:24,a
FN:24,o
FN:24,x
FN:24,3356
FN:24,n
FN:24,i
FN:24,a
FN:24,o
FN:24,I
FN:24,4644
FN:24,n
FN:24,X
FN:24,3059
FN:24,n
FN:24,J
FN:24,9804
FN:24,n
FN:24,i
FN:24,P
FN:24,9676
FN:24,n
FN:24,Z
FN:24,a
FN:24,o
FN:24,s
FN:24,c
FN:24,u
FN:24,2196
FN:24,n
FN:24,Z
FN:24,9142
FN:24,n
FN:24,i
FN:24,d
FN:24,q
FN:24,8202
FN:24,n
FN:24,a
FN:24,9610
FN:24,Z
FN:24,c
FN:24,l
FN:24,f
FN:24,h
FN:24,d
FN:24,p
FN:24,g
FN:24,v
FN:24,y
FN:24,b
FN:24,O
FN:24,5842
FN:24,x0
FN:24,n
FN:24,6126
FN:24,T
FN:24,c
FN:24,u
FN:24,l
FN:24,f
FN:24,d
FN:24,p
FN:24,g
FN:24,3638
FN:24,g
FN:24,p
FN:24,291
FN:24,p
FN:24,c
FN:24,u
FN:24,f
FN:24,h
FN:24,d
FN:24,p
FN:24,m
FN:24,g
FN:24,b
FN:24,S
FN:24,S.S
FN:24,S.S
FN:24,P
FN:24,w
FN:24,R
FN:24,_
FN:24,r
FN:24,value
FN:24,value
FN:24,value
FN:24,value
FN:24,value
FN:24,value
FN:24,value
FN:24,E
FN:24,T
FN:24,A
FN:24,k
FN:24,C
FN:24,N
FN:24,D
FN:24,H
FN:24,L
FN:24,U
FN:24,W
FN:24,B
FN:24,J
FN:24,Z
FN:24,K
FN:24,X
FN:24,en
FN:24,ei
FN:24,ea
FN:24,eo
FN:24,eu
FN:24,ef
FN:24,eh
FN:24,eh
FN:24,eh
FN:24,ed
FN:24,ep
FN:24,em
FN:24,em
FN:24,eg
FN:24,ev
FN:24,ey
FN:24,eb
FN:24,ej
FN:24,i
FN:24,a
FN:24,get
FN:24,value
FN:24,value
FN:24,value
FN:24,value
FN:24,value
FN:24,value
FN:24,value
FN:24,value
FN:24,value
FN:24,value
FN:24,value
FN:24,value
FN:24,value
FN:24,value
FN:24,eA
FN:24,eC
FN:24,7574
FN:24,O
FN:24,l
FN:24,f
FN:24,h
FN:24,d
FN:24,m
FN:24,v
FN:24,3861
FN:24,a
FN:24,h
FN:24,m
FN:24,g
FN:24,v
FN:24,y
FN:24,b
FN:24,O
FN:24,S
FN:24,P
FN:24,w
FN:24,_
FN:24,9006
FN:24,l
FN:24,o
FN:24,s
FN:24,c
FN:24,l
FN:24,f
FN:24,d
FN:24,7593
FN:24,B
FN:24,o
FN:24,s
FN:24,c
FN:24,u
FN:24,m
FN:24,y
FN:24,b
FN:24,O
FN:24,j
FN:24,S
FN:24,6808
FN:24,Z
FN:24,6079
FN:24,Z
FN:24,9745
FN:24,n
FN:24,J
FN:24,6115
FN:24,n
FN:24,k
FN:24,9080
FN:24,N
FN:24,i
FN:24,a
FN:24,2952
FN:24,a
FN:24,o
FN:24,2741
FN:24,z
FN:24,o
FN:24,9120
FN:24,s
FN:24,a
FN:24,3232
FN:24,a
FN:24,a
FN:24,4814
FN:24,L
FN:24,4490
FN:24,q
FN:24,a
FN:24,o
FN:24,7354
FN:24,F
FN:24,s
FNF:878
FNH:173
FNDA:1,5415
FNDA:0,t
FNDA:0,r
FNDA:0,n
FNDA:0,t.setMaxListeners
FNDA:0,t.emit
FNDA:0,t.addListener
FNDA:0,t.once
FNDA:0,t.removeListener
FNDA:0,t.removeAllListeners
FNDA:0,t.listeners
FNDA:0,t.listenerCount
FNDA:0,t.listenerCount
FNDA:1,3703
FNDA:0,o
FNDA:1,5784
FNDA:0,i
FNDA:0,i.detach
FNDA:0,i.getModifiedState
FNDA:1,4450
FNDA:0,addRefinement
FNDA:0,removeRefinement
FNDA:0,toggleRefinement
FNDA:0,clearRefinement
FNDA:0,isRefined
FNDA:1,9589
FNDA:0,h
FNDA:1,d
FNDA:0,d._parseNumbers
FNDA:0,d.make
FNDA:0,d.validate
FNDA:0,clearRefinements
FNDA:0,clearTags
FNDA:0,setIndex
FNDA:0,setQuery
FNDA:0,setPage
FNDA:0,setFacets
FNDA:0,setDisjunctiveFacets
FNDA:0,setHitsPerPage
FNDA:0,setTypoTolerance
FNDA:0,addNumericRefinement
FNDA:0,getConjunctiveRefinements
FNDA:0,getDisjunctiveRefinements
FNDA:0,getHierarchicalRefinement
FNDA:0,getExcludeRefinements
FNDA:0,removeNumericRefinement
FNDA:0,getNumericRefinements
FNDA:0,getNumericRefinement
FNDA:0,_clearNumericRefinements
FNDA:0,addFacet
FNDA:0,addDisjunctiveFacet
FNDA:0,addHierarchicalFacet
FNDA:0,addFacetRefinement
FNDA:0,addExcludeRefinement
FNDA:0,addDisjunctiveFacetRefinement
FNDA:0,addTagRefinement
FNDA:0,removeFacet
FNDA:0,removeDisjunctiveFacet
FNDA:0,removeHierarchicalFacet
FNDA:0,removeFacetRefinement
FNDA:0,removeExcludeRefinement
FNDA:0,removeDisjunctiveFacetRefinement
FNDA:0,removeTagRefinement
FNDA:0,toggleRefinement
FNDA:0,toggleFacetRefinement
FNDA:0,toggleConjunctiveFacetRefinement
FNDA:0,toggleExcludeFacetRefinement
FNDA:0,toggleDisjunctiveFacetRefinement
FNDA:0,toggleHierarchicalFacetRefinement
FNDA:0,addHierarchicalFacetRefinement
FNDA:0,removeHierarchicalFacetRefinement
FNDA:0,toggleTagRefinement
FNDA:0,isDisjunctiveFacet
FNDA:0,isHierarchicalFacet
FNDA:0,isConjunctiveFacet
FNDA:0,isFacetRefined
FNDA:0,isExcludeRefined
FNDA:0,isDisjunctiveFacetRefined
FNDA:0,isHierarchicalFacetRefined
FNDA:0,isNumericRefined
FNDA:0,isTagRefined
FNDA:0,getRefinedDisjunctiveFacets
FNDA:0,getRefinedHierarchicalFacets
FNDA:0,getUnrefinedDisjunctiveFacets
FNDA:0,getQueryParams
FNDA:0,setQueryParameter
FNDA:0,setQueryParameters
FNDA:0,resetPage
FNDA:0,_getHierarchicalFacetSortBy
FNDA:0,_getHierarchicalFacetSeparator
FNDA:0,_getHierarchicalRootPath
FNDA:0,_getHierarchicalShowParentLevel
FNDA:0,getHierarchicalFacetByName
FNDA:0,getHierarchicalFacetBreadcrumb
FNDA:0,toString
FNDA:1,4876
FNDA:0,e.exports
FNDA:1,4878
FNDA:0,p
FNDA:0,m
FNDA:0,g
FNDA:0,v
FNDA:0,y
FNDA:0,g.getFacetByName
FNDA:0,g.getFacetValues
FNDA:0,g.getFacetStats
FNDA:0,g.getRefinements
FNDA:1,2245
FNDA:0,p
FNDA:0,m
FNDA:0,g
FNDA:0,p.search
FNDA:0,p.searchOnlyWithDerivedHelpers
FNDA:0,p.getQuery
FNDA:0,p.searchOnce
FNDA:0,p.findAnswers
FNDA:0,p.searchForFacetValues
FNDA:0,p.setQuery
FNDA:0,p.clearRefinements
FNDA:0,p.clearTags
FNDA:0,p.addDisjunctiveFacetRefinement
FNDA:0,p.addDisjunctiveRefine
FNDA:0,p.addHierarchicalFacetRefinement
FNDA:0,p.addNumericRefinement
FNDA:0,p.addFacetRefinement
FNDA:0,p.addRefine
FNDA:0,p.addFacetExclusion
FNDA:0,p.addExclude
FNDA:0,p.addTag
FNDA:0,p.removeNumericRefinement
FNDA:0,p.removeDisjunctiveFacetRefinement
FNDA:0,p.removeDisjunctiveRefine
FNDA:0,p.removeHierarchicalFacetRefinement
FNDA:0,p.removeFacetRefinement
FNDA:0,p.removeRefine
FNDA:0,p.removeFacetExclusion
FNDA:0,p.removeExclude
FNDA:0,p.removeTag
FNDA:0,p.toggleFacetExclusion
FNDA:0,p.toggleExclude
FNDA:0,p.toggleRefinement
FNDA:0,p.toggleFacetRefinement
FNDA:0,p.toggleRefine
FNDA:0,p.toggleTag
FNDA:0,p.nextPage
FNDA:0,p.previousPage
FNDA:0,p.setIndex
FNDA:0,p.setQueryParameter
FNDA:0,p.setState
FNDA:0,p.overrideStateWithoutTriggeringChangeEvent
FNDA:0,p.hasRefinements
FNDA:0,p.isExcluded
FNDA:0,p.isDisjunctiveRefined
FNDA:0,p.hasTag
FNDA:0,p.isTagRefined
FNDA:0,p.getIndex
FNDA:0,p.getTags
FNDA:0,p.getRefinements
FNDA:0,p.getNumericRefinement
FNDA:0,p.getHierarchicalFacetBreadcrumb
FNDA:0,p._search
FNDA:0,p._dispatchAlgoliaResponse
FNDA:0,p._dispatchAlgoliaError
FNDA:0,p.containsRefinement
FNDA:0,p._hasDisjunctiveRefinements
FNDA:0,p._change
FNDA:0,p.clearCache
FNDA:0,p.setClient
FNDA:0,p.getClient
FNDA:0,p.derive
FNDA:0,p.detachDerivedHelper
FNDA:0,p.hasPendingRequests
FNDA:1,3903
FNDA:0,e.exports
FNDA:1,7018
FNDA:0,e.exports
FNDA:1,7649
FNDA:0,escapeFacetValue
FNDA:0,unescapeFacetValue
FNDA:1,4692
FNDA:0,e.exports
FNDA:1,9154
FNDA:0,e.exports
FNDA:1,838
FNDA:0,e.exports
FNDA:1,3282
FNDA:2,e.exports
FNDA:1,5847
FNDA:0,e.exports
FNDA:1,7942
FNDA:0,t
FNDA:0,e.exports
FNDA:1,5288
FNDA:0,e.exports
FNDA:1,9234
FNDA:0,e.exports
FNDA:1,833
FNDA:0,e.exports
FNDA:1,8169
FNDA:0,e
FNDA:1,1054
FNDA:0,i
FNDA:0,_getQueries
FNDA:0,_getHitsSearchParams
FNDA:0,_getDisjunctiveFacetSearchParams
FNDA:0,_getNumericFilters
FNDA:0,_getTagFilters
FNDA:0,_getFacetFilters
FNDA:0,_getHitsHierarchicalFacetsAttributes
FNDA:0,_getDisjunctiveHierarchicalFacetAttribute
FNDA:0,getSearchForFacetQuery
FNDA:1,3793
FNDA:0,e.exports
FNDA:1,2019
FNDA:1,7975
FNDA:0,e
FNDA:0,t
FNDA:0,r
FNDA:0,n
FNDA:0,i
FNDA:0,a
FNDA:0,o
FNDA:0,c
FNDA:0,l
FNDA:0,f
FNDA:0,d
FNDA:0,p
FNDA:0,m
FNDA:0,g
FNDA:0,v
FNDA:0,y
FNDA:0,b
FNDA:0,O
FNDA:0,j
FNDA:0,S
FNDA:0,P
FNDA:0,w
FNDA:0,R
FNDA:1,8683
FNDA:0,i
FNDA:1,9499
FNDA:0,J
FNDA:0,Z
FNDA:0,K
FNDA:0,el
FNDA:2,e_
FNDA:0,ex
FNDA:1,eE
FNDA:0,eF
FNDA:0,eT
FNDA:0,eA
FNDA:0,ek
FNDA:0,eC
FNDA:0,eI
FNDA:0,eN
FNDA:0,eD
FNDA:0,eH
FNDA:6,eL
FNDA:2,e_.clear
FNDA:0,e_.delete
FNDA:0,e_.get
FNDA:0,e_.has
FNDA:0,e_.set
FNDA:0,ex.clear
FNDA:0,ex.delete
FNDA:0,ex.get
FNDA:0,ex.has
FNDA:0,ex.set
FNDA:1,eE.clear
FNDA:0,eE.delete
FNDA:0,eE.get
FNDA:0,eE.has
FNDA:0,eE.set
FNDA:0,eF.add.eF.push
FNDA:0,eF.has
FNDA:0,eT.clear
FNDA:0,eT.delete
FNDA:0,eT.get
FNDA:0,eT.has
FNDA:0,eT.set
FNDA:5,eU
FNDA:0,eM
FNDA:0,eW
FNDA:0,eQ
FNDA:0,eU
FNDA:0,e$
FNDA:11,eB
FNDA:0,o
FNDA:0,ez
FNDA:1,eV
FNDA:0,r
FNDA:0,eJ
FNDA:0,eZ
FNDA:0,eX
FNDA:6,eG
FNDA:0,eY
FNDA:12,e0
FNDA:0,e1
FNDA:0,e2
FNDA:0,e3
FNDA:0,e3
FNDA:0,e8
FNDA:0,e9
FNDA:1,2040
FNDA:1,4390
FNDA:0,get
FNDA:0,n
FNDA:1,2273
FNDA:0,r
FNDA:0,get
FNDA:1,2582
FNDA:0,get
FNDA:0,i
FNDA:1,3029
FNDA:1,get
FNDA:0,h
FNDA:0,d
FNDA:1,7095
FNDA:8,get
FNDA:0,v
FNDA:0,y
FNDA:1,9830
FNDA:1,requestIdleCallback
FNDA:0,requestIdleCallback
FNDA:0,cancelIdleCallback
FNDA:0,r
FNDA:0,n
FNDA:1,4735
FNDA:0,get
FNDA:0,c
FNDA:1,4620
FNDA:0,get
FNDA:1,353
FNDA:0,r
FNDA:0,get
FNDA:1,5952
FNDA:6,get
FNDA:0,a
FNDA:3,o
FNDA:0,loading
FNDA:0,loader
FNDA:1,8885
FNDA:0,get
FNDA:0,i
FNDA:1,529
FNDA:0,get
FNDA:0,a
FNDA:0,o
FNDA:0,s
FNDA:1,6174
FNDA:1,defaultHead
FNDA:1,defaultHead
FNDA:6,default
FNDA:0,l
FNDA:0,f
FNDA:0,d
FNDA:0,p
FNDA:1,6542
FNDA:0,r
FNDA:0,get
FNDA:1,3442
FNDA:0,get
FNDA:1,7302
FNDA:1,VALID_LOADERS
FNDA:0,VALID_LOADERS
FNDA:1,imageConfigDefault
FNDA:1,5445
FNDA:1,default
FNDA:0,default
FNDA:0,unstable_getImgProps
FNDA:0,c
FNDA:1,5296
FNDA:0,r
FNDA:0,get
FNDA:1,761
FNDA:1,suspense
FNDA:0,suspense
FNDA:0,NoSSR
FNDA:0,i
FNDA:0,a
FNDA:1,6353
FNDA:3,get
FNDA:3,o
FNDA:0,r
FNDA:1,2330
FNDA:0,get
FNDA:1,7242
FNDA:1,formatUrl
FNDA:0,formatUrl
FNDA:0,urlObjectKeys
FNDA:0,formatWithValidation
FNDA:0,o
FNDA:0,c
FNDA:1,5841
FNDA:0,get
FNDA:0,a
FNDA:1,3597
FNDA:0,get
FNDA:0,n
FNDA:1,8158
FNDA:0,get
FNDA:0,a
FNDA:1,6396
FNDA:0,r
FNDA:0,get
FNDA:1,1174
FNDA:0,get
FNDA:0,i
FNDA:1,7761
FNDA:0,r
FNDA:0,n
FNDA:0,i
FNDA:0,a
FNDA:1,searchParamsToUrlQuery
FNDA:0,searchParamsToUrlQuery
FNDA:0,urlQueryToSearchParams
FNDA:0,assign
FNDA:1,7182
FNDA:0,get
FNDA:0,f
FNDA:1,6284
FNDA:0,get
FNDA:0,i
FNDA:1,965
FNDA:1,getRouteRegex
FNDA:0,getRouteRegex
FNDA:0,getNamedRouteRegex
FNDA:0,getNamedMiddlewareRegex
FNDA:0,o
FNDA:0,s
FNDA:0,c
FNDA:0,u
FNDA:0,l
FNDA:0,f
FNDA:0,h
FNDA:1,255
FNDA:0,get
FNDA:0,s
FNDA:1,6775
FNDA:1,WEB_VITALS
FNDA:0,WEB_VITALS
FNDA:0,execOnce
FNDA:0,isAbsoluteUrl
FNDA:0,getLocationOrigin
FNDA:0,getURL
FNDA:0,getDisplayName
FNDA:0,isResSent
FNDA:0,normalizeRepeatedSlashes
FNDA:0,loadGetInitialProps
FNDA:0,SP
FNDA:0,ST
FNDA:0,DecodeError
FNDA:0,NormalizeError
FNDA:0,PageNotFoundError
FNDA:0,MissingStaticPage
FNDA:0,MiddlewareNotFoundError
FNDA:0,stringifyError
FNDA:0,n
FNDA:0,a
FNDA:0,o
FNDA:0,s
FNDA:0,c
FNDA:0,u
FNDA:0,l
FNDA:0,f
FNDA:0,g
FNDA:0,v
FNDA:0,y
FNDA:0,b
FNDA:1,6731
FNDA:0,get
FNDA:0,r
FNDA:1,6003
FNDA:1,229
FNDA:0,a
FNDA:0,o
FNDA:0,s
FNDA:0,f
FNDA:0,h
FNDA:0,d
FNDA:0,p
FNDA:0,i.nextTick
FNDA:0,d.run
FNDA:0,i.listeners
FNDA:0,i.binding
FNDA:0,i.cwd
FNDA:0,i.chdir
FNDA:0,i.umask
FNDA:1,n
FNDA:1,9834
FNDA:1,815
FNDA:0,e.exports
FNDA:0,t
FNDA:1,577
FNDA:0,t
FNDA:0,e.exports
FNDA:0,r
FNDA:0,n
FNDA:0,i
FNDA:2,n
FNDA:1,3009
FNDA:0,u
FNDA:1,3955
FNDA:1,6394
FNDA:1,5846
FNDA:1,6008
FNDA:1,8470
FNDA:0,RFC1738
FNDA:0,RFC3986
FNDA:1,7497
FNDA:1,2653
FNDA:0,s
FNDA:0,c
FNDA:0,u
FNDA:0,l
FNDA:0,f
FNDA:0,e.exports
FNDA:1,879
FNDA:0,brackets
FNDA:0,indices
FNDA:0,repeat
FNDA:0,l
FNDA:0,serializeDate
FNDA:0,e
FNDA:0,m
FNDA:0,e.exports
FNDA:1,7340
FNDA:0,s
FNDA:0,c
FNDA:0,assign
FNDA:0,combine
FNDA:0,compact
FNDA:0,decode
FNDA:0,encode
FNDA:0,isBuffer
FNDA:0,isRegExp
FNDA:0,maybeMap
FNDA:0,e
FNDA:1,7195
FNDA:2,r
FNDA:0,Object.assign.Object.assign
FNDA:0,n
FNDA:0,i
FNDA:0,u
FNDA:1,l
FNDA:0,f
FNDA:0,h
FNDA:0,d
FNDA:0,g
FNDA:1,v
FNDA:0,b
FNDA:0,O
FNDA:0,j
FNDA:0,S
FNDA:0,P
FNDA:0,w
FNDA:0,_
FNDA:0,x
FNDA:0,E
FNDA:0,F
FNDA:0,T
FNDA:0,A
FNDA:0,k
FNDA:0,C
FNDA:0,I
FNDA:0,N
FNDA:0,D
FNDA:0,Object.keys.Object.keys
FNDA:1,H
FNDA:1,L
FNDA:0,U
FNDA:0,M
FNDA:1,W
FNDA:0,t.processQueue
FNDA:1,5134
FNDA:1,8727
FNDA:0,i
FNDA:0,u
FNDA:0,l
FNDA:0,l
FNDA:1,3276
FNDA:1,7861
FNDA:0,u
FNDA:0,c
FNDA:0,u
FNDA:0,h
FNDA:0,d
FNDA:0,p
FNDA:3,m
FNDA:0,g
FNDA:0,v
FNDA:0,O
FNDA:0,j
FNDA:3,P
FNDA:3,w
FNDA:0,set
FNDA:0,reset
FNDA:0,nextId
FNDA:0,get isServer
FNDA:0,get isClient
FNDA:1,detect
FNDA:0,handoff
FNDA:0,get isHandoffComplete
FNDA:0,_
FNDA:0,x
FNDA:0,E
FNDA:0,F
FNDA:0,T
FNDA:0,k
FNDA:0,C
FNDA:0,I
FNDA:0,N
FNDA:0,D
FNDA:0,H
FNDA:0,W
FNDA:0,Q
FNDA:0,q
FNDA:0,B
FNDA:1,9245
FNDA:0,n
FNDA:0,_
FNDA:1,9087
FNDA:0,HV
FNDA:0,KN
FNDA:0,i
FNDA:0,a
FNDA:0,o
FNDA:0,s
FNDA:0,c
FNDA:1,9502
FNDA:6,n
FNDA:6,K
FNDA:1,6405
FNDA:0,Rn
FNDA:0,dg
FNDA:0,mY
FNDA:0,a
FNDA:0,o
FNDA:0,s
FNDA:0,c
FNDA:0,u
FNDA:0,h
FNDA:0,d
FNDA:1,6685
FNDA:0,A
FNDA:0,Y
FNDA:0,o
FNDA:0,l
FNDA:1,4020
FNDA:0,H
FNDA:0,i
FNDA:1,6883
FNDA:0,n
FNDA:0,E
FNDA:1,258
FNDA:0,n
FNDA:0,i
FNDA:0,a
FNDA:0,o
FNDA:0,x
FNDA:1,3356
FNDA:0,n
FNDA:0,i
FNDA:0,a
FNDA:0,o
FNDA:0,I
FNDA:1,4644
FNDA:0,n
FNDA:0,X
FNDA:1,3059
FNDA:0,n
FNDA:0,J
FNDA:1,9804
FNDA:0,n
FNDA:0,i
FNDA:0,P
FNDA:1,9676
FNDA:0,n
FNDA:0,Z
FNDA:0,a
FNDA:0,o
FNDA:0,s
FNDA:0,c
FNDA:0,u
FNDA:1,2196
FNDA:0,n
FNDA:0,Z
FNDA:1,9142
FNDA:0,n
FNDA:0,i
FNDA:0,d
FNDA:0,q
FNDA:1,8202
FNDA:0,n
FNDA:0,a
FNDA:1,9610
FNDA:0,Z
FNDA:0,c
FNDA:0,l
FNDA:0,f
FNDA:0,h
FNDA:0,d
FNDA:0,p
FNDA:0,g
FNDA:0,v
FNDA:0,y
FNDA:0,b
FNDA:0,O
FNDA:1,5842
FNDA:0,x0
FNDA:0,n
FNDA:1,6126
FNDA:0,T
FNDA:0,c
FNDA:0,u
FNDA:0,l
FNDA:0,f
FNDA:0,d
FNDA:0,p
FNDA:0,g
FNDA:1,3638
FNDA:0,g
FNDA:0,p
FNDA:1,291
FNDA:0,p
FNDA:0,c
FNDA:0,u
FNDA:0,f
FNDA:0,h
FNDA:0,d
FNDA:0,p
FNDA:0,m
FNDA:0,g
FNDA:0,b
FNDA:1,S
FNDA:14,S.S
FNDA:0,S.S
FNDA:1,P
FNDA:0,w
FNDA:7,R
FNDA:0,_
FNDA:0,r
FNDA:0,value
FNDA:0,value
FNDA:0,value
FNDA:0,value
FNDA:0,value
FNDA:0,value
FNDA:0,value
FNDA:0,E
FNDA:0,T
FNDA:0,A
FNDA:0,k
FNDA:0,C
FNDA:0,N
FNDA:0,D
FNDA:0,H
FNDA:0,L
FNDA:0,U
FNDA:4,W
FNDA:0,B
FNDA:0,J
FNDA:0,Z
FNDA:0,K
FNDA:0,X
FNDA:0,en
FNDA:0,ei
FNDA:0,ea
FNDA:0,eo
FNDA:0,eu
FNDA:0,ef
FNDA:1,eh
FNDA:30,eh
FNDA:0,eh
FNDA:0,ed
FNDA:1,ep
FNDA:1,em
FNDA:0,em
FNDA:0,eg
FNDA:0,ev
FNDA:0,ey
FNDA:15,eb
FNDA:0,ej
FNDA:0,i
FNDA:0,a
FNDA:0,get
FNDA:0,value
FNDA:0,value
FNDA:0,value
FNDA:0,value
FNDA:0,value
FNDA:0,value
FNDA:0,value
FNDA:0,value
FNDA:0,value
FNDA:0,value
FNDA:0,value
FNDA:0,value
FNDA:0,value
FNDA:0,value
FNDA:0,eA
FNDA:0,eC
FNDA:1,7574
FNDA:0,O
FNDA:0,l
FNDA:0,f
FNDA:0,h
FNDA:0,d
FNDA:0,m
FNDA:0,v
FNDA:1,3861
FNDA:0,a
FNDA:0,h
FNDA:0,m
FNDA:0,g
FNDA:0,v
FNDA:0,y
FNDA:0,b
FNDA:0,O
FNDA:0,S
FNDA:0,P
FNDA:0,w
FNDA:0,_
FNDA:1,9006
FNDA:0,l
FNDA:0,o
FNDA:0,s
FNDA:0,c
FNDA:0,l
FNDA:0,f
FNDA:0,d
FNDA:1,7593
FNDA:0,B
FNDA:0,o
FNDA:0,s
FNDA:0,c
FNDA:0,u
FNDA:0,m
FNDA:0,y
FNDA:0,b
FNDA:0,O
FNDA:0,j
FNDA:0,S
FNDA:1,6808
FNDA:0,Z
FNDA:1,6079
FNDA:0,Z
FNDA:1,9745
FNDA:0,n
FNDA:0,J
FNDA:1,6115
FNDA:0,n
FNDA:0,k
FNDA:1,9080
FNDA:0,N
FNDA:0,i
FNDA:0,a
FNDA:1,2952
FNDA:0,a
FNDA:0,o
FNDA:1,2741
FNDA:0,z
FNDA:0,o
FNDA:1,9120
FNDA:0,s
FNDA:0,a
FNDA:1,3232
FNDA:0,a
FNDA:0,a
FNDA:1,4814
FNDA:0,L
FNDA:1,4490
FNDA:0,q
FNDA:0,a
FNDA:0,o
FNDA:1,7354
FNDA:0,F
FNDA:0,s
DA:1,1
DA:2,1
DA:3,1
DA:4,1
DA:5,1
DA:6,1
DA:7,1
DA:8,1
DA:9,1
DA:10,1
DA:11,1
DA:12,1
DA:13,1
DA:14,1
DA:15,1
DA:16,1
DA:17,1
DA:18,1
DA:19,1
DA:20,1
DA:21,1
DA:22,0
DA:23,0
DA:24,1
LF:24
LH:22
BRDA:1,0,0,1
BRDA:1,1,0,0
BRDA:1,2,0,1
BRDA:1,3,0,1
BRDA:1,4,0,1
BRDA:1,5,0,1
BRDA:1,6,0,1
BRDA:1,7,0,1
BRDA:1,8,0,0
BRDA:1,9,0,0
BRDA:1,10,0,1
BRDA:1,11,0,1
BRDA:1,12,0,1
BRDA:1,13,0,1
BRDA:1,14,0,1
BRDA:1,15,0,1
BRDA:1,16,0,1
BRDA:1,17,0,1
BRDA:1,18,0,1
BRDA:1,19,0,1
BRDA:1,20,0,2
BRDA:1,21,0,1
BRDA:1,22,0,1
BRDA:1,23,0,1
BRDA:1,24,0,1
BRDA:1,25,0,1
BRDA:1,26,0,1
BRDA:1,27,0,1
BRDA:1,28,0,1
BRDA:1,29,0,1
BRDA:1,30,0,1
BRDA:1,31,0,1
BRDA:1,32,0,1
BRDA:5,33,0,1
BRDA:5,34,0,0
BRDA:5,35,0,0
BRDA:5,36,0,1
BRDA:5,37,0,0
BRDA:5,38,0,0
BRDA:5,39,0,0
BRDA:5,40,0,0
BRDA:5,41,0,0
BRDA:5,42,0,0
BRDA:5,43,0,0
BRDA:5,44,0,0
BRDA:5,45,0,0
BRDA:5,46,0,1
BRDA:5,47,0,0
BRDA:5,48,0,0
BRDA:5,49,0,2
BRDA:5,50,0,0
BRDA:5,51,0,0
BRDA:5,52,0,1
BRDA:5,53,0,0
BRDA:5,54,0,0
BRDA:5,55,0,6
BRDA:5,56,0,0
BRDA:5,57,0,0
BRDA:5,58,0,0
BRDA:5,59,0,0
BRDA:5,60,0,0
BRDA:5,61,0,2
BRDA:5,62,0,0
BRDA:5,63,0,1
BRDA:5,64,0,0
BRDA:5,65,0,5
BRDA:5,66,0,11
BRDA:5,67,0,0
BRDA:5,68,0,0
BRDA:5,69,0,1
BRDA:5,70,0,0
BRDA:5,71,0,0
BRDA:5,72,0,6
BRDA:5,73,0,0
BRDA:5,74,0,0
BRDA:5,75,0,12
BRDA:5,76,0,1
BRDA:5,77,0,0
BRDA:5,78,0,0
BRDA:5,79,0,1
BRDA:5,80,0,0
BRDA:5,81,0,0
BRDA:5,82,0,1
BRDA:5,83,0,0
BRDA:5,84,0,0
BRDA:5,85,0,1
BRDA:5,86,0,0
BRDA:5,87,0,0
BRDA:5,88,0,1
BRDA:5,89,0,0
BRDA:5,90,0,0
BRDA:5,91,0,1
BRDA:5,92,0,1
BRDA:5,93,0,8
BRDA:5,94,0,1
BRDA:5,95,0,0
BRDA:5,96,0,0
BRDA:5,97,0,0
BRDA:5,98,0,0
BRDA:5,99,0,1
BRDA:5,100,0,2
BRDA:5,101,0,1
BRDA:5,102,0,0
BRDA:5,103,0,0
BRDA:5,104,0,1
BRDA:5,105,0,1
BRDA:5,106,0,1
BRDA:5,107,0,0
BRDA:5,108,0,6
BRDA:5,109,0,3
BRDA:5,110,0,1
BRDA:5,111,0,1
BRDA:5,112,0,1
BRDA:5,113,0,0
BRDA:5,114,0,1
BRDA:5,115,0,2
BRDA:5,116,0,1
BRDA:5,117,0,6
BRDA:5,118,0,1
BRDA:5,119,0,1
BRDA:5,120,0,1
BRDA:5,121,0,1
BRDA:5,122,0,2
BRDA:5,123,0,1
BRDA:5,124,0,1
BRDA:5,125,0,1
BRDA:5,126,0,2
BRDA:5,127,0,1
BRDA:5,128,0,1
BRDA:5,129,0,1
BRDA:5,130,0,2
BRDA:5,131,0,1
BRDA:5,132,0,3
BRDA:5,133,0,3
BRDA:5,134,0,1
BRDA:5,135,0,1
BRDA:5,136,0,1
BRDA:5,137,0,3
BRDA:5,138,0,1
BRDA:5,139,0,1
BRDA:5,140,0,1
BRDA:5,141,0,1
BRDA:5,142,0,1
BRDA:5,143,0,1
BRDA:5,144,0,1
BRDA:5,145,0,3
BRDA:5,146,0,1
BRDA:5,147,0,1
BRDA:5,148,0,1
BRDA:5,149,0,1
BRDA:5,150,0,3
BRDA:5,151,0,1
BRDA:5,152,0,1
BRDA:5,153,0,1
BRDA:5,154,0,17
BRDA:5,155,0,3
BRDA:5,156,0,1
BRDA:5,157,0,1
BRDA:5,158,0,1
BRDA:5,159,0,1
BRDA:5,160,0,1
BRDA:5,161,0,0
BRDA:5,162,0,0
BRDA:5,163,0,0
BRDA:5,164,0,0
BRDA:5,165,0,1
BRDA:5,166,0,0
BRDA:5,167,0,0
BRDA:5,168,0,1
BRDA:5,169,0,1
BRDA:5,170,0,1
BRDA:5,171,0,0
BRDA:5,172,0,1
BRDA:5,173,0,0
BRDA:5,174,0,0
BRDA:5,175,0,2
BRDA:5,176,0,0
BRDA:5,177,0,0
BRDA:5,178,0,1
BRDA:13,179,0,1
BRDA:13,180,0,1
BRDA:13,181,0,1
BRDA:13,182,0,1
BRDA:13,183,0,1
BRDA:13,184,0,1
BRDA:13,185,0,1
BRDA:13,186,0,1
BRDA:13,187,0,1
BRDA:13,188,0,1
BRDA:13,189,0,256
BRDA:13,190,0,16
BRDA:13,191,0,240
BRDA:13,192,0,1
BRDA:13,193,0,0
BRDA:13,194,0,2
BRDA:13,195,0,0
BRDA:13,196,0,1
BRDA:13,197,0,0
BRDA:13,198,0,1
BRDA:13,199,0,31
BRDA:13,200,0,30
BRDA:13,201,0,1
BRDA:13,202,0,1
BRDA:13,203,0,0
BRDA:13,204,0,1
BRDA:13,205,0,1
BRDA:13,206,0,0
BRDA:13,207,0,1
BRDA:13,208,0,1
BRDA:13,209,0,5
BRDA:13,210,0,4
BRDA:13,211,0,1
BRDA:21,212,0,0
BRDA:21,213,0,0
BRDA:21,214,0,0
BRDA:21,215,0,1
BRDA:21,216,0,1
BRDA:24,217,0,3
BRDA:24,218,0,0
BRDA:24,219,0,3
BRDA:24,220,0,0
BRDA:24,221,0,3
BRDA:24,222,0,0
BRDA:24,223,0,1
BRDA:24,224,0,1
BRDA:24,225,0,0
BRDA:24,226,0,1
BRDA:24,227,0,1
BRDA:24,228,0,1
BRDA:24,229,0,6
BRDA:24,230,0,6
BRDA:24,231,0,4
BRDA:24,232,0,2
BRDA:24,233,0,6
BRDA:24,234,0,1
BRDA:24,235,0,1
BRDA:24,236,0,1
BRDA:24,237,0,1
BRDA:24,238,0,1
BRDA:24,239,0,1
BRDA:24,240,0,1
BRDA:24,241,0,1
BRDA:24,242,0,1
BRDA:24,243,0,1
BRDA:24,244,0,1
BRDA:24,245,0,1
BRDA:24,246,0,1
BRDA:24,247,0,1
BRDA:24,248,0,1
BRDA:24,249,0,1
BRDA:24,250,0,1
BRDA:24,251,0,1
BRDA:24,252,0,1
BRDA:24,253,0,0
BRDA:24,254,0,14
BRDA:24,255,0,1
BRDA:24,256,0,7
BRDA:24,257,0,7
BRDA:24,258,0,0
BRDA:24,259,0,7
BRDA:24,260,0,0
BRDA:24,261,0,0
BRDA:24,262,0,1
BRDA:24,263,0,0
BRDA:24,264,0,4
BRDA:24,265,0,1
BRDA:24,266,0,0
BRDA:24,267,0,30
BRDA:24,268,0,1
BRDA:24,269,0,15
BRDA:24,270,0,14
BRDA:24,271,0,1
BRDA:24,272,0,0
BRDA:24,273,0,15
BRDA:24,274,0,0
BRDA:24,275,0,15
BRDA:24,276,0,0
BRDA:24,277,0,0
BRDA:24,278,0,1
BRDA:24,279,0,0
BRDA:24,280,0,1
BRDA:24,281,0,0
BRDA:24,282,0,0
BRDA:24,283,0,1
BRDA:24,284,0,0
BRDA:24,285,0,0
BRDA:24,286,0,1
BRDA:24,287,0,1
BRDA:24,288,0,1
BRDA:24,289,0,1
BRDA:24,290,0,1
BRDA:24,291,0,1
BRDA:24,292,0,1
BRDA:24,293,0,1
BRDA:24,294,0,1
BRDA:24,295,0,1
BRDA:24,296,0,1
BRDA:24,297,0,1
BRDA:24,298,0,1
BRDA:24,299,0,1
BRDA:24,300,0,0
BRDA:24,301,0,1
BRDA:24,302,0,1
BRF:303
BRH:213
end_of_record
TN:
SF:https:/www.guinness.diageo.site/_next/static/chunks/87bc1fd9-ac1583bc09a01d1d.js
FN:1,9153
FN:9,o
FN:9,h
FN:9,m
FN:9,g
FN:9,A
FN:9,Q
FN:9,W
FN:9,j
FN:9,H
FN:9,eu
FN:9,ef
FN:9,ed
FN:9,ep
FN:9,eh
FN:9,em
FN:9,eg
FN:9,ey
FN:9,ev
FN:9,ek
FN:9,ew
FN:9,eM
FN:9,eF
FN:9,eO
FN:9,eR
FN:9,eD
FN:9,eA
FN:9,eI
FN:9,eV
FN:9,e$
FN:9,eq
FN:9,eK
FN:9,eY
FN:9,eX
FN:9,eZ
FN:9,t
FN:9,set
FN:9,eJ
FN:9,e0
FN:9,e1
FN:9,e2
FN:9,e3
FN:9,e8
FN:9,e6
FN:9,e5
FN:9,e7
FN:9,te
FN:9,tt
FN:9,tn
FN:9,tr
FN:9,ta
FN:9,tu
FN:9,to
FN:9,tc
FN:9,tp
FN:9,th
FN:9,tm
FN:9,tg
FN:9,ty
FN:9,tv
FN:9,tb
FN:9,tx
FN:9,tC
FN:9,tz
FN:9,tP
FN:9,tN
FN:9,t_
FN:9,tL
FN:9,tT
FN:9,tV
FN:9,t$
FN:9,tQ
FN:9,tW
FN:9,tX
FN:9,tG
FN:9,tZ
FN:9,tJ
FN:9,t0
FN:9,t1
FN:9,t2
FN:9,t3
FN:9,t4
FN:9,t8
FN:9,t6
FN:9,t5
FN:9,t7
FN:9,nn
FN:9,nr
FN:9,nl
FN:9,na
FN:9,nu
FN:9,no
FN:9,ns
FN:9,nc
FN:9,nf
FN:9,nd
FN:9,np
FN:9,nh
FN:9,nm
FN:9,ng
FN:9,ny
FN:9,nv
FN:9,then
FN:9,nS
FN:9,nE
FN:9,nx
FN:9,e
FN:9,nz
FN:9,n_
FN:9,nL
FN:9,t
FN:9,nT
FN:9,nM
FN:9,nF
FN:9,t
FN:9,n
FN:9,r
FN:9,l
FN:9,a
FN:9,u
FN:9,i
FN:9,s
FN:9,c
FN:9,f
FN:9,d
FN:9,p
FN:9,h
FN:9,i
FN:9,s
FN:9,nI
FN:9,nU
FN:9,nB
FN:9,nQ
FN:9,nW
FN:9,nj
FN:9,nH
FN:9,nK
FN:9,n1
FN:9,n2
FN:9,n3
FN:9,n4
FN:9,n8
FN:9,n6
FN:9,n5
FN:9,rt
FN:9,rn
FN:9,rg
FN:9,ry
FN:9,rv
FN:9,rb
FN:9,rk
FN:9,rw
FN:9,rS
FN:9,rE
FN:9,rx
FN:9,rC
FN:9,rz
FN:9,rP
FN:9,rN
FN:9,r_
FN:9,rL
FN:9,rT
FN:9,rM
FN:9,rF
FN:9,rO
FN:9,rR
FN:9,rD
FN:9,rA
FN:9,rI
FN:9,rU
FN:9,rB
FN:9,rV
FN:9,r$
FN:9,rQ
FN:9,rW
FN:9,rj
FN:9,rH
FN:9,rq
FN:9,rK
FN:9,rY
FN:9,rX
FN:9,rG
FN:9,rZ
FN:9,rJ
FN:9,r0
FN:9,r1
FN:9,r2
FN:9,r3
FN:9,r4
FN:9,r8
FN:9,r6
FN:9,r5
FN:9,r7
FN:9,r9
FN:9,le
FN:9,lt
FN:9,ln
FN:9,lr
FN:9,ll
FN:9,oL
FN:9,useCallback
FN:9,useImperativeHandle
FN:9,useLayoutEffect
FN:9,useInsertionEffect
FN:9,useMemo
FN:9,useReducer
FN:9,useRef
FN:9,useState
FN:9,useDeferredValue
FN:9,useTransition
FN:9,useSyncExternalStore
FN:9,useId
FN:9,useCacheRefresh
FN:9,lu.useEffectEvent
FN:9,lu.useOptimistic
FN:9,useState
FN:9,useDeferredValue
FN:9,useTransition
FN:9,useState
FN:9,useDeferredValue
FN:9,useTransition
FN:9,ls
FN:9,lc
FN:9,li.useOptimistic
FN:9,isMounted
FN:9,enqueueSetState
FN:9,enqueueReplaceState
FN:9,enqueueForceUpdate
FN:9,ld
FN:9,lp
FN:9,lh
FN:9,lm
FN:9,lg
FN:9,ly
FN:9,lv
FN:9,lb
FN:9,lk
FN:9,n.payload
FN:9,n.callback
FN:9,a.componentDidCatch.n.callback
FN:9,lw
FN:9,lC
FN:9,lz
FN:9,lP
FN:9,lN
FN:9,l_
FN:9,lL
FN:9,lT
FN:9,lM
FN:9,lF
FN:9,lO
FN:9,lR
FN:9,lD
FN:9,lA
FN:9,lU
FN:9,lB
FN:9,lV
FN:9,l$
FN:9,lQ
FN:9,lW
FN:9,lj
FN:9,lH
FN:9,lq
FN:9,lK
FN:9,lJ
FN:9,l0
FN:9,l1
FN:9,l2
FN:9,l3
FN:9,l4
FN:9,l8
FN:9,l6
FN:9,l5
FN:9,l7
FN:9,an
FN:9,ar
FN:9,au
FN:9,ao
FN:9,ai
FN:9,as
FN:9,ac
FN:9,af
FN:9,ad
FN:9,ap
FN:9,ah
FN:9,am
FN:9,ag
FN:9,onError
FN:9,aS
FN:9,aP
FN:9,aN
FN:9,a_
FN:9,aT
FN:9,aM
FN:9,aF
FN:9,aO
FN:9,aR
FN:9,aD
FN:9,e
FN:9,aA
FN:9,aI
FN:9,aU
FN:9,a$
FN:9,aQ
FN:9,aW
FN:9,aj
FN:9,aH
FN:9,aK
FN:9,e
FN:9,aY
FN:9,e
FN:9,aX
FN:9,aG
FN:9,aZ
FN:9,aJ
FN:9,a0
FN:9,a1
FN:9,e
FN:9,a2
FN:9,a4
FN:9,a8
FN:9,a6
FN:9,a5
FN:9,a7
FN:9,e
FN:9,a9
FN:9,getCacheSignal
FN:9,getCacheForType
FN:9,uO
FN:9,uR
FN:9,uD
FN:9,uA
FN:9,uI
FN:9,uU
FN:9,uB
FN:9,uV
FN:9,u$
FN:9,uQ
FN:9,uW
FN:9,uj
FN:9,uH
FN:9,uq
FN:9,uK
FN:9,uY
FN:9,uX
FN:9,uG
FN:9,uZ
FN:9,uJ
FN:9,u0
FN:9,u1
FN:9,e
FN:9,u2
FN:9,u3
FN:9,u4
FN:9,u8
FN:9,u6
FN:9,u5
FN:9,u7
FN:9,u9
FN:9,oe
FN:9,ot
FN:9,on
FN:9,or
FN:9,ol
FN:9,oa
FN:9,ou
FN:9,oo
FN:9,oi
FN:9,os
FN:9,oc
FN:9,of
FN:9,od
FN:9,op
FN:9,oh
FN:9,om
FN:9,og
FN:9,oy
FN:9,ov
FN:9,ob
FN:9,oT
FN:9,ow
FN:9,oS
FN:9,get
FN:9,oC
FN:9,oz
FN:9,oP
FN:9,oN
FN:9,t
FN:9,preventDefault
FN:9,stopPropagation
FN:9,persist
FN:9,timeStamp
FN:9,relatedTarget
FN:9,movementX
FN:9,movementY
FN:9,clipboardData
FN:9,oY
FN:9,oX
FN:9,key
FN:9,charCode
FN:9,keyCode
FN:9,which
FN:9,deltaX
FN:9,deltaY
FN:9,ie
FN:9,it
FN:9,ir
FN:9,il
FN:9,ia
FN:9,iu
FN:9,io
FN:9,is
FN:9,ic
FN:9,ih
FN:9,im
FN:9,ig
FN:9,iy
FN:9,ib
FN:9,ik
FN:9,ix
FN:9,iT
FN:9,iM
FN:9,iR
FN:9,iD
FN:9,iU
FN:9,iB
FN:9,iV
FN:9,ij
FN:9,iH
FN:9,iq
FN:9,iK
FN:9,iY
FN:9,iX
FN:9,iG
FN:9,iZ
FN:9,iJ
FN:9,i0
FN:9,i6
FN:9,i5
FN:9,st
FN:9,si
FN:9,sp
FN:9,sh
FN:9,sm
FN:9,sg
FN:9,sv
FN:9,sb
FN:9,sk
FN:9,listener
FN:9,sw
FN:9,sS
FN:9,sE
FN:9,sx
FN:9,sP
FN:9,sN
FN:9,s_
FN:9,sL
FN:9,sT
FN:9,sM
FN:9,sF
FN:9,sD
FN:9,sA
FN:9,sI
FN:9,sU
FN:9,sQ
FN:9,sW
FN:9,sj
FN:9,sH
FN:9,sq
FN:9,sK
FN:9,sY
FN:9,sX
FN:9,sJ
FN:9,prefetchDNS
FN:9,preconnect
FN:9,preload
FN:9,preinit
FN:9,s1
FN:9,s2
FN:9,s3
FN:9,s4
FN:9,s8
FN:9,s6
FN:9,s5
FN:9,s7
FN:9,s9
FN:9,ct
FN:9,cn
FN:9,cl
FN:9,ca
FN:9,co
FN:9,ci
FN:9,cc
FN:9,cf
FN:9,cd
FN:9,cp
FN:9,ch
FN:9,cm
FN:9,cg
FN:9,cd.render.cf.render
FN:9,cd.unmount.cf.unmount
FN:9,cd.unstable_scheduleHydration
FN:9,findHostInstanceByFiber
FN:9,cb.findFiberByHostInstance
FN:9,t.createPortal
FN:9,t.createRoot
FN:9,t.experimental_useFormStatus
FN:9,t.findDOMNode
FN:9,t.flushSync
FN:9,t.hydrate
FN:9,t.hydrateRoot
FN:9,t.preconnect
FN:9,t.prefetchDNS
FN:9,t.preinit
FN:9,t.preload
FN:9,t.render
FN:9,t.unmountComponentAtNode
FN:9,t.unstable_renderSubtreeIntoContainer
FNF:518
FNH:213
FNDA:1,9153
FNDA:3,o
FNDA:12,h
FNDA:34,m
FNDA:34,g
FNDA:0,A
FNDA:3,Q
FNDA:3,W
FNDA:14,j
FNDA:14,H
FNDA:0,eu
FNDA:4,ef
FNDA:8,ed
FNDA:1,ep
FNDA:0,eh
FNDA:0,em
FNDA:3,eg
FNDA:1,ey
FNDA:0,ev
FNDA:0,ek
FNDA:3,ew
FNDA:3,eM
FNDA:26,eF
FNDA:0,eO
FNDA:20,eR
FNDA:68,eD
FNDA:0,eA
FNDA:6,eI
FNDA:81,eV
FNDA:166,e$
FNDA:20,eq
FNDA:0,eK
FNDA:0,eY
FNDA:4,eX
FNDA:40,eZ
FNDA:8,t
FNDA:8,set
FNDA:0,eJ
FNDA:0,e0
FNDA:0,e1
FNDA:0,e2
FNDA:2,e3
FNDA:14,e8
FNDA:0,e6
FNDA:0,e5
FNDA:0,e7
FNDA:0,te
FNDA:0,tt
FNDA:0,tn
FNDA:4,tr
FNDA:30,ta
FNDA:6,tu
FNDA:16,to
FNDA:44,tc
FNDA:0,tp
FNDA:0,th
FNDA:0,tm
FNDA:22,tg
FNDA:0,ty
FNDA:0,tv
FNDA:0,tb
FNDA:31,tx
FNDA:30,tC
FNDA:0,tz
FNDA:3,tP
FNDA:0,tN
FNDA:0,t_
FNDA:0,tL
FNDA:0,tT
FNDA:0,tV
FNDA:0,t$
FNDA:0,tQ
FNDA:68,tW
FNDA:0,tX
FNDA:0,tG
FNDA:0,tZ
FNDA:0,tJ
FNDA:0,t0
FNDA:0,t1
FNDA:0,t2
FNDA:0,t3
FNDA:0,t4
FNDA:16,t8
FNDA:0,t6
FNDA:3,t5
FNDA:0,t7
FNDA:6,nn
FNDA:1,nr
FNDA:0,nl
FNDA:0,na
FNDA:1,nu
FNDA:1,no
FNDA:5,ns
FNDA:3,nc
FNDA:5,nf
FNDA:1,nd
FNDA:1,np
FNDA:4,nh
FNDA:7,nm
FNDA:1,ng
FNDA:1,ny
FNDA:0,nv
FNDA:0,then
FNDA:0,nS
FNDA:1,nE
FNDA:3,nx
FNDA:0,e
FNDA:1,nz
FNDA:0,n_
FNDA:61,nL
FNDA:0,t
FNDA:0,nT
FNDA:0,nM
FNDA:2,nF
FNDA:0,t
FNDA:10,n
FNDA:0,r
FNDA:0,l
FNDA:24,a
FNDA:41,u
FNDA:0,i
FNDA:0,s
FNDA:0,c
FNDA:0,f
FNDA:30,d
FNDA:0,p
FNDA:0,h
FNDA:67,i
FNDA:67,s
FNDA:0,nI
FNDA:0,nU
FNDA:0,nB
FNDA:0,nQ
FNDA:0,nW
FNDA:0,nj
FNDA:0,nH
FNDA:0,nK
FNDA:5,n1
FNDA:27,n2
FNDA:0,n3
FNDA:3,n4
FNDA:5,n8
FNDA:3,n6
FNDA:0,n5
FNDA:0,rt
FNDA:0,rn
FNDA:0,rg
FNDA:0,ry
FNDA:23,rv
FNDA:22,rb
FNDA:0,rk
FNDA:0,rw
FNDA:22,rS
FNDA:0,rE
FNDA:5,rx
FNDA:37,rC
FNDA:0,rz
FNDA:3,rP
FNDA:3,rN
FNDA:0,r_
FNDA:0,rL
FNDA:0,rT
FNDA:0,rM
FNDA:0,rF
FNDA:0,rO
FNDA:0,rR
FNDA:0,rD
FNDA:0,rA
FNDA:0,rI
FNDA:0,rU
FNDA:0,rB
FNDA:0,rV
FNDA:13,r$
FNDA:0,rQ
FNDA:13,rW
FNDA:0,rj
FNDA:11,rH
FNDA:0,rq
FNDA:0,rK
FNDA:0,rY
FNDA:0,rX
FNDA:0,rG
FNDA:0,rZ
FNDA:0,rJ
FNDA:0,r0
FNDA:0,r1
FNDA:0,r2
FNDA:0,r3
FNDA:0,r4
FNDA:0,r8
FNDA:0,r6
FNDA:0,r5
FNDA:0,r7
FNDA:0,r9
FNDA:0,le
FNDA:0,lt
FNDA:0,ln
FNDA:0,lr
FNDA:0,ll
FNDA:7,oL
FNDA:10,useCallback
FNDA:0,useImperativeHandle
FNDA:0,useLayoutEffect
FNDA:2,useInsertionEffect
FNDA:8,useMemo
FNDA:2,useReducer
FNDA:4,useRef
FNDA:0,useState
FNDA:0,useDeferredValue
FNDA:0,useTransition
FNDA:0,useSyncExternalStore
FNDA:0,useId
FNDA:0,useCacheRefresh
FNDA:0,lu.useEffectEvent
FNDA:0,lu.useOptimistic
FNDA:0,useState
FNDA:0,useDeferredValue
FNDA:0,useTransition
FNDA:0,useState
FNDA:0,useDeferredValue
FNDA:0,useTransition
FNDA:2,ls
FNDA:4,lc
FNDA:0,li.useOptimistic
FNDA:0,isMounted
FNDA:0,enqueueSetState
FNDA:0,enqueueReplaceState
FNDA:0,enqueueForceUpdate
FNDA:2,ld
FNDA:4,lp
FNDA:0,lh
FNDA:4,lm
FNDA:4,lg
FNDA:0,ly
FNDA:1,lv
FNDA:0,lb
FNDA:4,lk
FNDA:4,n.payload
FNDA:1,n.callback
FNDA:0,a.componentDidCatch.n.callback
FNDA:0,lw
FNDA:59,lC
FNDA:0,lz
FNDA:0,lP
FNDA:0,lN
FNDA:0,l_
FNDA:0,lL
FNDA:20,lT
FNDA:2,lM
FNDA:0,lF
FNDA:8,lO
FNDA:6,lR
FNDA:3,lD
FNDA:0,lA
FNDA:0,lU
FNDA:0,lB
FNDA:0,lV
FNDA:0,l$
FNDA:0,lQ
FNDA:0,lW
FNDA:0,lj
FNDA:0,lH
FNDA:27,lq
FNDA:0,lK
FNDA:8,lJ
FNDA:16,l0
FNDA:16,l1
FNDA:0,l2
FNDA:0,l3
FNDA:31,l4
FNDA:6,l8
FNDA:0,l6
FNDA:6,l5
FNDA:0,l7
FNDA:1,an
FNDA:1,ar
FNDA:0,au
FNDA:0,ao
FNDA:0,ai
FNDA:6,as
FNDA:0,ac
FNDA:0,af
FNDA:0,ad
FNDA:0,ap
FNDA:38,ah
FNDA:0,am
FNDA:0,ag
FNDA:0,onError
FNDA:0,aS
FNDA:0,aP
FNDA:0,aN
FNDA:0,a_
FNDA:1,aT
FNDA:1,aM
FNDA:0,aF
FNDA:1,aO
FNDA:3,aR
FNDA:14,aD
FNDA:0,e
FNDA:4,aA
FNDA:2,aI
FNDA:1,aU
FNDA:0,a$
FNDA:0,aQ
FNDA:0,aW
FNDA:0,aj
FNDA:15,aH
FNDA:15,aK
FNDA:0,e
FNDA:15,aY
FNDA:11,e
FNDA:14,aX
FNDA:1,aG
FNDA:0,aZ
FNDA:0,aJ
FNDA:6,a0
FNDA:6,a1
FNDA:0,e
FNDA:0,a2
FNDA:0,a4
FNDA:0,a8
FNDA:0,a6
FNDA:6,a5
FNDA:6,a7
FNDA:0,e
FNDA:0,a9
FNDA:0,getCacheSignal
FNDA:0,getCacheForType
FNDA:1,uO
FNDA:1,uR
FNDA:2,uD
FNDA:1,uA
FNDA:0,uI
FNDA:1,uU
FNDA:1,uB
FNDA:22,uV
FNDA:0,u$
FNDA:3,uQ
FNDA:3,uW
FNDA:5,uj
FNDA:1,uH
FNDA:3,uq
FNDA:3,uK
FNDA:1,uY
FNDA:3,uX
FNDA:68,uG
FNDA:0,uZ
FNDA:5,uJ
FNDA:10,u0
FNDA:1,u1
FNDA:0,e
FNDA:1,u2
FNDA:4,u3
FNDA:0,u4
FNDA:0,u8
FNDA:1,u6
FNDA:1,u5
FNDA:0,u7
FNDA:0,u9
FNDA:0,oe
FNDA:67,ot
FNDA:67,on
FNDA:29,or
FNDA:3,ol
FNDA:0,oa
FNDA:61,ou
FNDA:4,oo
FNDA:0,oi
FNDA:0,os
FNDA:0,oc
FNDA:1,of
FNDA:1,od
FNDA:1,op
FNDA:0,oh
FNDA:1,om
FNDA:0,og
FNDA:0,oy
FNDA:0,ov
FNDA:0,ob
FNDA:68,oT
FNDA:22,ow
FNDA:68,oS
FNDA:1,get
FNDA:0,oC
FNDA:0,oz
FNDA:0,oP
FNDA:13,oN
FNDA:8,t
FNDA:0,preventDefault
FNDA:0,stopPropagation
FNDA:0,persist
FNDA:8,timeStamp
FNDA:8,relatedTarget
FNDA:8,movementX
FNDA:8,movementY
FNDA:0,clipboardData
FNDA:0,oY
FNDA:8,oX
FNDA:0,key
FNDA:0,charCode
FNDA:0,keyCode
FNDA:0,which
FNDA:0,deltaX
FNDA:0,deltaY
FNDA:22,ie
FNDA:0,it
FNDA:0,ir
FNDA:0,il
FNDA:0,ia
FNDA:0,iu
FNDA:0,io
FNDA:0,is
FNDA:0,ic
FNDA:0,ih
FNDA:16,im
FNDA:22,ig
FNDA:22,iy
FNDA:22,ib
FNDA:142,ik
FNDA:0,ix
FNDA:0,iT
FNDA:0,iM
FNDA:8,iR
FNDA:0,iD
FNDA:0,iU
FNDA:0,iB
FNDA:0,iV
FNDA:0,ij
FNDA:0,iH
FNDA:0,iq
FNDA:0,iK
FNDA:0,iY
FNDA:0,iX
FNDA:0,iG
FNDA:0,iZ
FNDA:2,iJ
FNDA:1,i0
FNDA:0,i6
FNDA:4,i5
FNDA:4,st
FNDA:75,si
FNDA:0,sp
FNDA:22,sh
FNDA:12,sm
FNDA:130,sg
FNDA:1,sv
FNDA:142,sb
FNDA:22,sk
FNDA:0,listener
FNDA:0,sw
FNDA:0,sS
FNDA:0,sE
FNDA:4,sx
FNDA:0,sP
FNDA:0,sN
FNDA:0,s_
FNDA:42,sL
FNDA:0,sT
FNDA:17,sM
FNDA:3,sF
FNDA:14,sD
FNDA:3,sA
FNDA:14,sI
FNDA:8,sU
FNDA:0,sQ
FNDA:0,sW
FNDA:0,sj
FNDA:1,sH
FNDA:4,sq
FNDA:0,sK
FNDA:2,sY
FNDA:6,sX
FNDA:1,sJ
FNDA:0,prefetchDNS
FNDA:0,preconnect
FNDA:6,preload
FNDA:0,preinit
FNDA:0,s1
FNDA:2,s2
FNDA:2,s3
FNDA:0,s4
FNDA:0,s8
FNDA:0,s6
FNDA:0,s5
FNDA:0,s7
FNDA:0,s9
FNDA:0,ct
FNDA:0,cn
FNDA:0,cl
FNDA:0,ca
FNDA:0,co
FNDA:0,ci
FNDA:0,cc
FNDA:1,cf
FNDA:0,cd
FNDA:1,cp
FNDA:0,ch
FNDA:0,cm
FNDA:0,cg
FNDA:1,cd.render.cf.render
FNDA:0,cd.unmount.cf.unmount
FNDA:0,cd.unstable_scheduleHydration
FNDA:0,findHostInstanceByFiber
FNDA:0,cb.findFiberByHostInstance
FNDA:0,t.createPortal
FNDA:1,t.createRoot
FNDA:0,t.experimental_useFormStatus
FNDA:0,t.findDOMNode
FNDA:0,t.flushSync
FNDA:0,t.hydrate
FNDA:0,t.hydrateRoot
FNDA:0,t.preconnect
FNDA:0,t.prefetchDNS
FNDA:0,t.preinit
FNDA:0,t.preload
FNDA:0,t.render
FNDA:0,t.unmountComponentAtNode
FNDA:0,t.unstable_renderSubtreeIntoContainer
DA:1,1
DA:2,1
DA:3,1
DA:4,1
DA:5,1
DA:6,1
DA:7,1
DA:8,1
DA:9,1
LF:9
LH:9
BRDA:1,0,0,1
BRDA:1,1,0,0
BRDA:1,2,0,1
BRDA:9,3,0,0
BRDA:9,4,0,0
BRDA:9,5,0,0
BRDA:9,6,0,0
BRDA:9,7,0,0
BRDA:9,8,0,0
BRDA:9,9,0,0
BRDA:9,10,0,0
BRDA:9,11,0,0
BRDA:9,12,0,0
BRDA:9,13,0,0
BRDA:9,14,0,0
BRDA:9,15,0,0
BRDA:9,16,0,0
BRDA:9,17,0,68
BRDA:9,18,0,0
BRDA:9,19,0,0
BRDA:9,20,0,0
BRDA:9,21,0,0
BRDA:9,22,0,0
BRDA:9,23,0,0
BRDA:9,24,0,0
BRDA:9,25,0,3
BRDA:9,26,0,0
BRDA:9,27,0,12
BRDA:9,28,0,34
BRDA:9,29,0,34
BRDA:9,30,0,3
BRDA:9,31,0,0
BRDA:9,32,0,0
BRDA:9,33,0,3
BRDA:9,34,0,14
BRDA:9,35,0,0
BRDA:9,36,0,0
BRDA:9,37,0,14
BRDA:9,38,0,0
BRDA:9,39,0,0
BRDA:9,40,0,4
BRDA:9,41,0,0
BRDA:9,42,0,8
BRDA:9,43,0,3
BRDA:9,44,0,5
BRDA:9,45,0,2
BRDA:9,46,0,3
BRDA:9,47,0,2
BRDA:9,48,0,0
BRDA:9,49,0,5
BRDA:9,50,0,1
BRDA:9,51,0,4
BRDA:9,52,0,0
BRDA:9,53,0,0
BRDA:9,54,0,4
BRDA:9,55,0,0
BRDA:9,56,0,0
BRDA:9,57,0,4
BRDA:9,58,0,1
BRDA:9,59,0,0
BRDA:9,60,0,0
BRDA:9,61,0,3
BRDA:9,62,0,93
BRDA:9,63,0,1
BRDA:9,64,0,3
BRDA:9,65,0,0
BRDA:9,66,0,3
BRDA:9,67,0,26
BRDA:9,68,0,20
BRDA:9,69,0,6
BRDA:9,70,0,8
BRDA:9,71,0,7
BRDA:9,72,0,6
BRDA:9,73,0,4
BRDA:9,74,0,0
BRDA:9,75,0,2
BRDA:9,76,0,0
BRDA:9,77,0,2
BRDA:9,78,0,0
BRDA:9,79,0,20
BRDA:9,80,0,0
BRDA:9,81,0,0
BRDA:9,82,0,68
BRDA:9,83,0,0
BRDA:9,84,0,6
BRDA:9,85,0,81
BRDA:9,86,0,166
BRDA:9,87,0,236
BRDA:9,88,0,20
BRDA:9,89,0,4
BRDA:9,90,0,0
BRDA:9,91,0,0
BRDA:9,92,0,0
BRDA:9,93,0,4
BRDA:9,94,0,1
BRDA:9,95,0,0
BRDA:9,96,0,40
BRDA:9,97,0,0
BRDA:9,98,0,8
BRDA:9,99,0,0
BRDA:9,100,0,32
BRDA:9,101,0,4
BRDA:9,102,0,0
BRDA:9,103,0,36
BRDA:9,104,0,48
BRDA:9,105,0,12
BRDA:9,106,0,294
BRDA:9,107,0,294
BRDA:9,108,0,36
BRDA:9,109,0,0
BRDA:9,110,0,0
BRDA:9,111,0,0
BRDA:9,112,0,0
BRDA:9,113,0,4
BRDA:9,114,0,0
BRDA:9,115,0,4
BRDA:9,116,0,0
BRDA:9,117,0,8
BRDA:9,118,0,8
BRDA:9,119,0,2
BRDA:9,120,0,0
BRDA:9,121,0,0
BRDA:9,122,0,0
BRDA:9,123,0,0
BRDA:9,124,0,14
BRDA:9,125,0,4
BRDA:9,126,0,0
BRDA:9,127,0,0
BRDA:9,128,0,30
BRDA:9,129,0,0
BRDA:9,130,0,0
BRDA:9,131,0,4
BRDA:9,132,0,0
BRDA:9,133,0,0
BRDA:9,134,0,6
BRDA:9,135,0,0
BRDA:9,136,0,0
BRDA:9,137,0,30
BRDA:9,138,0,16
BRDA:9,139,0,0
BRDA:9,140,0,44
BRDA:9,141,0,0
BRDA:9,142,0,0
BRDA:9,143,0,0
BRDA:9,144,0,22
BRDA:9,145,0,0
BRDA:9,146,0,267
BRDA:9,147,0,0
BRDA:9,148,0,0
BRDA:9,149,0,31
BRDA:9,150,0,0
BRDA:9,151,0,0
BRDA:9,152,0,30
BRDA:9,153,0,3
BRDA:9,154,0,0
BRDA:9,155,0,68
BRDA:9,156,0,0
BRDA:9,157,0,0
BRDA:9,158,0,16
BRDA:9,159,0,0
BRDA:9,160,0,0
BRDA:9,161,0,0
BRDA:9,162,0,0
BRDA:9,163,0,0
BRDA:9,164,0,3
BRDA:9,165,0,6
BRDA:9,166,0,1
BRDA:9,167,0,0
BRDA:9,168,0,1
BRDA:9,169,0,0
BRDA:9,170,0,1
BRDA:9,171,0,0
BRDA:9,172,0,0
BRDA:9,173,0,1
BRDA:9,174,0,0
BRDA:9,175,0,0
BRDA:9,176,0,0
BRDA:9,177,0,5
BRDA:9,178,0,3
BRDA:9,179,0,5
BRDA:9,180,0,1
BRDA:9,181,0,0
BRDA:9,182,0,0
BRDA:9,183,0,1
BRDA:9,184,0,0
BRDA:9,185,0,4
BRDA:9,186,0,0
BRDA:9,187,0,0
BRDA:9,188,0,0
BRDA:9,189,0,7
BRDA:9,190,0,1
BRDA:9,191,0,0
BRDA:9,192,0,0
BRDA:9,193,0,0
BRDA:9,194,0,0
BRDA:9,195,0,0
BRDA:9,196,0,4
BRDA:9,197,0,4
BRDA:9,198,0,3
BRDA:9,199,0,0
BRDA:9,200,0,5
BRDA:9,201,0,0
BRDA:9,202,0,5
BRDA:9,203,0,2
BRDA:9,204,0,0
BRDA:9,205,0,0
BRDA:9,206,0,0
BRDA:9,207,0,5
BRDA:9,208,0,0
BRDA:9,209,0,5
BRDA:9,210,0,0
BRDA:9,211,0,1
BRDA:9,212,0,0
BRDA:9,213,0,1
BRDA:9,214,0,1
BRDA:9,215,0,3
BRDA:9,216,0,0
BRDA:9,217,0,2
BRDA:9,218,0,0
BRDA:9,219,0,1
BRDA:9,220,0,0
BRDA:9,221,0,1
BRDA:9,222,0,0
BRDA:9,223,0,61
BRDA:9,224,0,0
BRDA:9,225,0,0
BRDA:9,226,0,2
BRDA:9,227,0,10
BRDA:9,228,0,8
BRDA:9,229,0,2
BRDA:9,230,0,0
BRDA:9,231,0,2
BRDA:9,232,0,24
BRDA:9,233,0,4
BRDA:9,234,0,0
BRDA:9,235,0,20
BRDA:9,236,0,41
BRDA:9,237,0,5
BRDA:9,238,0,30
BRDA:9,239,0,0
BRDA:9,240,0,0
BRDA:9,241,0,28
BRDA:9,242,0,28
BRDA:9,243,0,20
BRDA:9,244,0,0
BRDA:9,245,0,4
BRDA:9,246,0,4
BRDA:9,247,0,0
BRDA:9,248,0,4
BRDA:9,249,0,0
BRDA:9,250,0,0
BRDA:9,251,0,2
BRDA:9,252,0,67
BRDA:9,253,0,67
BRDA:9,254,0,65
BRDA:9,255,0,59
BRDA:9,256,0,6
BRDA:9,257,0,65
BRDA:9,258,0,59
BRDA:9,259,0,41
BRDA:9,260,0,0
BRDA:9,261,0,0
BRDA:9,262,0,0
BRDA:9,263,0,2
BRDA:9,264,0,16
BRDA:9,265,0,0
BRDA:9,266,0,0
BRDA:9,267,0,8
BRDA:9,268,0,0
BRDA:9,269,0,8
BRDA:9,270,0,0
BRDA:9,271,0,8
BRDA:9,272,0,16
BRDA:9,273,0,0
BRDA:9,274,0,0
BRDA:9,275,0,2
BRDA:9,276,0,0
BRDA:9,277,0,14
BRDA:9,278,0,28
BRDA:9,279,0,24
BRDA:9,280,0,12
BRDA:9,281,0,12
BRDA:9,282,0,0
BRDA:9,283,0,0
BRDA:9,284,0,0
BRDA:9,285,0,5
BRDA:9,286,0,1
BRDA:9,287,0,0
BRDA:9,288,0,3
BRDA:9,289,0,27
BRDA:9,290,0,1
BRDA:9,291,0,0
BRDA:9,292,0,0
BRDA:9,293,0,0
BRDA:9,294,0,0
BRDA:9,295,0,3
BRDA:9,296,0,0
BRDA:9,297,0,1
BRDA:9,298,0,0
BRDA:9,299,0,2
BRDA:9,300,0,0
BRDA:9,301,0,5
BRDA:9,302,0,3
BRDA:9,303,0,2
BRDA:9,304,0,2
BRDA:9,305,0,0
BRDA:9,306,0,0
BRDA:9,307,0,2
BRDA:9,308,0,0
BRDA:9,309,0,2
BRDA:9,310,0,3
BRDA:9,311,0,1
BRDA:9,312,0,2
BRDA:9,313,0,0
BRDA:9,314,0,2
BRDA:9,315,0,0
BRDA:9,316,0,2
BRDA:9,317,0,0
BRDA:9,318,0,0
BRDA:9,319,0,2
BRDA:9,320,0,0
BRDA:9,321,0,2
BRDA:9,322,0,2
BRDA:9,323,0,0
BRDA:9,324,0,0
BRDA:9,325,0,3
BRDA:9,326,0,3
BRDA:9,327,0,0
BRDA:9,328,0,23
BRDA:9,329,0,0
BRDA:9,330,0,0
BRDA:9,331,0,0
BRDA:9,332,0,22
BRDA:9,333,0,0
BRDA:9,334,0,0
BRDA:9,335,0,22
BRDA:9,336,0,5
BRDA:9,337,0,0
BRDA:9,338,0,37
BRDA:9,339,0,7
BRDA:9,340,0,30
BRDA:9,341,0,3
BRDA:9,342,0,2
BRDA:9,343,0,0
BRDA:9,344,0,2
BRDA:9,345,0,3
BRDA:9,346,0,0
BRDA:9,347,0,0
BRDA:9,348,0,0
BRDA:9,349,0,13
BRDA:9,350,0,7
BRDA:9,351,0,6
BRDA:9,352,0,0
BRDA:9,353,0,13
BRDA:9,354,0,3
BRDA:9,355,0,10
BRDA:9,356,0,11
BRDA:9,357,0,7
BRDA:9,358,0,10
BRDA:9,359,0,0
BRDA:9,360,0,2
BRDA:9,361,0,8
BRDA:9,362,0,0
BRDA:9,363,0,0
BRDA:9,364,0,2
BRDA:9,365,0,0
BRDA:9,366,0,4
BRDA:9,367,0,2
BRDA:9,368,0,0
BRDA:9,369,0,4
BRDA:9,370,0,0
BRDA:9,371,0,2
BRDA:9,372,0,0
BRDA:9,373,0,0
BRDA:9,374,0,4
BRDA:9,375,0,0
BRDA:9,376,0,0
BRDA:9,377,0,0
BRDA:9,378,0,0
BRDA:9,379,0,0
BRDA:9,380,0,4
BRDA:9,381,0,0
BRDA:9,382,0,0
BRDA:9,383,0,2
BRDA:9,384,0,2
BRDA:9,385,0,0
BRDA:9,386,0,0
BRDA:9,387,0,4
BRDA:9,388,0,74
BRDA:9,389,0,0
BRDA:9,390,0,74
BRDA:9,391,0,0
BRDA:9,392,0,32
BRDA:9,393,0,0
BRDA:9,394,0,8
BRDA:9,395,0,34
BRDA:9,396,0,1
BRDA:9,397,0,0
BRDA:9,398,0,4
BRDA:9,399,0,0
BRDA:9,400,0,4
BRDA:9,401,0,1
BRDA:9,402,0,59
BRDA:9,403,0,56
BRDA:9,404,0,3
BRDA:9,405,0,20
BRDA:9,406,0,0
BRDA:9,407,0,0
BRDA:9,408,0,2
BRDA:9,409,0,0
BRDA:9,410,0,0
BRDA:9,411,0,0
BRDA:9,412,0,0
BRDA:9,413,0,8
BRDA:9,414,0,0
BRDA:9,415,0,4
BRDA:9,416,0,0
BRDA:9,417,0,0
BRDA:9,418,0,2
BRDA:9,419,0,2
BRDA:9,420,0,0
BRDA:9,421,0,2
BRDA:9,422,0,0
BRDA:9,423,0,2
BRDA:9,424,0,0
BRDA:9,425,0,0
BRDA:9,426,0,0
BRDA:9,427,0,0
BRDA:9,428,0,0
BRDA:9,429,0,6
BRDA:9,430,0,6
BRDA:9,431,0,0
BRDA:9,432,0,0
BRDA:9,433,0,2
BRDA:9,434,0,0
BRDA:9,435,0,0
BRDA:9,436,0,0
BRDA:9,437,0,3
BRDA:9,438,0,0
BRDA:9,439,0,27
BRDA:9,440,0,0
BRDA:9,441,0,8
BRDA:9,442,0,16
BRDA:9,443,0,16
BRDA:9,444,0,0
BRDA:9,445,0,31
BRDA:9,446,0,0
BRDA:9,447,0,6
BRDA:9,448,0,6
BRDA:9,449,0,0
BRDA:9,450,0,0
BRDA:9,451,0,1
BRDA:9,452,0,1
BRDA:9,453,0,0
BRDA:9,454,0,6
BRDA:9,455,0,38
BRDA:9,456,0,2
BRDA:9,457,0,0
BRDA:9,458,0,34
BRDA:9,459,0,1
BRDA:9,460,0,0
BRDA:9,461,0,0
BRDA:9,462,0,1
BRDA:9,463,0,0
BRDA:9,464,0,1
BRDA:9,465,0,0
BRDA:9,466,0,3
BRDA:9,467,0,0
BRDA:9,468,0,0
BRDA:9,469,0,14
BRDA:9,470,0,6
BRDA:9,471,0,0
BRDA:9,472,0,1
BRDA:9,473,0,0
BRDA:9,474,0,0
BRDA:9,475,0,1
BRDA:9,476,0,0
BRDA:9,477,0,0
BRDA:9,478,0,0
BRDA:9,479,0,3
BRDA:9,480,0,0
BRDA:9,481,0,0
BRDA:9,482,0,3
BRDA:9,483,0,0
BRDA:9,484,0,4
BRDA:9,485,0,2
BRDA:9,486,0,0
BRDA:9,487,0,2
BRDA:9,488,0,0
BRDA:9,489,0,0
BRDA:9,490,0,1
BRDA:9,491,0,0
BRDA:9,492,0,0
BRDA:9,493,0,0
BRDA:9,494,0,15
BRDA:9,495,0,0
BRDA:9,496,0,12
BRDA:9,497,0,14
BRDA:9,498,0,15
BRDA:9,499,0,6
BRDA:9,500,0,0
BRDA:9,501,0,1
BRDA:9,502,0,0
BRDA:9,503,0,0
BRDA:9,504,0,0
BRDA:9,505,0,3
BRDA:9,506,0,20
BRDA:9,507,0,19
BRDA:9,508,0,18
BRDA:9,509,0,0
BRDA:9,510,0,1
BRDA:9,511,0,4
BRDA:9,512,0,0
BRDA:9,513,0,0
BRDA:9,514,0,3
BRDA:9,515,0,3
BRDA:9,516,0,0
BRDA:9,517,0,0
BRDA:9,518,0,0
BRDA:9,519,0,1
BRDA:9,520,0,0
BRDA:9,521,0,0
BRDA:9,522,0,0
BRDA:9,523,0,3
BRDA:9,524,0,15
BRDA:9,525,0,4
BRDA:9,526,0,2
BRDA:9,527,0,0
BRDA:9,528,0,1
BRDA:9,529,0,0
BRDA:9,530,0,1
BRDA:9,531,0,0
BRDA:9,532,0,0
BRDA:9,533,0,0
BRDA:9,534,0,11
BRDA:9,535,0,0
BRDA:9,536,0,10
BRDA:9,537,0,9
BRDA:9,538,0,1
BRDA:9,539,0,14
BRDA:9,540,0,11
BRDA:9,541,0,13
BRDA:9,542,0,1
BRDA:9,543,0,0
BRDA:9,544,0,6
BRDA:9,545,0,5
BRDA:9,546,0,6
BRDA:9,547,0,3
BRDA:9,548,0,1
BRDA:9,549,0,1
BRDA:9,550,0,0
BRDA:9,551,0,0
BRDA:9,552,0,2
BRDA:9,553,0,6
BRDA:9,554,0,0
BRDA:9,555,0,5
BRDA:9,556,0,6
BRDA:9,557,0,3
BRDA:9,558,0,1
BRDA:9,559,0,0
BRDA:9,560,0,3
BRDA:9,561,0,1
BRDA:9,562,0,0
BRDA:9,563,0,0
BRDA:9,564,0,0
BRDA:9,565,0,0
BRDA:9,566,0,0
BRDA:9,567,0,1
BRDA:9,568,0,0
BRDA:9,569,0,0
BRDA:9,570,0,0
BRDA:9,571,0,0
BRDA:9,572,0,0
BRDA:9,573,0,2
BRDA:9,574,0,0
BRDA:9,575,0,0
BRDA:9,576,0,0
BRDA:9,577,0,0
BRDA:9,578,0,0
BRDA:9,579,0,0
BRDA:9,580,0,0
BRDA:9,581,0,1
BRDA:9,582,0,0
BRDA:9,583,0,1
BRDA:9,584,0,0
BRDA:9,585,0,0
BRDA:9,586,0,0
BRDA:9,587,0,0
BRDA:9,588,0,0
BRDA:9,589,0,0
BRDA:9,590,0,0
BRDA:9,591,0,0
BRDA:9,592,0,1
BRDA:9,593,0,0
BRDA:9,594,0,0
BRDA:9,595,0,1
BRDA:9,596,0,0
BRDA:9,597,0,0
BRDA:9,598,0,1
BRDA:9,599,0,22
BRDA:9,600,0,3
BRDA:9,601,0,0
BRDA:9,602,0,3
BRDA:9,603,0,0
BRDA:9,604,0,0
BRDA:9,605,0,5
BRDA:9,606,0,1
BRDA:9,607,0,0
BRDA:9,608,0,4
BRDA:9,609,0,0
BRDA:9,610,0,0
BRDA:9,611,0,0
BRDA:9,612,0,0
BRDA:9,613,0,1
BRDA:9,614,0,0
BRDA:9,615,0,0
BRDA:9,616,0,3
BRDA:9,617,0,1
BRDA:9,618,0,2
BRDA:9,619,0,3
BRDA:9,620,0,1
BRDA:9,621,0,0
BRDA:9,622,0,3
BRDA:9,623,0,0
BRDA:9,624,0,8
BRDA:9,625,0,5
BRDA:9,626,0,5
BRDA:9,627,0,0
BRDA:9,628,0,1
BRDA:9,629,0,5
BRDA:9,630,0,1
BRDA:9,631,0,0
BRDA:9,632,0,8
BRDA:9,633,0,68
BRDA:9,634,0,68
BRDA:9,635,0,10
BRDA:9,636,0,53
BRDA:9,637,0,5
BRDA:9,638,0,0
BRDA:9,639,0,1
BRDA:9,640,0,0
BRDA:9,641,0,0
BRDA:9,642,0,0
BRDA:9,643,0,0
BRDA:9,644,0,4
BRDA:9,645,0,0
BRDA:9,646,0,0
BRDA:9,647,0,4
BRDA:9,648,0,2
BRDA:9,649,0,20
BRDA:9,650,0,0
BRDA:9,651,0,4
BRDA:9,652,0,0
BRDA:9,653,0,16
BRDA:9,654,0,0
BRDA:9,655,0,30
BRDA:9,656,0,4
BRDA:9,657,0,26
BRDA:9,658,0,25
BRDA:9,659,0,1
BRDA:9,660,0,0
BRDA:9,661,0,30
BRDA:9,662,0,6
BRDA:9,663,0,0
BRDA:9,664,0,4
BRDA:9,665,0,2
BRDA:9,666,0,1
BRDA:9,667,0,0
BRDA:9,668,0,0
BRDA:9,669,0,11
BRDA:9,670,0,0
BRDA:9,671,0,12
BRDA:9,672,0,10
BRDA:9,673,0,38
BRDA:9,674,0,0
BRDA:9,675,0,8
BRDA:9,676,0,30
BRDA:9,677,0,2
BRDA:9,678,0,0
BRDA:9,679,0,38
BRDA:9,680,0,0
BRDA:9,681,0,14
BRDA:9,682,0,16
BRDA:9,683,0,18
BRDA:9,684,0,2
BRDA:9,685,0,0
BRDA:9,686,0,2
BRDA:9,687,0,0
BRDA:9,688,0,0
BRDA:9,689,0,0
BRDA:9,690,0,0
BRDA:9,691,0,0
BRDA:9,692,0,0
BRDA:9,693,0,6
BRDA:9,694,0,0
BRDA:9,695,0,0
BRDA:9,696,0,0
BRDA:9,697,0,0
BRDA:9,698,0,0
BRDA:9,699,0,8
BRDA:9,700,0,0
BRDA:9,701,0,0
BRDA:9,702,0,0
BRDA:9,703,0,0
BRDA:9,704,0,0
BRDA:9,705,0,0
BRDA:9,706,0,0
BRDA:9,707,0,6
BRDA:9,708,0,0
BRDA:9,709,0,0
BRDA:9,710,0,0
BRDA:9,711,0,4
BRDA:9,712,0,0
BRDA:9,713,0,2
BRDA:9,714,0,0
BRDA:9,715,0,0
BRDA:9,716,0,0
BRDA:9,717,0,0
BRDA:9,718,0,2
BRDA:9,719,0,0
BRDA:9,720,0,0
BRDA:9,721,0,1
BRDA:9,722,0,1
BRDA:9,723,0,0
BRDA:9,724,0,0
BRDA:9,725,0,0
BRDA:9,726,0,0
BRDA:9,727,0,0
BRDA:9,728,0,0
BRDA:9,729,0,0
BRDA:9,730,0,0
BRDA:9,731,0,0
BRDA:9,732,0,0
BRDA:9,733,0,0
BRDA:9,734,0,1
BRDA:9,735,0,0
BRDA:9,736,0,1
BRDA:9,737,0,1
BRDA:9,738,0,0
BRDA:9,739,0,14
BRDA:9,740,0,11
BRDA:9,741,0,11
BRDA:9,742,0,3
BRDA:9,743,0,14
BRDA:9,744,0,6
BRDA:9,745,0,0
BRDA:9,746,0,0
BRDA:9,747,0,3
BRDA:9,748,0,1
BRDA:9,749,0,0
BRDA:9,750,0,0
BRDA:9,751,0,1
BRDA:9,752,0,3
BRDA:9,753,0,0
BRDA:9,754,0,0
BRDA:9,755,0,2
BRDA:9,756,0,12
BRDA:9,757,0,1
BRDA:9,758,0,0
BRDA:9,759,0,0
BRDA:9,760,0,1
BRDA:9,761,0,0
BRDA:9,762,0,0
BRDA:9,763,0,1
BRDA:9,764,0,4
BRDA:9,765,0,1
BRDA:9,766,0,0
BRDA:9,767,0,0
BRDA:9,768,0,0
BRDA:9,769,0,0
BRDA:9,770,0,0
BRDA:9,771,0,3
BRDA:9,772,0,1
BRDA:9,773,0,0
BRDA:9,774,0,1
BRDA:9,775,0,0
BRDA:9,776,0,67
BRDA:9,777,0,67
BRDA:9,778,0,29
BRDA:9,779,0,3
BRDA:9,780,0,1
BRDA:9,781,0,2
BRDA:9,782,0,0
BRDA:9,783,0,61
BRDA:9,784,0,27
BRDA:9,785,0,4
BRDA:9,786,0,34
BRDA:9,787,0,14
BRDA:9,788,0,12
BRDA:9,789,0,10
BRDA:9,790,0,6
BRDA:9,791,0,8
BRDA:9,792,0,0
BRDA:9,793,0,20
BRDA:9,794,0,0
BRDA:9,795,0,3
BRDA:9,796,0,0
BRDA:9,797,0,17
BRDA:9,798,0,13
BRDA:9,799,0,0
BRDA:9,800,0,4
BRDA:9,801,0,0
BRDA:9,802,0,14
BRDA:9,803,0,0
BRDA:9,804,0,0
BRDA:9,805,0,4
BRDA:9,806,0,1
BRDA:9,807,0,1
BRDA:9,808,0,0
BRDA:9,809,0,0
BRDA:9,810,0,1
BRDA:9,811,0,0
BRDA:9,812,0,0
BRDA:9,813,0,1
BRDA:9,814,0,0
BRDA:9,815,0,0
BRDA:9,816,0,0
BRDA:9,817,0,68
BRDA:9,818,0,3
BRDA:9,819,0,0
BRDA:9,820,0,0
BRDA:9,821,0,0
BRDA:9,822,0,65
BRDA:9,823,0,0
BRDA:9,824,0,21
BRDA:9,825,0,20
BRDA:9,826,0,18
BRDA:9,827,0,0
BRDA:9,828,0,20
BRDA:9,829,0,0
BRDA:9,830,0,2
BRDA:9,831,0,0
BRDA:9,832,0,0
BRDA:9,833,0,0
BRDA:9,834,0,8
BRDA:9,835,0,0
BRDA:9,836,0,3
BRDA:9,837,0,0
BRDA:9,838,0,0
BRDA:9,839,0,0
BRDA:9,840,0,0
BRDA:9,841,0,0
BRDA:9,842,0,6
BRDA:9,843,0,0
BRDA:9,844,0,0
BRDA:9,845,0,8
BRDA:9,846,0,0
BRDA:9,847,0,0
BRDA:9,848,0,4
BRDA:9,849,0,0
BRDA:9,850,0,0
BRDA:9,851,0,0
BRDA:9,852,0,4
BRDA:9,853,0,3
BRDA:9,854,0,13
BRDA:9,855,0,0
BRDA:9,856,0,0
BRDA:9,857,0,0
BRDA:9,858,0,2
BRDA:9,859,0,0
BRDA:9,860,0,0
BRDA:9,861,0,22
BRDA:9,862,0,0
BRDA:9,863,0,0
BRDA:9,864,0,68
BRDA:9,865,0,0
BRDA:9,866,0,0
BRDA:9,867,0,0
BRDA:9,868,0,6
BRDA:9,869,0,12
BRDA:9,870,0,15
BRDA:9,871,0,0
BRDA:9,872,0,53
BRDA:9,873,0,0
BRDA:9,874,0,0
BRDA:9,875,0,0
BRDA:9,876,0,1
BRDA:9,877,0,13
BRDA:9,878,0,8
BRDA:9,879,0,232
BRDA:9,880,0,40
BRDA:9,881,0,192
BRDA:9,882,0,0
BRDA:9,883,0,0
BRDA:9,884,0,8
BRDA:9,885,0,0
BRDA:9,886,0,8
BRDA:9,887,0,0
BRDA:9,888,0,8
BRDA:9,889,0,0
BRDA:9,890,0,8
BRDA:9,891,0,0
BRDA:9,892,0,8
BRDA:9,893,0,22
BRDA:9,894,0,0
BRDA:9,895,0,2
BRDA:9,896,0,4
BRDA:9,897,0,2
BRDA:9,898,0,4
BRDA:9,899,0,0
BRDA:9,900,0,16
BRDA:9,901,0,22
BRDA:9,902,0,0
BRDA:9,903,0,22
BRDA:9,904,0,22
BRDA:9,905,0,0
BRDA:9,906,0,0
BRDA:9,907,0,1
BRDA:9,908,0,0
BRDA:9,909,0,21
BRDA:9,910,0,0
BRDA:9,911,0,142
BRDA:9,912,0,1
BRDA:9,913,0,3
BRDA:9,914,0,4
BRDA:9,915,0,6
BRDA:9,916,0,8
BRDA:9,917,0,10
BRDA:9,918,0,12
BRDA:9,919,0,14
BRDA:9,920,0,16
BRDA:9,921,0,18
BRDA:9,922,0,20
BRDA:9,923,0,22
BRDA:9,924,0,24
BRDA:9,925,0,26
BRDA:9,926,0,27
BRDA:9,927,0,29
BRDA:9,928,0,31
BRDA:9,929,0,33
BRDA:9,930,0,35
BRDA:9,931,0,37
BRDA:9,932,0,39
BRDA:9,933,0,40
BRDA:9,934,0,41
BRDA:9,935,0,43
BRDA:9,936,0,45
BRDA:9,937,0,47
BRDA:9,938,0,48
BRDA:9,939,0,50
BRDA:9,940,0,51
BRDA:9,941,0,52
BRDA:9,942,0,54
BRDA:9,943,0,56
BRDA:9,944,0,58
BRDA:9,945,0,60
BRDA:9,946,0,61
BRDA:9,947,0,63
BRDA:9,948,0,65
BRDA:9,949,0,67
BRDA:9,950,0,69
BRDA:9,951,0,71
BRDA:9,952,0,2
BRDA:9,953,0,4
BRDA:9,954,0,6
BRDA:9,955,0,8
BRDA:9,956,0,10
BRDA:9,957,0,12
BRDA:9,958,0,14
BRDA:9,959,0,16
BRDA:9,960,0,18
BRDA:9,961,0,20
BRDA:9,962,0,22
BRDA:9,963,0,23
BRDA:9,964,0,24
BRDA:9,965,0,26
BRDA:9,966,0,28
BRDA:9,967,0,0
BRDA:9,968,0,43
BRDA:9,969,0,8
BRDA:9,970,0,0
BRDA:9,971,0,2
BRDA:9,972,0,0
BRDA:9,973,0,1
BRDA:9,974,0,0
BRDA:9,975,0,4
BRDA:9,976,0,4
BRDA:9,977,0,0
BRDA:9,978,0,0
BRDA:9,979,0,0
BRDA:9,980,0,75
BRDA:9,981,0,22
BRDA:9,982,0,0
BRDA:9,983,0,0
BRDA:9,984,0,12
BRDA:9,985,0,6
BRDA:9,986,0,130
BRDA:9,987,0,80
BRDA:9,988,0,1
BRDA:9,989,0,0
BRDA:9,990,0,0
BRDA:9,991,0,81
BRDA:9,992,0,80
BRDA:9,993,0,50
BRDA:9,994,0,142
BRDA:9,995,0,71
BRDA:9,996,0,28
BRDA:9,997,0,43
BRDA:9,998,0,140
BRDA:9,999,0,138
BRDA:9,1000,0,6
BRDA:9,1001,0,80
BRDA:9,1002,0,3
BRDA:9,1003,0,77
BRDA:9,1004,0,62
BRDA:9,1005,0,3
BRDA:9,1006,0,59
BRDA:9,1007,0,22
BRDA:9,1008,0,21
BRDA:9,1009,0,266
BRDA:9,1010,0,0
BRDA:9,1011,0,245
BRDA:9,1012,0,21
BRDA:9,1013,0,0
BRDA:9,1014,0,0
BRDA:9,1015,0,245
BRDA:9,1016,0,22
BRDA:9,1017,0,0
BRDA:9,1018,0,4
BRDA:9,1019,0,6
BRDA:9,1020,0,8
BRDA:9,1021,0,0
BRDA:9,1022,0,4
BRDA:9,1023,0,6
BRDA:9,1024,0,8
BRDA:9,1025,0,8
BRDA:9,1026,0,14
BRDA:9,1027,0,0
BRDA:9,1028,0,8
BRDA:9,1029,0,266
BRDA:9,1030,0,250
BRDA:9,1031,0,56
BRDA:9,1032,0,0
BRDA:9,1033,0,0
BRDA:9,1034,0,0
BRDA:9,1035,0,8
BRDA:9,1036,0,7
BRDA:9,1037,0,7
BRDA:9,1038,0,2
BRDA:9,1039,0,0
BRDA:9,1040,0,6
BRDA:9,1041,0,4
BRDA:9,1042,0,0
BRDA:9,1043,0,0
BRDA:9,1044,0,2
BRDA:9,1045,0,0
BRDA:9,1046,0,0
BRDA:9,1047,0,2
BRDA:9,1048,0,4
BRDA:9,1049,0,3
BRDA:9,1050,0,2
BRDA:9,1051,0,2
BRDA:9,1052,0,2
BRDA:9,1053,0,2
BRDA:9,1054,0,0
BRDA:9,1055,0,2
BRDA:9,1056,0,2
BRDA:9,1057,0,0
BRDA:9,1058,0,0
BRDA:9,1059,0,0
BRDA:9,1060,0,0
BRDA:9,1061,0,0
BRDA:9,1062,0,0
BRDA:9,1063,0,0
BRDA:9,1064,0,0
BRDA:9,1065,0,0
BRDA:9,1066,0,0
BRDA:9,1067,0,0
BRDA:9,1068,0,0
BRDA:9,1069,0,0
BRDA:9,1070,0,0
BRDA:9,1071,0,0
BRDA:9,1072,0,0
BRDA:9,1073,0,0
BRDA:9,1074,0,8
BRDA:9,1075,0,0
BRDA:9,1076,0,8
BRDA:9,1077,0,0
BRDA:9,1078,0,0
BRDA:9,1079,0,4
BRDA:9,1080,0,52
BRDA:9,1081,0,52
BRDA:9,1082,0,4
BRDA:9,1083,0,0
BRDA:9,1084,0,48
BRDA:9,1085,0,12
BRDA:9,1086,0,6
BRDA:9,1087,0,0
BRDA:9,1088,0,6
BRDA:9,1089,0,0
BRDA:9,1090,0,0
BRDA:9,1091,0,42
BRDA:9,1092,0,10
BRDA:9,1093,0,4
BRDA:9,1094,0,0
BRDA:9,1095,0,6
BRDA:9,1096,0,0
BRDA:9,1097,0,0
BRDA:9,1098,0,6
BRDA:9,1099,0,0
BRDA:9,1100,0,6
BRDA:9,1101,0,0
BRDA:9,1102,0,0
BRDA:9,1103,0,20
BRDA:9,1104,0,14
BRDA:9,1105,0,0
BRDA:9,1106,0,16
BRDA:9,1107,0,17
BRDA:9,1108,0,4
BRDA:9,1109,0,6
BRDA:9,1110,0,0
BRDA:9,1111,0,6
BRDA:9,1112,0,60
BRDA:9,1113,0,26
BRDA:9,1114,0,0
BRDA:9,1115,0,5
BRDA:9,1116,0,0
BRDA:9,1117,0,11
BRDA:9,1118,0,16
BRDA:9,1119,0,3
BRDA:9,1120,0,0
BRDA:9,1121,0,0
BRDA:9,1122,0,2
BRDA:9,1123,0,0
BRDA:9,1124,0,2
BRDA:9,1125,0,0
BRDA:9,1126,0,14
BRDA:9,1127,0,0
BRDA:9,1128,0,3
BRDA:9,1129,0,0
BRDA:9,1130,0,14
BRDA:9,1131,0,0
BRDA:9,1132,0,0
BRDA:9,1133,0,8
BRDA:9,1134,0,4
BRDA:9,1135,0,0
BRDA:9,1136,0,1
BRDA:9,1137,0,0
BRDA:9,1138,0,4
BRDA:9,1139,0,1
BRDA:9,1140,0,38
BRDA:9,1141,0,1
BRDA:9,1142,0,2
BRDA:9,1143,0,3
BRDA:9,1144,0,18
BRDA:9,1145,0,10
BRDA:9,1146,0,0
BRDA:9,1147,0,17
BRDA:9,1148,0,2
BRDA:9,1149,0,4
BRDA:9,1150,0,0
BRDA:9,1151,0,6
BRDA:9,1152,0,2
BRDA:9,1153,0,0
BRDA:9,1154,0,2
BRDA:9,1155,0,0
BRDA:9,1156,0,2
BRDA:9,1157,0,0
BRDA:9,1158,0,0
BRDA:9,1159,0,1
BRDA:9,1160,0,0
BRDA:9,1161,0,6
BRDA:9,1162,0,0
BRDA:9,1163,0,2
BRDA:9,1164,0,0
BRDA:9,1165,0,0
BRDA:9,1166,0,4
BRDA:9,1167,0,2
BRDA:9,1168,0,2
BRDA:9,1169,0,0
BRDA:9,1170,0,2
BRDA:9,1171,0,2
BRDA:9,1172,0,1
BRDA:9,1173,0,1
BRDA:9,1174,0,0
BRDA:9,1175,0,1
BRDA:9,1176,0,0
BRDA:9,1177,0,1
BRDA:9,1178,0,0
BRDA:9,1179,0,0
BRDA:9,1180,0,0
BRDA:9,1181,0,0
BRF:1182
BRH:644
end_of_record
TN:
SF:https:/www.guinness.diageo.site/_next/static/chunks/89-920417985e709e09.js
FN:1,9193
FN:1,default
FN:1,f
FN:1,v
FN:1,N
FN:1,C
FN:1,S
FN:1,I
FN:1,H
FN:1,U
FN:1,O
FN:1,8738
FN:1,t.default
FN:1,4245
FN:1,t.Z
FNF:15
FNH:3
FNDA:1,9193
FNDA:0,default
FNDA:0,f
FNDA:0,v
FNDA:0,N
FNDA:0,C
FNDA:0,S
FNDA:0,I
FNDA:0,H
FNDA:0,U
FNDA:0,O
FNDA:1,8738
FNDA:0,t.default
FNDA:1,4245
FNDA:0,t.Z
DA:1,1
LF:1
LH:1
BRDA:1,0,0,1
BRDA:1,1,0,0
BRDA:1,2,0,1
BRDA:1,3,0,1
BRDA:1,4,0,1
BRF:5
BRH:4
end_of_record
TN:
SF:https:/www.guinness.diageo.site/_next/static/chunks/main-app-76887c6f971d06c3.js
FN:1,8380
FN:1,n
FNF:2
FNH:2
FNDA:1,8380
FNDA:2,n
DA:1,1
LF:1
LH:1
BRDA:1,0,0,1
BRDA:1,1,0,0
BRDA:1,2,0,1
BRDA:1,3,0,1
BRDA:1,4,0,2
BRDA:1,5,0,1
BRF:6
BRH:5
end_of_record
TN:
SF:https:/www.guinness.diageo.site/_next/static/chunks/webpack-01a1e7d61bd4ad4c.js
FN:1,b
FN:1,b.O
FN:1,b.n
FN:1,t
FN:1,t
FN:1,n
FN:1,n
FN:1,b.t
FN:1,u.<computed>
FN:1,u.default
FN:1,b.d
FN:1,b.e
FN:1,b.u
FN:1,b.miniCssF
FN:1,b.o
FN:1,b.l
FN:1,d
FN:1,b.r
FN:1,b.nmd
FN:1,b.tt
FN:1,createScriptURL
FN:1,b.tu
FN:1,i
FN:1,a
FN:1,b.f.miniCss
FN:1,b.f.j
FN:1,b.O.j
FN:1,l
FNF:28
FNH:20
FNDA:511,b
FNDA:10,b.O
FNDA:10,b.n
FNDA:3,t
FNDA:0,t
FNDA:11,n
FNDA:0,n
FNDA:20,b.t
FNDA:0,u.<computed>
FNDA:0,u.default
FNDA:66,b.d
FNDA:6,b.e
FNDA:0,b.u
FNDA:0,b.miniCssF
FNDA:407,b.o
FNDA:3,b.l
FNDA:3,d
FNDA:20,b.r
FNDA:1,b.nmd
FNDA:3,b.tt
FNDA:3,createScriptURL
FNDA:3,b.tu
FNDA:0,i
FNDA:0,a
FNDA:6,b.f.miniCss
FNDA:6,b.f.j
FNDA:9,b.O.j
FNDA:6,l
DA:1,1
LF:1
LH:1
BRDA:1,0,0,1
BRDA:1,1,0,1
BRDA:1,2,0,0
BRDA:1,3,0,0
BRDA:1,4,0,511
BRDA:1,5,0,289
BRDA:1,6,0,222
BRDA:1,7,0,0
BRDA:1,8,0,222
BRDA:1,9,0,10
BRDA:1,10,0,2
BRDA:1,11,0,0
BRDA:1,12,0,0
BRDA:1,13,0,8
BRDA:1,14,0,4
BRDA:1,15,0,9
BRDA:1,16,0,7
BRDA:1,17,0,2
BRDA:1,18,0,2
BRDA:1,19,0,8
BRDA:1,20,0,9
BRDA:1,21,0,10
BRDA:1,22,0,6
BRDA:1,23,0,4
BRDA:1,24,0,3
BRDA:1,25,0,11
BRDA:1,26,0,20
BRDA:1,27,0,14
BRDA:1,28,0,8
BRDA:1,29,0,6
BRDA:1,30,0,14
BRDA:1,31,0,1
BRDA:1,32,0,14
BRDA:1,33,0,16
BRDA:1,34,0,8
BRDA:1,35,0,14
BRDA:1,36,0,12
BRDA:1,37,0,66
BRDA:1,38,0,85
BRDA:1,39,0,6
BRDA:1,40,0,12
BRDA:1,41,0,1
BRDA:1,42,0,0
BRDA:1,43,0,0
BRDA:1,44,0,407
BRDA:1,45,0,3
BRDA:1,46,0,0
BRDA:1,47,0,48
BRDA:1,48,0,0
BRDA:1,49,0,0
BRDA:1,50,0,3
BRDA:1,51,0,0
BRDA:1,52,0,3
BRDA:1,53,0,20
BRDA:1,54,0,1
BRDA:1,55,0,3
BRDA:1,56,0,1
BRDA:1,57,0,3
BRDA:1,58,0,3
BRDA:1,59,0,6
BRDA:1,60,0,0
BRDA:1,61,0,5
BRDA:1,62,0,0
BRDA:1,63,0,6
BRDA:1,64,0,3
BRDA:1,65,0,3
BRDA:1,66,0,0
BRDA:1,67,0,0
BRDA:1,68,0,3
BRDA:1,69,0,3
BRDA:1,70,0,0
BRDA:1,71,0,0
BRDA:1,72,0,9
BRDA:1,73,0,6
BRDA:1,74,0,222
BRDA:1,75,0,2
BRDA:1,76,0,5
BRDA:1,77,0,3
BRDA:1,78,0,6
BRF:79
BRH:62
end_of_record
TN:
SF:https:/www.guinness.diageo.site/_next/static/chunks/app/(cms)/%5Blocale%5D/layout-2459bbcf0fd1937d.js
FN:1,2692
FN:1,1522
FN:1,DOMAttributeNames
FN:1,DOMAttributeNames
FN:1,isEqualNode
FN:1,default
FN:1,n
FN:1,l
FN:1,i
FN:1,C
FN:1,7676
FN:1,handleClientScriptLoad
FN:1,handleClientScriptLoad
FN:1,initScriptLoader
FN:1,default
FN:1,u
FN:1,h
FN:1,f
FN:1,x
FN:1,3999
FN:1,l.loadableGenerated.webpack
FN:1,webpack
FN:1,t.default
FN:1,4965
FN:1,default
FN:1,d
FN:1,u
FN:1,f.loadableGenerated.webpack
FN:1,webpack
FN:1,f.loadableGenerated.webpack
FN:1,webpack
FN:1,m
FN:1,p
FN:1,v
FN:1,b
FN:1,y
FN:1,g
FN:1,405
FN:1,7025
FN:1,9561
FN:1,1996
FN:1,9211
FN:1,3742
FN:1,8502
FN:1,8520
FNF:45
FNH:21
FNDA:1,2692
FNDA:1,1522
FNDA:1,DOMAttributeNames
FNDA:1,DOMAttributeNames
FNDA:1,isEqualNode
FNDA:6,default
FNDA:0,n
FNDA:0,l
FNDA:0,i
FNDA:0,C
FNDA:1,7676
FNDA:1,handleClientScriptLoad
FNDA:1,handleClientScriptLoad
FNDA:1,initScriptLoader
FNDA:6,default
FNDA:0,u
FNDA:0,h
FNDA:0,f
FNDA:0,x
FNDA:1,3999
FNDA:0,l.loadableGenerated.webpack
FNDA:0,webpack
FNDA:0,t.default
FNDA:1,4965
FNDA:0,default
FNDA:0,d
FNDA:0,u
FNDA:0,f.loadableGenerated.webpack
FNDA:0,webpack
FNDA:0,f.loadableGenerated.webpack
FNDA:0,webpack
FNDA:0,m
FNDA:0,p
FNDA:0,v
FNDA:0,b
FNDA:0,y
FNDA:0,g
FNDA:1,405
FNDA:1,7025
FNDA:1,9561
FNDA:1,1996
FNDA:1,9211
FNDA:1,3742
FNDA:1,8502
FNDA:1,8520
DA:1,1
LF:1
LH:1
BRDA:1,0,0,1
BRDA:1,1,0,0
BRDA:1,2,0,1
BRDA:1,3,0,1
BRDA:1,4,0,0
BRDA:1,5,0,1
BRDA:1,6,0,3
BRDA:1,7,0,1
BRDA:1,8,0,1
BRDA:1,9,0,6
BRDA:1,10,0,1
BRDA:1,11,0,0
BRDA:1,12,0,1
BRDA:1,13,0,3
BRDA:1,14,0,1
BRDA:1,15,0,1
BRDA:1,16,0,6
BRDA:1,17,0,1
BRDA:1,18,0,1
BRDA:1,19,0,1
BRDA:1,20,0,1
BRDA:1,21,0,1
BRDA:1,22,0,1
BRDA:1,23,0,1
BRDA:1,24,0,1
BRDA:1,25,0,1
BRDA:1,26,0,1
BRDA:1,27,0,1
BRDA:1,28,0,1
BRF:29
BRH:26
end_of_record
